#
# There is insufficient memory for the Java Runtime Environment to continue.
# Native memory allocation (malloc) failed to allocate 1248976 bytes for Chunk::new
# Possible reasons:
#   The system is out of physical RAM or swap space
#   The process is running with CompressedOops enabled, and the Java Heap may be blocking the growth of the native heap
# Possible solutions:
#   Reduce memory load on the system
#   Increase physical memory or swap space
#   Check if swap backing store is full
#   Decrease Java heap size (-Xmx/-Xms)
#   Decrease number of Java threads
#   Decrease Java thread stack sizes (-Xss)
#   Set larger code cache with -XX:ReservedCodeCacheSize=
#   JVM is running with Unscaled Compressed Oops mode in which the Java heap is
#     placed in the first 4GB address space. The Java Heap base address is the
#     maximum limit for the native heap growth. Please use -XX:HeapBaseMinAddress
#     to set the Java Heap base and to place the Java Heap above 4GB virtual address.
# This output file may be truncated or incomplete.
#
#  Out of Memory Error (./src/hotspot/share/memory/arena.cpp:197), pid=5888, tid=16112
#
# JRE version: OpenJDK Runtime Environment (11.0.11+9) (build 11.0.11+9-b60-7590822)
# Java VM: OpenJDK 64-Bit Server VM (11.0.11+9-b60-7590822, mixed mode, tiered, compressed oops, g1 gc, windows-amd64)
# No core dump will be written. Minidumps are not enabled by default on client versions of Windows
#

---------------  S U M M A R Y ------------

Command Line: org.jetbrains.kotlin.cli.jvm.K2JVMCompiler @D:\Kotlin\BT\Tuan2\week2exercise\app\build\20220317_17766250723289459490.compiler.options

Host: Intel(R) Core(TM) i5-7300HQ CPU @ 2.50GHz, 4 cores, 7G,  Windows 10 , 64 bit Build 19041 (10.0.19041.1566)
Time: Thu Mar 17 20:41:45 2022 SE Asia Standard Time elapsed time: 3.293520 seconds (0d 0h 0m 3s)

---------------  T H R E A D  ---------------

Current thread (0x0000022e508ee800):  JavaThread "C2 CompilerThread0" daemon [_thread_in_native, id=16112, stack(0x00000048b7000000,0x00000048b7100000)]


Current CompileTask:
C2:   3293 2610   !   4       java.net.URL::<init> (543 bytes)

Stack: [0x00000048b7000000,0x00000048b7100000]
Native frames: (J=compiled Java code, j=interpreted, Vv=VM code, C=native code)
V  [jvm.dll+0x5f214a]
V  [jvm.dll+0x726fb5]
V  [jvm.dll+0x7285cd]
V  [jvm.dll+0x728c83]
V  [jvm.dll+0x243278]
V  [jvm.dll+0xbc53c]
V  [jvm.dll+0xbca3c]
V  [jvm.dll+0x353e3b]
V  [jvm.dll+0x321893]
V  [jvm.dll+0x320d8a]
V  [jvm.dll+0x1fc1e2]
V  [jvm.dll+0x1fb3d4]
V  [jvm.dll+0x183d6c]
V  [jvm.dll+0x209a57]
V  [jvm.dll+0x2082a1]
V  [jvm.dll+0x6ef58f]
V  [jvm.dll+0x6e80b5]
V  [jvm.dll+0x5f1036]
C  [ucrtbase.dll+0x21bb2]
C  [KERNEL32.DLL+0x17034]
C  [ntdll.dll+0x52651]


---------------  P R O C E S S  ---------------

Threads class SMR info:
_java_thread_list=0x0000022e52c47410, length=10, elements={
0x0000022e36dbc000, 0x0000022e508c4000, 0x0000022e508c8000, 0x0000022e508e0800,
0x0000022e508e2000, 0x0000022e508e5800, 0x0000022e508ee800, 0x0000022e508f4000,
0x0000022e508f7000, 0x0000022e513af800
}

Java Threads: ( => current thread )
  0x0000022e36dbc000 JavaThread "main" [_thread_in_native, id=16052, stack(0x00000048b6400000,0x00000048b6500000)]
  0x0000022e508c4000 JavaThread "Reference Handler" daemon [_thread_blocked, id=11336, stack(0x00000048b6b00000,0x00000048b6c00000)]
  0x0000022e508c8000 JavaThread "Finalizer" daemon [_thread_blocked, id=13212, stack(0x00000048b6c00000,0x00000048b6d00000)]
  0x0000022e508e0800 JavaThread "Signal Dispatcher" daemon [_thread_blocked, id=540, stack(0x00000048b6d00000,0x00000048b6e00000)]
  0x0000022e508e2000 JavaThread "Attach Listener" daemon [_thread_blocked, id=2316, stack(0x00000048b6e00000,0x00000048b6f00000)]
  0x0000022e508e5800 JavaThread "Service Thread" daemon [_thread_blocked, id=13388, stack(0x00000048b6f00000,0x00000048b7000000)]
=>0x0000022e508ee800 JavaThread "C2 CompilerThread0" daemon [_thread_in_native, id=16112, stack(0x00000048b7000000,0x00000048b7100000)]
  0x0000022e508f4000 JavaThread "C1 CompilerThread0" daemon [_thread_blocked, id=14040, stack(0x00000048b7100000,0x00000048b7200000)]
  0x0000022e508f7000 JavaThread "Sweeper thread" daemon [_thread_blocked, id=9156, stack(0x00000048b7200000,0x00000048b7300000)]
  0x0000022e513af800 JavaThread "Common-Cleaner" daemon [_thread_blocked, id=8128, stack(0x00000048b7400000,0x00000048b7500000)]

Other Threads:
  0x0000022e5089c000 VMThread "VM Thread" [stack: 0x00000048b6a00000,0x00000048b6b00000] [id=8164]
  0x0000022e513a9000 WatcherThread [stack: 0x00000048b7300000,0x00000048b7400000] [id=14188]
  0x0000022e36dd4800 GCTaskThread "GC Thread#0" [stack: 0x00000048b6500000,0x00000048b6600000] [id=10836]
  0x0000022e51823000 GCTaskThread "GC Thread#1" [stack: 0x00000048b7600000,0x00000048b7700000] [id=7580]
  0x0000022e519d8800 GCTaskThread "GC Thread#2" [stack: 0x00000048b7700000,0x00000048b7800000] [id=18040]
  0x0000022e36e03800 ConcurrentGCThread "G1 Main Marker" [stack: 0x00000048b6600000,0x00000048b6700000] [id=1780]
  0x0000022e36e05000 ConcurrentGCThread "G1 Conc#0" [stack: 0x00000048b6700000,0x00000048b6800000] [id=7668]
  0x0000022e36e96800 ConcurrentGCThread "G1 Refine#0" [stack: 0x00000048b6800000,0x00000048b6900000] [id=20272]
  0x0000022e36e97800 ConcurrentGCThread "G1 Young RemSet Sampling" [stack: 0x00000048b6900000,0x00000048b6a00000] [id=8720]

Threads with active compile tasks:
C2 CompilerThread0   3329 2610   !   4       java.net.URL::<init> (543 bytes)

VM state:not at safepoint (normal execution)

VM Mutex/Monitor currently owned by a thread: None

Heap address: 0x0000000081c00000, size: 2020 MB, Compressed Oops mode: 32-bit
Narrow klass base: 0x0000000000000000, Narrow klass shift: 3
Compressed class space size: 1073741824 Address: 0x0000000100000000

Heap:
 garbage-first heap   total 131072K, used 40386K [0x0000000081c00000, 0x0000000100000000)
  region size 1024K, 21 young (21504K), 2 survivors (2048K)
 Metaspace       used 38378K, capacity 38846K, committed 38912K, reserved 1083392K
  class space    used 4654K, capacity 4833K, committed 4864K, reserved 1048576K
Heap Regions: E=young(eden), S=young(survivor), O=old, HS=humongous(starts), HC=humongous(continues), CS=collection set, F=free, A=archive, TAMS=top-at-mark-start (previous, next)
|   0|0x0000000081c00000, 0x0000000081d00000, 0x0000000081d00000|100%|HS|  |TAMS 0x0000000081d00000, 0x0000000081c00000| Complete 
|   1|0x0000000081d00000, 0x0000000081e00000, 0x0000000081e00000|100%|HC|  |TAMS 0x0000000081e00000, 0x0000000081d00000| Complete 
|   2|0x0000000081e00000, 0x0000000081f00000, 0x0000000081f00000|100%|HC|  |TAMS 0x0000000081f00000, 0x0000000081e00000| Complete 
|   3|0x0000000081f00000, 0x0000000082000000, 0x0000000082000000|100%| O|  |TAMS 0x0000000082000000, 0x0000000081f00000| Untracked 
|   4|0x0000000082000000, 0x0000000082100000, 0x0000000082100000|100%| O|  |TAMS 0x0000000082100000, 0x0000000082000000| Untracked 
|   5|0x0000000082100000, 0x0000000082200000, 0x0000000082200000|100%|HS|  |TAMS 0x0000000082200000, 0x0000000082100000| Complete 
|   6|0x0000000082200000, 0x0000000082300000, 0x0000000082300000|100%|HC|  |TAMS 0x0000000082300000, 0x0000000082200000| Complete 
|   7|0x0000000082300000, 0x0000000082400000, 0x0000000082400000|100%|HC|  |TAMS 0x0000000082400000, 0x0000000082300000| Complete 
|   8|0x0000000082400000, 0x0000000082500000, 0x0000000082500000|100%|HS|  |TAMS 0x0000000082500000, 0x0000000082400000| Complete 
|   9|0x0000000082500000, 0x0000000082600000, 0x0000000082600000|100%|HC|  |TAMS 0x0000000082600000, 0x0000000082500000| Complete 
|  10|0x0000000082600000, 0x0000000082700000, 0x0000000082700000|100%| O|  |TAMS 0x0000000082700000, 0x0000000082600000| Untracked 
|  11|0x0000000082700000, 0x0000000082800000, 0x0000000082800000|100%| O|  |TAMS 0x0000000082800000, 0x0000000082700000| Untracked 
|  12|0x0000000082800000, 0x0000000082900000, 0x0000000082900000|100%| O|  |TAMS 0x0000000082900000, 0x0000000082800000| Untracked 
|  13|0x0000000082900000, 0x0000000082a00000, 0x0000000082a00000|100%| O|  |TAMS 0x0000000082a00000, 0x0000000082900000| Untracked 
|  14|0x0000000082a00000, 0x0000000082b00000, 0x0000000082b00000|100%| O|  |TAMS 0x0000000082b00000, 0x0000000082a00000| Untracked 
|  15|0x0000000082b00000, 0x0000000082c00000, 0x0000000082c00000|100%| O|  |TAMS 0x0000000082c00000, 0x0000000082b00000| Untracked 
|  16|0x0000000082c00000, 0x0000000082d00000, 0x0000000082d00000|100%| O|  |TAMS 0x0000000082d00000, 0x0000000082c00000| Untracked 
|  17|0x0000000082d00000, 0x0000000082e00000, 0x0000000082e00000|100%| O|  |TAMS 0x0000000082e00000, 0x0000000082d00000| Untracked 
|  18|0x0000000082e00000, 0x0000000082f00000, 0x0000000082f00000|100%| O|  |TAMS 0x0000000082f00000, 0x0000000082e00000| Untracked 
|  19|0x0000000082f00000, 0x0000000082fbde00, 0x0000000083000000| 74%| O|  |TAMS 0x0000000082fbde00, 0x0000000082f00000| Untracked 
|  20|0x0000000083000000, 0x0000000083000000, 0x0000000083100000|  0%| F|  |TAMS 0x0000000083000000, 0x0000000083000000| Untracked 
|  21|0x0000000083100000, 0x0000000083100000, 0x0000000083200000|  0%| F|  |TAMS 0x0000000083100000, 0x0000000083100000| Untracked 
|  22|0x0000000083200000, 0x0000000083200000, 0x0000000083300000|  0%| F|  |TAMS 0x0000000083200000, 0x0000000083200000| Untracked 
|  23|0x0000000083300000, 0x0000000083300000, 0x0000000083400000|  0%| F|  |TAMS 0x0000000083300000, 0x0000000083300000| Untracked 
|  24|0x0000000083400000, 0x0000000083400000, 0x0000000083500000|  0%| F|  |TAMS 0x0000000083400000, 0x0000000083400000| Untracked 
|  25|0x0000000083500000, 0x0000000083500000, 0x0000000083600000|  0%| F|  |TAMS 0x0000000083500000, 0x0000000083500000| Untracked 
|  26|0x0000000083600000, 0x0000000083600000, 0x0000000083700000|  0%| F|  |TAMS 0x0000000083600000, 0x0000000083600000| Untracked 
|  27|0x0000000083700000, 0x0000000083700000, 0x0000000083800000|  0%| F|  |TAMS 0x0000000083700000, 0x0000000083700000| Untracked 
|  28|0x0000000083800000, 0x0000000083800000, 0x0000000083900000|  0%| F|  |TAMS 0x0000000083800000, 0x0000000083800000| Untracked 
|  29|0x0000000083900000, 0x0000000083900000, 0x0000000083a00000|  0%| F|  |TAMS 0x0000000083900000, 0x0000000083900000| Untracked 
|  30|0x0000000083a00000, 0x0000000083a00000, 0x0000000083b00000|  0%| F|  |TAMS 0x0000000083a00000, 0x0000000083a00000| Untracked 
|  31|0x0000000083b00000, 0x0000000083b00000, 0x0000000083c00000|  0%| F|  |TAMS 0x0000000083b00000, 0x0000000083b00000| Untracked 
|  32|0x0000000083c00000, 0x0000000083c00000, 0x0000000083d00000|  0%| F|  |TAMS 0x0000000083c00000, 0x0000000083c00000| Untracked 
|  33|0x0000000083d00000, 0x0000000083d00000, 0x0000000083e00000|  0%| F|  |TAMS 0x0000000083d00000, 0x0000000083d00000| Untracked 
|  34|0x0000000083e00000, 0x0000000083e00000, 0x0000000083f00000|  0%| F|  |TAMS 0x0000000083e00000, 0x0000000083e00000| Untracked 
|  35|0x0000000083f00000, 0x0000000083f00000, 0x0000000084000000|  0%| F|  |TAMS 0x0000000083f00000, 0x0000000083f00000| Untracked 
|  36|0x0000000084000000, 0x0000000084000000, 0x0000000084100000|  0%| F|  |TAMS 0x0000000084000000, 0x0000000084000000| Untracked 
|  37|0x0000000084100000, 0x0000000084100000, 0x0000000084200000|  0%| F|  |TAMS 0x0000000084100000, 0x0000000084100000| Untracked 
|  38|0x0000000084200000, 0x0000000084200000, 0x0000000084300000|  0%| F|  |TAMS 0x0000000084200000, 0x0000000084200000| Untracked 
|  39|0x0000000084300000, 0x0000000084300000, 0x0000000084400000|  0%| F|  |TAMS 0x0000000084300000, 0x0000000084300000| Untracked 
|  40|0x0000000084400000, 0x0000000084400000, 0x0000000084500000|  0%| F|  |TAMS 0x0000000084400000, 0x0000000084400000| Untracked 
|  41|0x0000000084500000, 0x0000000084500000, 0x0000000084600000|  0%| F|  |TAMS 0x0000000084500000, 0x0000000084500000| Untracked 
|  42|0x0000000084600000, 0x0000000084600000, 0x0000000084700000|  0%| F|  |TAMS 0x0000000084600000, 0x0000000084600000| Untracked 
|  43|0x0000000084700000, 0x0000000084700000, 0x0000000084800000|  0%| F|  |TAMS 0x0000000084700000, 0x0000000084700000| Untracked 
|  44|0x0000000084800000, 0x0000000084800000, 0x0000000084900000|  0%| F|  |TAMS 0x0000000084800000, 0x0000000084800000| Untracked 
|  45|0x0000000084900000, 0x0000000084900000, 0x0000000084a00000|  0%| F|  |TAMS 0x0000000084900000, 0x0000000084900000| Untracked 
|  46|0x0000000084a00000, 0x0000000084a00000, 0x0000000084b00000|  0%| F|  |TAMS 0x0000000084a00000, 0x0000000084a00000| Untracked 
|  47|0x0000000084b00000, 0x0000000084b00000, 0x0000000084c00000|  0%| F|  |TAMS 0x0000000084b00000, 0x0000000084b00000| Untracked 
|  48|0x0000000084c00000, 0x0000000084c00000, 0x0000000084d00000|  0%| F|  |TAMS 0x0000000084c00000, 0x0000000084c00000| Untracked 
|  49|0x0000000084d00000, 0x0000000084d00000, 0x0000000084e00000|  0%| F|  |TAMS 0x0000000084d00000, 0x0000000084d00000| Untracked 
|  50|0x0000000084e00000, 0x0000000084e00000, 0x0000000084f00000|  0%| F|  |TAMS 0x0000000084e00000, 0x0000000084e00000| Untracked 
|  51|0x0000000084f00000, 0x0000000084f00000, 0x0000000085000000|  0%| F|  |TAMS 0x0000000084f00000, 0x0000000084f00000| Untracked 
|  52|0x0000000085000000, 0x0000000085000000, 0x0000000085100000|  0%| F|  |TAMS 0x0000000085000000, 0x0000000085000000| Untracked 
|  53|0x0000000085100000, 0x0000000085100000, 0x0000000085200000|  0%| F|  |TAMS 0x0000000085100000, 0x0000000085100000| Untracked 
|  54|0x0000000085200000, 0x0000000085200000, 0x0000000085300000|  0%| F|  |TAMS 0x0000000085200000, 0x0000000085200000| Untracked 
|  55|0x0000000085300000, 0x0000000085300000, 0x0000000085400000|  0%| F|  |TAMS 0x0000000085300000, 0x0000000085300000| Untracked 
|  56|0x0000000085400000, 0x0000000085400000, 0x0000000085500000|  0%| F|  |TAMS 0x0000000085400000, 0x0000000085400000| Untracked 
|  57|0x0000000085500000, 0x0000000085500000, 0x0000000085600000|  0%| F|  |TAMS 0x0000000085500000, 0x0000000085500000| Untracked 
|  58|0x0000000085600000, 0x0000000085600000, 0x0000000085700000|  0%| F|  |TAMS 0x0000000085600000, 0x0000000085600000| Untracked 
|  59|0x0000000085700000, 0x0000000085700000, 0x0000000085800000|  0%| F|  |TAMS 0x0000000085700000, 0x0000000085700000| Untracked 
|  60|0x0000000085800000, 0x0000000085800000, 0x0000000085900000|  0%| F|  |TAMS 0x0000000085800000, 0x0000000085800000| Untracked 
|  61|0x0000000085900000, 0x0000000085900000, 0x0000000085a00000|  0%| F|  |TAMS 0x0000000085900000, 0x0000000085900000| Untracked 
|  62|0x0000000085a00000, 0x0000000085a00000, 0x0000000085b00000|  0%| F|  |TAMS 0x0000000085a00000, 0x0000000085a00000| Untracked 
|  63|0x0000000085b00000, 0x0000000085b00000, 0x0000000085c00000|  0%| F|  |TAMS 0x0000000085b00000, 0x0000000085b00000| Untracked 
|  64|0x0000000085c00000, 0x0000000085c00000, 0x0000000085d00000|  0%| F|  |TAMS 0x0000000085c00000, 0x0000000085c00000| Untracked 
|  65|0x0000000085d00000, 0x0000000085d00000, 0x0000000085e00000|  0%| F|  |TAMS 0x0000000085d00000, 0x0000000085d00000| Untracked 
|  66|0x0000000085e00000, 0x0000000085e00000, 0x0000000085f00000|  0%| F|  |TAMS 0x0000000085e00000, 0x0000000085e00000| Untracked 
|  67|0x0000000085f00000, 0x0000000085f00000, 0x0000000086000000|  0%| F|  |TAMS 0x0000000085f00000, 0x0000000085f00000| Untracked 
|  68|0x0000000086000000, 0x0000000086000000, 0x0000000086100000|  0%| F|  |TAMS 0x0000000086000000, 0x0000000086000000| Untracked 
|  69|0x0000000086100000, 0x0000000086100000, 0x0000000086200000|  0%| F|  |TAMS 0x0000000086100000, 0x0000000086100000| Untracked 
|  70|0x0000000086200000, 0x0000000086200000, 0x0000000086300000|  0%| F|  |TAMS 0x0000000086200000, 0x0000000086200000| Untracked 
|  71|0x0000000086300000, 0x0000000086300000, 0x0000000086400000|  0%| F|  |TAMS 0x0000000086300000, 0x0000000086300000| Untracked 
|  72|0x0000000086400000, 0x0000000086400000, 0x0000000086500000|  0%| F|  |TAMS 0x0000000086400000, 0x0000000086400000| Untracked 
|  73|0x0000000086500000, 0x0000000086500000, 0x0000000086600000|  0%| F|  |TAMS 0x0000000086500000, 0x0000000086500000| Untracked 
|  74|0x0000000086600000, 0x0000000086600000, 0x0000000086700000|  0%| F|  |TAMS 0x0000000086600000, 0x0000000086600000| Untracked 
|  75|0x0000000086700000, 0x0000000086700000, 0x0000000086800000|  0%| F|  |TAMS 0x0000000086700000, 0x0000000086700000| Untracked 
|  76|0x0000000086800000, 0x0000000086800000, 0x0000000086900000|  0%| F|  |TAMS 0x0000000086800000, 0x0000000086800000| Untracked 
|  77|0x0000000086900000, 0x0000000086900000, 0x0000000086a00000|  0%| F|  |TAMS 0x0000000086900000, 0x0000000086900000| Untracked 
|  78|0x0000000086a00000, 0x0000000086a00000, 0x0000000086b00000|  0%| F|  |TAMS 0x0000000086a00000, 0x0000000086a00000| Untracked 
|  79|0x0000000086b00000, 0x0000000086b00000, 0x0000000086c00000|  0%| F|  |TAMS 0x0000000086b00000, 0x0000000086b00000| Untracked 
|  80|0x0000000086c00000, 0x0000000086c00000, 0x0000000086d00000|  0%| F|  |TAMS 0x0000000086c00000, 0x0000000086c00000| Untracked 
|  81|0x0000000086d00000, 0x0000000086d00000, 0x0000000086e00000|  0%| F|  |TAMS 0x0000000086d00000, 0x0000000086d00000| Untracked 
|  82|0x0000000086e00000, 0x0000000086e00000, 0x0000000086f00000|  0%| F|  |TAMS 0x0000000086e00000, 0x0000000086e00000| Untracked 
|  83|0x0000000086f00000, 0x0000000086f00000, 0x0000000087000000|  0%| F|  |TAMS 0x0000000086f00000, 0x0000000086f00000| Untracked 
|  84|0x0000000087000000, 0x0000000087000000, 0x0000000087100000|  0%| F|  |TAMS 0x0000000087000000, 0x0000000087000000| Untracked 
|  85|0x0000000087100000, 0x0000000087100000, 0x0000000087200000|  0%| F|  |TAMS 0x0000000087100000, 0x0000000087100000| Untracked 
|  86|0x0000000087200000, 0x0000000087200000, 0x0000000087300000|  0%| F|  |TAMS 0x0000000087200000, 0x0000000087200000| Untracked 
|  87|0x0000000087300000, 0x0000000087300000, 0x0000000087400000|  0%| F|  |TAMS 0x0000000087300000, 0x0000000087300000| Untracked 
|  88|0x0000000087400000, 0x0000000087400000, 0x0000000087500000|  0%| F|  |TAMS 0x0000000087400000, 0x0000000087400000| Untracked 
|  89|0x0000000087500000, 0x0000000087500000, 0x0000000087600000|  0%| F|  |TAMS 0x0000000087500000, 0x0000000087500000| Untracked 
|  90|0x0000000087600000, 0x0000000087600000, 0x0000000087700000|  0%| F|  |TAMS 0x0000000087600000, 0x0000000087600000| Untracked 
|  91|0x0000000087700000, 0x0000000087700000, 0x0000000087800000|  0%| F|  |TAMS 0x0000000087700000, 0x0000000087700000| Untracked 
|  92|0x0000000087800000, 0x0000000087800000, 0x0000000087900000|  0%| F|  |TAMS 0x0000000087800000, 0x0000000087800000| Untracked 
|  93|0x0000000087900000, 0x0000000087900000, 0x0000000087a00000|  0%| F|  |TAMS 0x0000000087900000, 0x0000000087900000| Untracked 
|  94|0x0000000087a00000, 0x0000000087a00000, 0x0000000087b00000|  0%| F|  |TAMS 0x0000000087a00000, 0x0000000087a00000| Untracked 
|  95|0x0000000087b00000, 0x0000000087b00000, 0x0000000087c00000|  0%| F|  |TAMS 0x0000000087b00000, 0x0000000087b00000| Untracked 
|  96|0x0000000087c00000, 0x0000000087c00000, 0x0000000087d00000|  0%| F|  |TAMS 0x0000000087c00000, 0x0000000087c00000| Untracked 
|  97|0x0000000087d00000, 0x0000000087d00000, 0x0000000087e00000|  0%| F|  |TAMS 0x0000000087d00000, 0x0000000087d00000| Untracked 
|  98|0x0000000087e00000, 0x0000000087e00000, 0x0000000087f00000|  0%| F|  |TAMS 0x0000000087e00000, 0x0000000087e00000| Untracked 
|  99|0x0000000087f00000, 0x0000000087f00000, 0x0000000088000000|  0%| F|  |TAMS 0x0000000087f00000, 0x0000000087f00000| Untracked 
| 100|0x0000000088000000, 0x0000000088000000, 0x0000000088100000|  0%| F|  |TAMS 0x0000000088000000, 0x0000000088000000| Untracked 
| 101|0x0000000088100000, 0x0000000088100000, 0x0000000088200000|  0%| F|  |TAMS 0x0000000088100000, 0x0000000088100000| Untracked 
| 102|0x0000000088200000, 0x0000000088200000, 0x0000000088300000|  0%| F|  |TAMS 0x0000000088200000, 0x0000000088200000| Untracked 
| 103|0x0000000088300000, 0x0000000088300000, 0x0000000088400000|  0%| F|  |TAMS 0x0000000088300000, 0x0000000088300000| Untracked 
| 104|0x0000000088400000, 0x0000000088400000, 0x0000000088500000|  0%| F|  |TAMS 0x0000000088400000, 0x0000000088400000| Untracked 
| 105|0x0000000088500000, 0x0000000088500000, 0x0000000088600000|  0%| F|  |TAMS 0x0000000088500000, 0x0000000088500000| Untracked 
| 106|0x0000000088600000, 0x0000000088600000, 0x0000000088700000|  0%| F|  |TAMS 0x0000000088600000, 0x0000000088600000| Untracked 
| 107|0x0000000088700000, 0x000000008878b5c8, 0x0000000088800000| 54%| E|  |TAMS 0x0000000088700000, 0x0000000088700000| Complete 
| 108|0x0000000088800000, 0x0000000088900000, 0x0000000088900000|100%| E|CS|TAMS 0x0000000088800000, 0x0000000088800000| Complete 
| 109|0x0000000088900000, 0x0000000088a00000, 0x0000000088a00000|100%| E|CS|TAMS 0x0000000088900000, 0x0000000088900000| Complete 
| 110|0x0000000088a00000, 0x0000000088b00000, 0x0000000088b00000|100%| E|CS|TAMS 0x0000000088a00000, 0x0000000088a00000| Complete 
| 111|0x0000000088b00000, 0x0000000088c00000, 0x0000000088c00000|100%| E|CS|TAMS 0x0000000088b00000, 0x0000000088b00000| Complete 
| 112|0x0000000088c00000, 0x0000000088d00000, 0x0000000088d00000|100%| E|CS|TAMS 0x0000000088c00000, 0x0000000088c00000| Complete 
| 113|0x0000000088d00000, 0x0000000088db2dd0, 0x0000000088e00000| 69%| S|CS|TAMS 0x0000000088d00000, 0x0000000088d00000| Complete 
| 114|0x0000000088e00000, 0x0000000088f00000, 0x0000000088f00000|100%| S|CS|TAMS 0x0000000088e00000, 0x0000000088e00000| Complete 
| 115|0x0000000088f00000, 0x0000000089000000, 0x0000000089000000|100%| E|CS|TAMS 0x0000000088f00000, 0x0000000088f00000| Complete 
| 116|0x0000000089000000, 0x0000000089100000, 0x0000000089100000|100%| E|CS|TAMS 0x0000000089000000, 0x0000000089000000| Complete 
| 117|0x0000000089100000, 0x0000000089200000, 0x0000000089200000|100%| E|CS|TAMS 0x0000000089100000, 0x0000000089100000| Complete 
| 118|0x0000000089200000, 0x0000000089300000, 0x0000000089300000|100%| E|CS|TAMS 0x0000000089200000, 0x0000000089200000| Complete 
| 119|0x0000000089300000, 0x0000000089400000, 0x0000000089400000|100%| E|CS|TAMS 0x0000000089300000, 0x0000000089300000| Complete 
| 120|0x0000000089400000, 0x0000000089500000, 0x0000000089500000|100%| E|CS|TAMS 0x0000000089400000, 0x0000000089400000| Complete 
| 121|0x0000000089500000, 0x0000000089600000, 0x0000000089600000|100%| E|CS|TAMS 0x0000000089500000, 0x0000000089500000| Complete 
| 122|0x0000000089600000, 0x0000000089700000, 0x0000000089700000|100%| E|CS|TAMS 0x0000000089600000, 0x0000000089600000| Complete 
| 123|0x0000000089700000, 0x0000000089800000, 0x0000000089800000|100%| E|CS|TAMS 0x0000000089700000, 0x0000000089700000| Complete 
| 124|0x0000000089800000, 0x0000000089900000, 0x0000000089900000|100%| E|CS|TAMS 0x0000000089800000, 0x0000000089800000| Complete 
| 125|0x0000000089900000, 0x0000000089a00000, 0x0000000089a00000|100%| E|CS|TAMS 0x0000000089900000, 0x0000000089900000| Complete 
| 126|0x0000000089a00000, 0x0000000089b00000, 0x0000000089b00000|100%| E|CS|TAMS 0x0000000089a00000, 0x0000000089a00000| Complete 
| 127|0x0000000089b00000, 0x0000000089c00000, 0x0000000089c00000|100%| E|CS|TAMS 0x0000000089b00000, 0x0000000089b00000| Complete 

Card table byte_map: [0x0000022e49cc0000,0x0000022e4a0c0000] _byte_map_base: 0x0000022e498b2000

Marking Bits (Prev, Next): (CMBitMap*) 0x0000022e36dfad78, (CMBitMap*) 0x0000022e36dfadb0
 Prev Bits: [0x0000022e4a4c0000, 0x0000022e4c450000)
 Next Bits: [0x0000022e4c450000, 0x0000022e4e3e0000)

Polling page: 0x0000022e34d30000

Metaspace:

Usage:
  Non-class:     33.28 MB capacity,    32.96 MB (>99%) used,   265.47 KB ( <1%) free+waste,    55.69 KB ( <1%) overhead. 
      Class:      4.72 MB capacity,     4.55 MB ( 96%) used,   151.43 KB (  3%) free+waste,    25.50 KB ( <1%) overhead. 
       Both:     38.00 MB capacity,    37.51 MB ( 99%) used,   416.90 KB (  1%) free+waste,    81.19 KB ( <1%) overhead. 

Virtual space:
  Non-class space:       34.00 MB reserved,      33.50 MB ( 99%) committed 
      Class space:        1.00 GB reserved,       4.75 MB ( <1%) committed 
             Both:        1.03 GB reserved,      38.25 MB (  4%) committed 

Chunk freelists:
   Non-Class:  35.00 KB
       Class:  31.00 KB
        Both:  66.00 KB

MaxMetaspaceSize: 17179869184.00 GB
CompressedClassSpaceSize: 1.00 GB

CodeHeap 'non-profiled nmethods': size=120064Kb used=968Kb max_used=968Kb free=119095Kb
 bounds [0x0000022e42380000, 0x0000022e425f0000, 0x0000022e498c0000]
CodeHeap 'profiled nmethods': size=120000Kb used=5046Kb max_used=5046Kb free=114953Kb
 bounds [0x0000022e3ae50000, 0x0000022e3b340000, 0x0000022e42380000]
CodeHeap 'non-nmethods': size=5696Kb used=1177Kb max_used=1220Kb free=4518Kb
 bounds [0x0000022e3a8c0000, 0x0000022e3ab30000, 0x0000022e3ae50000]
 total_blobs=3144 nmethods=2620 adapters=435
 compilation: enabled
              stopped_count=0, restarted_count=0
 full_count=0

Compilation events (20 events):
Event: 3.174 Thread 0x0000022e508f4000 2613       3       java.lang.Class$AnnotationData::<init> (20 bytes)
Event: 3.174 Thread 0x0000022e508f4000 nmethod 2613 0x0000022e3b32f510 code [0x0000022e3b32f6c0, 0x0000022e3b32f8d8]
Event: 3.180 Thread 0x0000022e508f4000 2614       3       java.lang.Class::createAnnotationData (195 bytes)
Event: 3.181 Thread 0x0000022e508f4000 nmethod 2614 0x0000022e3b32f990 code [0x0000022e3b32fd20, 0x0000022e3b331238]
Event: 3.181 Thread 0x0000022e508f4000 2615   !   3       com.sun.proxy.$Proxy1::annotationType (29 bytes)
Event: 3.181 Thread 0x0000022e508f4000 nmethod 2615 0x0000022e3b331990 code [0x0000022e3b331b80, 0x0000022e3b331f58]
Event: 3.182 Thread 0x0000022e508f4000 2616       3       kotlin.collections.CollectionsKt___CollectionsKt::single (78 bytes)
Event: 3.182 Thread 0x0000022e508f4000 nmethod 2616 0x0000022e3b332110 code [0x0000022e3b3323e0, 0x0000022e3b3330e8]
Event: 3.187 Thread 0x0000022e508f4000 2617       3       kotlin.sequences.GeneratorSequence::<init> (27 bytes)
Event: 3.188 Thread 0x0000022e508f4000 nmethod 2617 0x0000022e3b333490 code [0x0000022e3b333740, 0x0000022e3b334278]
Event: 3.190 Thread 0x0000022e508ee800 nmethod 2607 0x0000022e4246fd10 code [0x0000022e4246ff60, 0x0000022e42471060]
Event: 3.190 Thread 0x0000022e508ee800 2610   !   4       java.net.URL::<init> (543 bytes)
Event: 3.202 Thread 0x0000022e508f4000 2618       1       java.lang.reflect.Constructor::getSignature (5 bytes)
Event: 3.202 Thread 0x0000022e508f4000 nmethod 2618 0x0000022e42471b90 code [0x0000022e42471d40, 0x0000022e42471df8]
Event: 3.208 Thread 0x0000022e508f4000 2619       3       org.jetbrains.kotlin.container.CacheKt::getInfo (14 bytes)
Event: 3.208 Thread 0x0000022e508f4000 nmethod 2619 0x0000022e3b334690 code [0x0000022e3b3348c0, 0x0000022e3b334e48]
Event: 3.208 Thread 0x0000022e508f4000 2620       3       org.jetbrains.kotlin.container.ClassTraversalCache::getClassInfo (43 bytes)
Event: 3.209 Thread 0x0000022e508f4000 nmethod 2620 0x0000022e3b335090 code [0x0000022e3b335340, 0x0000022e3b335dc8]
Event: 3.274 Thread 0x0000022e508f4000 2622       3       com.sun.proxy.$Proxy1::<init> (6 bytes)
Event: 3.275 Thread 0x0000022e508f4000 nmethod 2622 0x0000022e3b336190 code [0x0000022e3b336360, 0x0000022e3b3366e8]

GC Heap History (8 events):
Event: 0.412 GC heap before
{Heap before GC invocations=0 (full 0):
 garbage-first heap   total 131072K, used 17408K [0x0000000081c00000, 0x0000000100000000)
  region size 1024K, 14 young (14336K), 0 survivors (0K)
 Metaspace       used 9801K, capacity 9938K, committed 10112K, reserved 1058816K
  class space    used 840K, capacity 885K, committed 896K, reserved 1048576K
}
Event: 0.415 GC heap after
{Heap after GC invocations=1 (full 0):
 garbage-first heap   total 131072K, used 5192K [0x0000000081c00000, 0x0000000100000000)
  region size 1024K, 2 young (2048K), 2 survivors (2048K)
 Metaspace       used 9801K, capacity 9938K, committed 10112K, reserved 1058816K
  class space    used 840K, capacity 885K, committed 896K, reserved 1048576K
}
Event: 1.381 GC heap before
{Heap before GC invocations=1 (full 0):
 garbage-first heap   total 131072K, used 49224K [0x0000000081c00000, 0x0000000100000000)
  region size 1024K, 46 young (47104K), 2 survivors (2048K)
 Metaspace       used 20787K, capacity 20990K, committed 21248K, reserved 1069056K
  class space    used 2197K, capacity 2280K, committed 2304K, reserved 1048576K
}
Event: 1.393 GC heap after
{Heap after GC invocations=2 (full 0):
 garbage-first heap   total 131072K, used 9029K [0x0000000081c00000, 0x0000000100000000)
  region size 1024K, 6 young (6144K), 6 survivors (6144K)
 Metaspace       used 20787K, capacity 20990K, committed 21248K, reserved 1069056K
  class space    used 2197K, capacity 2280K, committed 2304K, reserved 1048576K
}
Event: 2.502 GC heap before
{Heap before GC invocations=3 (full 0):
 garbage-first heap   total 131072K, used 62277K [0x0000000081c00000, 0x0000000100000000)
  region size 1024K, 53 young (54272K), 6 survivors (6144K)
 Metaspace       used 32396K, capacity 32820K, committed 32896K, reserved 1077248K
  class space    used 4051K, capacity 4214K, committed 4224K, reserved 1048576K
}
Event: 2.516 GC heap after
{Heap after GC invocations=4 (full 0):
 garbage-first heap   total 131072K, used 20162K [0x0000000081c00000, 0x0000000100000000)
  region size 1024K, 6 young (6144K), 6 survivors (6144K)
 Metaspace       used 32396K, capacity 32820K, committed 32896K, reserved 1077248K
  class space    used 4051K, capacity 4214K, committed 4224K, reserved 1048576K
}
Event: 2.830 GC heap before
{Heap before GC invocations=4 (full 0):
 garbage-first heap   total 131072K, used 32450K [0x0000000081c00000, 0x0000000100000000)
  region size 1024K, 19 young (19456K), 6 survivors (6144K)
 Metaspace       used 35035K, capacity 35424K, committed 35584K, reserved 1081344K
  class space    used 4343K, capacity 4506K, committed 4608K, reserved 1048576K
}
Event: 2.843 GC heap after
{Heap after GC invocations=5 (full 0):
 garbage-first heap   total 131072K, used 21954K [0x0000000081c00000, 0x0000000100000000)
  region size 1024K, 2 young (2048K), 2 survivors (2048K)
 Metaspace       used 35035K, capacity 35424K, committed 35584K, reserved 1081344K
  class space    used 4343K, capacity 4506K, committed 4608K, reserved 1048576K
}

Deoptimization events (20 events):
Event: 2.695 Thread 0x0000022e36dbc000 Uncommon trap: trap_request=0xffffffde fr.pc=0x0000022e42445594 relative=0x00000000000000d4
Event: 2.695 Thread 0x0000022e36dbc000 Uncommon trap: reason=class_check action=maybe_recompile pc=0x0000022e42445594 method=java.util.AbstractList$Itr.next()Ljava/lang/Object; @ 14 c2
Event: 2.695 Thread 0x0000022e36dbc000 DEOPT PACKING pc=0x0000022e42445594 sp=0x00000048b64fdce0
Event: 2.695 Thread 0x0000022e36dbc000 DEOPT UNPACKING pc=0x0000022e3a8e662f sp=0x00000048b64fdc78 mode 2
Event: 2.696 Thread 0x0000022e36dbc000 Uncommon trap: trap_request=0xffffffde fr.pc=0x0000022e42457b2c relative=0x00000000000004ac
Event: 2.696 Thread 0x0000022e36dbc000 Uncommon trap: reason=class_check action=maybe_recompile pc=0x0000022e42457b2c method=org.jetbrains.kotlin.protobuf.CodedInputStream.tryRefillBuffer(I)Z @ 177 c2
Event: 2.696 Thread 0x0000022e36dbc000 DEOPT PACKING pc=0x0000022e42457b2c sp=0x00000048b64fd970
Event: 2.696 Thread 0x0000022e36dbc000 DEOPT UNPACKING pc=0x0000022e3a8e662f sp=0x00000048b64fd858 mode 2
Event: 2.697 Thread 0x0000022e36dbc000 Uncommon trap: trap_request=0xffffffde fr.pc=0x0000022e42457b2c relative=0x00000000000004ac
Event: 2.697 Thread 0x0000022e36dbc000 Uncommon trap: reason=class_check action=maybe_recompile pc=0x0000022e42457b2c method=org.jetbrains.kotlin.protobuf.CodedInputStream.tryRefillBuffer(I)Z @ 177 c2
Event: 2.697 Thread 0x0000022e36dbc000 DEOPT PACKING pc=0x0000022e42457b2c sp=0x00000048b64fd970
Event: 2.697 Thread 0x0000022e36dbc000 DEOPT UNPACKING pc=0x0000022e3a8e662f sp=0x00000048b64fd858 mode 2
Event: 2.917 Thread 0x0000022e36dbc000 Uncommon trap: trap_request=0xffffff4d fr.pc=0x0000022e423ab8ec relative=0x000000000000068c
Event: 2.917 Thread 0x0000022e36dbc000 Uncommon trap: reason=unstable_if action=reinterpret pc=0x0000022e423ab8ec method=java.util.concurrent.ConcurrentHashMap.get(Ljava/lang/Object;)Ljava/lang/Object; @ 76 c2
Event: 2.917 Thread 0x0000022e36dbc000 DEOPT PACKING pc=0x0000022e423ab8ec sp=0x00000048b64f9ed0
Event: 2.917 Thread 0x0000022e36dbc000 DEOPT UNPACKING pc=0x0000022e3a8e662f sp=0x00000048b64f9e58 mode 2
Event: 3.182 Thread 0x0000022e36dbc000 Uncommon trap: trap_request=0xffffff4d fr.pc=0x0000022e4245eb60 relative=0x0000000000000180
Event: 3.182 Thread 0x0000022e36dbc000 Uncommon trap: reason=unstable_if action=reinterpret pc=0x0000022e4245eb60 method=org.jetbrains.kotlin.com.intellij.util.SmartList.get(I)Ljava/lang/Object; @ 13 c2
Event: 3.182 Thread 0x0000022e36dbc000 DEOPT PACKING pc=0x0000022e4245eb60 sp=0x00000048b64fdca0
Event: 3.182 Thread 0x0000022e36dbc000 DEOPT UNPACKING pc=0x0000022e3a8e662f sp=0x00000048b64fdbc0 mode 2

Classes redefined (0 events):
No events

Internal exceptions (20 events):
Event: 1.364 Thread 0x0000022e36dbc000 Exception <a 'java/lang/NoSuchMethodError'{0x0000000086f742b0}: 'long java.lang.invoke.DirectMethodHandle$Holder.invokeStaticInit(java.lang.Object)'> (0x0000000086f742b0) thrown at [./src/hotspot/share/interpreter/linkResolver.cpp, line 773]
Event: 1.436 Thread 0x0000022e36dbc000 Exception <a 'java/lang/NoSuchMethodError'{0x0000000089801290}: 'int java.lang.invoke.DirectMethodHandle$Holder.invokeStaticInit(java.lang.Object, java.lang.Object, java.lang.Object)'> (0x0000000089801290) thrown at [./src/hotspot/share/interpreter/linkResolver.cpp, line 773]
Event: 1.441 Thread 0x0000022e36dbc000 Exception <a 'java/lang/NoSuchMethodError'{0x000000008982ca70}: 'int java.lang.invoke.DirectMethodHandle$Holder.invokeStaticInit(java.lang.Object, java.lang.Object)'> (0x000000008982ca70) thrown at [./src/hotspot/share/interpreter/linkResolver.cpp, line 773]
Event: 1.490 Thread 0x0000022e36dbc000 Exception <a 'java/lang/NoSuchMethodError'{0x000000008963e860}: 'void java.lang.invoke.DirectMethodHandle$Holder.invokeSpecial(java.lang.Object, java.lang.Object)'> (0x000000008963e860) thrown at [./src/hotspot/share/interpreter/linkResolver.cpp, line 773]
Event: 1.665 Thread 0x0000022e36dbc000 Exception <a 'java/lang/NoSuchMethodError'{0x0000000088e63150}: 'java.lang.Object java.lang.invoke.DirectMethodHandle$Holder.invokeStatic(java.lang.Object, java.lang.Object, java.lang.Object, java.lang.Object, java.lang.Object, java.lang.Object, java.lang.Object, java.lang.Object, java.lang.Object, java.lang.Object, java.lang.Object, java.lang.Object, java.lang.Object, java.lang.Object, java.lang.Object)'> (0x0000000088e63150) thrown at [./src/hotspot/share/interpreter/linkResolver.cpp, line 773]
Event: 1.666 Thread 0x0000022e36dbc000 Exception <a 'java/lang/NoSuchMethodError'{0x0000000088e71158}: 'java.lang.Object java.lang.invoke.DirectMethodHandle$Holder.invokeStatic(java.lang.Object, java.lang.Object, java.lang.Object, java.lang.Object, java.lang.Object, java.lang.Object, java.lang.Object, java.lang.Object, java.lang.Object, java.lang.Object, java.lang.Object, java.lang.Object, java.lang.Object, java.lang.Object, java.lang.Object, java.lang.Object)'> (0x0000000088e71158) thrown at [./src/hotspot/share/interpreter/linkResolver.cpp, l
Event: 1.667 Thread 0x0000022e36dbc000 Exception <a 'java/lang/NoSuchMethodError'{0x0000000088e7f070}: 'java.lang.Object java.lang.invoke.DirectMethodHandle$Holder.invokeSpecial(java.lang.Object, java.lang.Object, int, int, java.lang.Object, java.lang.Object, java.lang.Object)'> (0x0000000088e7f070) thrown at [./src/hotspot/share/interpreter/linkResolver.cpp, line 773]
Event: 1.667 Thread 0x0000022e36dbc000 Exception <a 'java/lang/NoSuchMethodError'{0x0000000088e82b08}: 'java.lang.Object java.lang.invoke.DelegatingMethodHandle$Holder.reinvoke_L(java.lang.Object, int, int, java.lang.Object, java.lang.Object, java.lang.Object)'> (0x0000000088e82b08) thrown at [./src/hotspot/share/interpreter/linkResolver.cpp, line 773]
Event: 1.668 Thread 0x0000022e36dbc000 Exception <a 'java/lang/NoSuchMethodError'{0x0000000088e86e90}: 'java.lang.Object java.lang.invoke.DirectMethodHandle$Holder.invokeStatic(java.lang.Object, java.lang.Object, java.lang.Object, java.lang.Object, int)'> (0x0000000088e86e90) thrown at [./src/hotspot/share/interpreter/linkResolver.cpp, line 773]
Event: 1.714 Thread 0x0000022e36dbc000 Exception <a 'sun/nio/fs/WindowsException'{0x0000000088dc6008}> (0x0000000088dc6008) thrown at [./src/hotspot/share/prims/jni.cpp, line 615]
Event: 1.715 Thread 0x0000022e36dbc000 Exception <a 'sun/nio/fs/WindowsException'{0x0000000088dc6880}> (0x0000000088dc6880) thrown at [./src/hotspot/share/prims/jni.cpp, line 615]
Event: 1.715 Thread 0x0000022e36dbc000 Exception <a 'sun/nio/fs/WindowsException'{0x0000000088dc7108}> (0x0000000088dc7108) thrown at [./src/hotspot/share/prims/jni.cpp, line 615]
Event: 1.715 Thread 0x0000022e36dbc000 Exception <a 'sun/nio/fs/WindowsException'{0x0000000088dc7b00}> (0x0000000088dc7b00) thrown at [./src/hotspot/share/prims/jni.cpp, line 615]
Event: 1.715 Thread 0x0000022e36dbc000 Exception <a 'sun/nio/fs/WindowsException'{0x0000000088dc8408}> (0x0000000088dc8408) thrown at [./src/hotspot/share/prims/jni.cpp, line 615]
Event: 1.715 Thread 0x0000022e36dbc000 Exception <a 'sun/nio/fs/WindowsException'{0x0000000088dc8d40}> (0x0000000088dc8d40) thrown at [./src/hotspot/share/prims/jni.cpp, line 615]
Event: 1.717 Thread 0x0000022e36dbc000 Exception <a 'java/lang/NoSuchMethodError'{0x0000000088dcf550}: 'void java.lang.invoke.DirectMethodHandle$Holder.invokeStatic(java.lang.Object, java.lang.Object, java.lang.Object, java.lang.Object)'> (0x0000000088dcf550) thrown at [./src/hotspot/share/interpreter/linkResolver.cpp, line 773]
Event: 1.791 Thread 0x0000022e36dbc000 Exception <a 'java/lang/NoSuchMethodError'{0x00000000889ad4d8}: 'void java.lang.invoke.DirectMethodHandle$Holder.invokeStaticInit(java.lang.Object, java.lang.Object)'> (0x00000000889ad4d8) thrown at [./src/hotspot/share/interpreter/linkResolver.cpp, line 773]
Event: 1.948 Thread 0x0000022e36dbc000 Exception <a 'java/lang/NoSuchMethodError'{0x00000000885cd558}: 'void java.lang.invoke.DirectMethodHandle$Holder.invokeVirtual(java.lang.Object, java.lang.Object)'> (0x00000000885cd558) thrown at [./src/hotspot/share/interpreter/linkResolver.cpp, line 773]
Event: 1.958 Thread 0x0000022e36dbc000 Exception <a 'java/lang/NoSuchMethodError'{0x000000008843ff08}: 'int java.lang.invoke.DirectMethodHandle$Holder.invokeVirtual(java.lang.Object, java.lang.Object)'> (0x000000008843ff08) thrown at [./src/hotspot/share/interpreter/linkResolver.cpp, line 773]
Event: 2.678 Thread 0x0000022e36dbc000 Exception <a 'java/lang/NoSuchMethodError'{0x000000008933ad98}: 'java.lang.Object java.lang.invoke.DirectMethodHandle$Holder.invokeVirtual(java.lang.Object, java.lang.Object, java.lang.Object)'> (0x000000008933ad98) thrown at [./src/hotspot/share/interpreter/linkResolver.cpp, line 773]

Events (20 events):
Event: 3.278 loading class org/jetbrains/kotlin/resolve/calls/results/ResolutionStatus
Event: 3.278 loading class org/jetbrains/kotlin/resolve/calls/results/ResolutionStatus done
Event: 3.279 loading class org/jetbrains/kotlin/types/FunctionPlaceholders
Event: 3.279 loading class org/jetbrains/kotlin/types/FunctionPlaceholders done
Event: 3.280 loading class org/jetbrains/kotlin/resolve/constants/CompileTimeConstant
Event: 3.280 loading class org/jetbrains/kotlin/resolve/constants/CompileTimeConstant done
Event: 3.282 loading class org/jetbrains/kotlin/types/expressions/DoubleColonLHS
Event: 3.282 loading class org/jetbrains/kotlin/types/expressions/DoubleColonLHS done
Event: 3.282 loading class org/jetbrains/kotlin/types/expressions/DoubleColonLHS$Type
Event: 3.282 loading class org/jetbrains/kotlin/types/expressions/DoubleColonLHS$Type done
Event: 3.282 loading class org/jetbrains/kotlin/types/expressions/DoubleColonLHS$Expression
Event: 3.282 loading class org/jetbrains/kotlin/types/expressions/DoubleColonLHS$Expression done
Event: 3.283 loading class org/jetbrains/kotlin/types/expressions/DoubleColonExpressionResolver$ResolutionResultsAndTraceCommitCallback
Event: 3.283 loading class org/jetbrains/kotlin/types/expressions/DoubleColonExpressionResolver$ResolutionResultsAndTraceCommitCallback done
Event: 3.287 loading class org/jetbrains/kotlin/types/expressions/DataFlowAnalyzer$1
Event: 3.287 loading class org/jetbrains/kotlin/types/expressions/DataFlowAnalyzer$1 done
Event: 3.287 loading class org/jetbrains/kotlin/psi/KtVisitorVoid
Event: 3.287 loading class org/jetbrains/kotlin/psi/KtVisitorVoid done
Event: 3.291 loading class org/jetbrains/kotlin/com/intellij/openapi/util/Ref
Event: 3.291 loading class org/jetbrains/kotlin/com/intellij/openapi/util/Ref done


Dynamic libraries:
0x00007ff7e4240000 - 0x00007ff7e424a000 	C:\Program Files\Android\Android Studio\jre\bin\java.exe
0x00007ff9ac970000 - 0x00007ff9acb65000 	C:\WINDOWS\SYSTEM32\ntdll.dll
0x00007ff9aaf50000 - 0x00007ff9ab00e000 	C:\WINDOWS\System32\KERNEL32.DLL
0x00007ff9aa280000 - 0x00007ff9aa548000 	C:\WINDOWS\System32\KERNELBASE.dll
0x00007ff9aa700000 - 0x00007ff9aa800000 	C:\WINDOWS\System32\ucrtbase.dll
0x00007ff9a4fd0000 - 0x00007ff9a4fe9000 	C:\Program Files\Android\Android Studio\jre\bin\jli.dll
0x00007ff9820d0000 - 0x00007ff9820e7000 	C:\Program Files\Android\Android Studio\jre\bin\VCRUNTIME140.dll
0x00007ff9aab60000 - 0x00007ff9aad00000 	C:\WINDOWS\System32\USER32.dll
0x00007ff9aa110000 - 0x00007ff9aa132000 	C:\WINDOWS\System32\win32u.dll
0x00007ff99ab40000 - 0x00007ff99adda000 	C:\WINDOWS\WinSxS\amd64_microsoft.windows.common-controls_6595b64144ccf1df_6.0.19041.1110_none_60b5254171f9507e\COMCTL32.dll
0x00007ff9ab170000 - 0x00007ff9ab19b000 	C:\WINDOWS\System32\GDI32.dll
0x00007ff9aa550000 - 0x00007ff9aa65b000 	C:\WINDOWS\System32\gdi32full.dll
0x00007ff9ab270000 - 0x00007ff9ab30e000 	C:\WINDOWS\System32\msvcrt.dll
0x00007ff9aa660000 - 0x00007ff9aa6fd000 	C:\WINDOWS\System32\msvcp_win.dll
0x00007ff9abe60000 - 0x00007ff9abe90000 	C:\WINDOWS\System32\IMM32.DLL
0x00007ff96e260000 - 0x00007ff96e2fd000 	C:\Program Files\Android\Android Studio\jre\bin\msvcp140.dll
0x00007ff956ae0000 - 0x00007ff9575b5000 	C:\Program Files\Android\Android Studio\jre\bin\server\jvm.dll
0x00007ff9ab0c0000 - 0x00007ff9ab16e000 	C:\WINDOWS\System32\ADVAPI32.dll
0x00007ff9ac010000 - 0x00007ff9ac0ac000 	C:\WINDOWS\System32\sechost.dll
0x00007ff9aad00000 - 0x00007ff9aae25000 	C:\WINDOWS\System32\RPCRT4.dll
0x00007ff9ab680000 - 0x00007ff9ab688000 	C:\WINDOWS\System32\PSAPI.DLL
0x00007ff99b820000 - 0x00007ff99b847000 	C:\WINDOWS\SYSTEM32\WINMM.dll
0x00007ff9a51f0000 - 0x00007ff9a51fa000 	C:\WINDOWS\SYSTEM32\VERSION.dll
0x00007ff99a6e0000 - 0x00007ff99a6e9000 	C:\WINDOWS\SYSTEM32\WSOCK32.dll
0x00007ff9abe90000 - 0x00007ff9abefb000 	C:\WINDOWS\System32\WS2_32.dll
0x00007ff9a7f60000 - 0x00007ff9a7f72000 	C:\WINDOWS\SYSTEM32\kernel.appcore.dll
0x00007ff9a37c0000 - 0x00007ff9a37d1000 	C:\Program Files\Android\Android Studio\jre\bin\verify.dll
0x00007ff9a0d10000 - 0x00007ff9a0ef4000 	C:\WINDOWS\SYSTEM32\DBGHELP.DLL
0x00007ff9a0cb0000 - 0x00007ff9a0cdc000 	C:\WINDOWS\SYSTEM32\dbgcore.DLL
0x00007ff9aa1f0000 - 0x00007ff9aa272000 	C:\WINDOWS\System32\bcryptPrimitives.dll
0x00007ff99bd70000 - 0x00007ff99bd99000 	C:\Program Files\Android\Android Studio\jre\bin\java.dll
0x00007ff9a59c0000 - 0x00007ff9a59cb000 	C:\Program Files\Android\Android Studio\jre\bin\jimage.dll
0x00007ff99fe20000 - 0x00007ff99fe38000 	C:\Program Files\Android\Android Studio\jre\bin\zip.dll
0x00007ff9ab710000 - 0x00007ff9abe54000 	C:\WINDOWS\System32\SHELL32.dll
0x00007ff9a8160000 - 0x00007ff9a88f4000 	C:\WINDOWS\SYSTEM32\windows.storage.dll
0x00007ff9ab320000 - 0x00007ff9ab674000 	C:\WINDOWS\System32\combase.dll
0x00007ff9a9a10000 - 0x00007ff9a9a3c000 	C:\WINDOWS\SYSTEM32\Wldp.dll
0x00007ff9ab010000 - 0x00007ff9ab0bd000 	C:\WINDOWS\System32\SHCORE.dll
0x00007ff9abfb0000 - 0x00007ff9ac005000 	C:\WINDOWS\System32\shlwapi.dll
0x00007ff9a9fd0000 - 0x00007ff9a9fef000 	C:\WINDOWS\SYSTEM32\profapi.dll
0x00007ff99bd50000 - 0x00007ff99bd6a000 	C:\Program Files\Android\Android Studio\jre\bin\net.dll
0x00007ff9a3cd0000 - 0x00007ff9a3dd9000 	C:\WINDOWS\SYSTEM32\WINHTTP.dll
0x00007ff9a97f0000 - 0x00007ff9a985a000 	C:\WINDOWS\system32\mswsock.dll
0x00007ff99bce0000 - 0x00007ff99bcf4000 	C:\Program Files\Android\Android Studio\jre\bin\nio.dll

dbghelp: loaded successfully - version: 4.0.5 - missing functions: none
symbol engine: initialized successfully - sym options: 0x614 - pdb path: .;C:\Program Files\Android\Android Studio\jre\bin;C:\WINDOWS\SYSTEM32;C:\WINDOWS\WinSxS\amd64_microsoft.windows.common-controls_6595b64144ccf1df_6.0.19041.1110_none_60b5254171f9507e;C:\Program Files\Android\Android Studio\jre\bin\server

VM Arguments:
java_command: org.jetbrains.kotlin.cli.jvm.K2JVMCompiler @D:\Kotlin\BT\Tuan2\week2exercise\app\build\20220317_17766250723289459490.compiler.options
java_class_path (initial): C:\Users\Thinh\.gradle\caches\modules-2\files-2.1\org.jetbrains.kotlin\kotlin-compiler-embeddable\1.6.10\88f2073f4020cdb83132cfe940ceb9a60aba54ea\kotlin-compiler-embeddable-1.6.10.jar;C:\Users\Thinh\.gradle\caches\modules-2\files-2.1\org.jetbrains.kotlin\kotlin-reflect\1.6.10\1cbe9c92c12a94eea200d23c2bbaedaf3daf5132\kotlin-reflect-1.6.10.jar;C:\Users\Thinh\.gradle\caches\modules-2\files-2.1\org.jetbrains.kotlin\kotlin-stdlib\1.6.10\b8af3fe6f1ca88526914929add63cf5e7c5049af\kotlin-stdlib-1.6.10.jar;C:\Users\Thinh\.gradle\caches\modules-2\files-2.1\org.jetbrains.kotlin\kotlin-script-runtime\1.6.10\d0a7ff2e2500ef497ed0214ae40ad3c8387a6164\kotlin-script-runtime-1.6.10.jar;C:\Users\Thinh\.gradle\caches\modules-2\files-2.1\org.jetbrains.kotlin\kotlin-daemon-embeddable\1.6.10\a56d79bcbea411fa6058e4ecffc2de73e742bd2a\kotlin-daemon-embeddable-1.6.10.jar;C:\Users\Thinh\.gradle\caches\modules-2\files-2.1\org.jetbrains.intellij.deps\trove4j\1.0.20181211\216c2e14b070f334479d800987affe4054cd563f\trove4j-1.0.20181211.jar;C:\Users\Thinh\.gradle\caches\modules-2\files-2.1\net.java.dev.jna\jna\5.6.0\330f2244e9030119ab3030fc3fededc86713d9cc\jna-5.6.0.jar;C:\Users\Thinh\.gradle\caches\modules-2\files-2.1\org.jetbrains\annotations\13.0\919f0dfe192fb4e063e7dacadee7f8bb9a2672a9\annotations-13.0.jar;C:\Users\Thinh\.gradle\caches\modules-2\files-2.1\org.jetbrains.kotlin\kotlin-stdlib-common\1.6.10\c118700e3a33c8a0d9adc920e9dec0831171925\kotlin-stdlib-common-1.6.10.jar
Launcher Type: SUN_STANDARD

[Global flags]
     intx CICompilerCount                          = 3                                         {product} {ergonomic}
     uint ConcGCThreads                            = 1                                         {product} {ergonomic}
     uint G1ConcRefinementThreads                  = 4                                         {product} {ergonomic}
   size_t G1HeapRegionSize                         = 1048576                                   {product} {ergonomic}
    uintx GCDrainStackTargetSize                   = 64                                        {product} {ergonomic}
   size_t InitialHeapSize                          = 134217728                                 {product} {ergonomic}
   size_t MarkStackSize                            = 4194304                                   {product} {ergonomic}
   size_t MaxHeapSize                              = 2118123520                                {product} {ergonomic}
   size_t MaxNewSize                               = 1270874112                                {product} {ergonomic}
   size_t MinHeapDeltaBytes                        = 1048576                                   {product} {ergonomic}
    uintx NonNMethodCodeHeapSize                   = 5830732                                {pd product} {ergonomic}
    uintx NonProfiledCodeHeapSize                  = 122913754                              {pd product} {ergonomic}
    uintx ProfiledCodeHeapSize                     = 122913754                              {pd product} {ergonomic}
    uintx ReservedCodeCacheSize                    = 251658240                              {pd product} {ergonomic}
     bool SegmentedCodeCache                       = true                                      {product} {ergonomic}
     bool UseCompressedClassPointers               = true                                 {lp64_product} {ergonomic}
     bool UseCompressedOops                        = true                                 {lp64_product} {ergonomic}
     bool UseG1GC                                  = true                                      {product} {ergonomic}
     bool UseLargePagesIndividualAllocation        = false                                  {pd product} {ergonomic}

Logging:
Log output configuration:
 #0: stdout all=warning uptime,level,tags
 #1: stderr all=off uptime,level,tags

Environment Variables:
JAVA_HOME=C:\Users\Thinh\Desktop\DoAn\jdk-17_windows-x64_bin\jdk-17
PATH=C:\Program Files\Common Files\Oracle\Java\javapath;D:\DATA\Program\WINDOWS.X64_193000_db_home\bin;C:\WINDOWS\system32;C:\WINDOWS;C:\WINDOWS\System32\Wbem;C:\WINDOWS\System32\WindowsPowerShell\v1.0\;C:\WINDOWS\System32\OpenSSH\;C:\Program Files\Git\cmd;C:\Program Files (x86)\NVIDIA Corporation\PhysX\Common;C:\Program Files\NVIDIA Corporation\NVIDIA NvDLISR;C:\Program Files\MySQL\MySQL Shell 8.0\bin\;D:\DATA\Program\WINDOWS.X64_193000_db_home\bin;C:\WINDOWS\system32;C:\WINDOWS;C:\WINDOWS\System32\Wbem;C:\WINDOWS\System32\WindowsPowerShell\v1.0\;C:\WINDOWS\System32\OpenSSH\;C:\Users\Thinh\AppData\Local\Programs\Python\Python39\Scripts\;C:\Users\Thinh\AppData\Local\Programs\Python\Python39\;C:\Users\Thinh\AppData\Local\Microsoft\WindowsApps;C:\Python37\Scripts;C:\Program Files\Multipass\bin;C:\modeltech64_2020.4\win64;C:\Users\Thinh\Desktop\DoAn\jdk-17_windows-x64_bin\jdk-17\bin;C:\Users\Thinh\Desktop\DoAn\apache-maven-3.8.3-bin\apache-maven-3.8.3\bin;C:\Users\Thinh\AppData\Local\Programs\Microsoft VS Code\bin;C:\Program Files\heroku\bin
USERNAME=Thinh
OS=Windows_NT
PROCESSOR_IDENTIFIER=Intel64 Family 6 Model 158 Stepping 9, GenuineIntel



---------------  S Y S T E M  ---------------

OS: Windows 10 , 64 bit Build 19041 (10.0.19041.1566)
OS uptime: 5 days 1:00 hours
Hyper-V role detected

CPU:total 4 (initial active 4) (4 cores per cpu, 1 threads per core) family 6 model 158 stepping 9 microcode 0xb4, cmov, cx8, fxsr, mmx, sse, sse2, sse3, ssse3, sse4.1, sse4.2, popcnt, avx, avx2, aes, clmul, erms, 3dnowpref, lzcnt, tsc, tscinvbit, bmi1, bmi2, adx, fma

Memory: 4k page, system-wide physical 8075M (426M free)
TotalPageFile size 16075M (AvailPageFile size 3M)
current process WorkingSet (physical memory assigned to process): 203M, peak: 203M
current process commit charge ("private bytes"): 283M, peak: 283M

vm_info: OpenJDK 64-Bit Server VM (11.0.11+9-b60-7590822) for windows-amd64 JRE (11.0.11+9-b60-7590822), built on Jul 29 2021 21:43:44 by "builder" with MS VC++ 14.0 (VS2015)

END.
