#
# There is insufficient memory for the Java Runtime Environment to continue.
# Native memory allocation (malloc) failed to allocate 32744 bytes for ChunkPool::allocate
# Possible reasons:
#   The system is out of physical RAM or swap space
#   The process is running with CompressedOops enabled, and the Java Heap may be blocking the growth of the native heap
# Possible solutions:
#   Reduce memory load on the system
#   Increase physical memory or swap space
#   Check if swap backing store is full
#   Decrease Java heap size (-Xmx/-Xms)
#   Decrease number of Java threads
#   Decrease Java thread stack sizes (-Xss)
#   Set larger code cache with -XX:ReservedCodeCacheSize=
#   JVM is running with Unscaled Compressed Oops mode in which the Java heap is
#     placed in the first 4GB address space. The Java Heap base address is the
#     maximum limit for the native heap growth. Please use -XX:HeapBaseMinAddress
#     to set the Java Heap base and to place the Java Heap above 4GB virtual address.
# This output file may be truncated or incomplete.
#
#  Out of Memory Error (./src/hotspot/share/memory/arena.cpp:81), pid=13568, tid=9228
#
# JRE version: OpenJDK Runtime Environment (11.0.11+9) (build 11.0.11+9-b60-7590822)
# Java VM: OpenJDK 64-Bit Server VM (11.0.11+9-b60-7590822, mixed mode, tiered, compressed oops, g1 gc, windows-amd64)
# No core dump will be written. Minidumps are not enabled by default on client versions of Windows
#

---------------  S U M M A R Y ------------

Command Line: org.jetbrains.kotlin.cli.jvm.K2JVMCompiler @D:\Kotlin\BT\Tuan2\week2exercise\app\build\20220318_7135063435329144499.compiler.options

Host: Intel(R) Core(TM) i5-7300HQ CPU @ 2.50GHz, 4 cores, 7G,  Windows 10 , 64 bit Build 19041 (10.0.19041.1566)
Time: Fri Mar 18 09:29:27 2022 SE Asia Standard Time elapsed time: 2.477099 seconds (0d 0h 0m 2s)

---------------  T H R E A D  ---------------

Current thread (0x000002a86a308800):  JavaThread "C2 CompilerThread0" daemon [_thread_in_native, id=9228, stack(0x000000fe4f900000,0x000000fe4fa00000)]


Current CompileTask:
C2:   2477 2044   !   4       java.util.zip.ZipFile$ZipFileInputStream::close (59 bytes)

Stack: [0x000000fe4f900000,0x000000fe4fa00000]
Native frames: (J=compiled Java code, j=interpreted, Vv=VM code, C=native code)
V  [jvm.dll+0x5f214a]
V  [jvm.dll+0x726fb5]
V  [jvm.dll+0x7285cd]
V  [jvm.dll+0x728c83]
V  [jvm.dll+0x243278]
V  [jvm.dll+0xbc78b]
V  [jvm.dll+0xbca3c]
V  [jvm.dll+0x2aa8d4]
V  [jvm.dll+0x6f9e56]
V  [jvm.dll+0x1fb728]
V  [jvm.dll+0x1fad8f]
V  [jvm.dll+0x183d6c]
V  [jvm.dll+0x209a57]
V  [jvm.dll+0x2082a1]
V  [jvm.dll+0x6ef58f]
V  [jvm.dll+0x6e80b5]
V  [jvm.dll+0x5f1036]
C  [ucrtbase.dll+0x21bb2]
C  [KERNEL32.DLL+0x17034]
C  [ntdll.dll+0x52651]


---------------  P R O C E S S  ---------------

Threads class SMR info:
_java_thread_list=0x000002a86c160c90, length=11, elements={
0x000002a8507be800, 0x000002a86a2e1800, 0x000002a86a2e5000, 0x000002a86a2fe800,
0x000002a86a302000, 0x000002a86a303800, 0x000002a86a308800, 0x000002a86a30e800,
0x000002a86a310800, 0x000002a86adb7000, 0x000002a86b81e800
}

Java Threads: ( => current thread )
  0x000002a8507be800 JavaThread "main" [_thread_in_vm, id=8504, stack(0x000000fe4ed00000,0x000000fe4ee00000)]
  0x000002a86a2e1800 JavaThread "Reference Handler" daemon [_thread_blocked, id=13212, stack(0x000000fe4f400000,0x000000fe4f500000)]
  0x000002a86a2e5000 JavaThread "Finalizer" daemon [_thread_blocked, id=8528, stack(0x000000fe4f500000,0x000000fe4f600000)]
  0x000002a86a2fe800 JavaThread "Signal Dispatcher" daemon [_thread_blocked, id=4876, stack(0x000000fe4f600000,0x000000fe4f700000)]
  0x000002a86a302000 JavaThread "Attach Listener" daemon [_thread_blocked, id=15656, stack(0x000000fe4f700000,0x000000fe4f800000)]
  0x000002a86a303800 JavaThread "Service Thread" daemon [_thread_blocked, id=5568, stack(0x000000fe4f800000,0x000000fe4f900000)]
=>0x000002a86a308800 JavaThread "C2 CompilerThread0" daemon [_thread_in_native, id=9228, stack(0x000000fe4f900000,0x000000fe4fa00000)]
  0x000002a86a30e800 JavaThread "C1 CompilerThread0" daemon [_thread_blocked, id=14560, stack(0x000000fe4fa00000,0x000000fe4fb00000)]
  0x000002a86a310800 JavaThread "Sweeper thread" daemon [_thread_blocked, id=14436, stack(0x000000fe4fb00000,0x000000fe4fc00000)]
  0x000002a86adb7000 JavaThread "Common-Cleaner" daemon [_thread_blocked, id=15696, stack(0x000000fe4fd00000,0x000000fe4fe00000)]
  0x000002a86b81e800 JavaThread "C2 CompilerThread1" daemon [_thread_in_native, id=8916, stack(0x000000fe4fe00000,0x000000fe4ff00000)]

Other Threads:
  0x000002a86a2d4000 VMThread "VM Thread" [stack: 0x000000fe4f300000,0x000000fe4f400000] [id=16604]
  0x000002a86adad800 WatcherThread [stack: 0x000000fe4fc00000,0x000000fe4fd00000] [id=19828]
  0x000002a8507d7000 GCTaskThread "GC Thread#0" [stack: 0x000000fe4ee00000,0x000000fe4ef00000] [id=12360]
  0x000002a86b1b7800 GCTaskThread "GC Thread#1" [stack: 0x000000fe4ff00000,0x000000fe50000000] [id=16876]
  0x000002a86b1b8000 GCTaskThread "GC Thread#2" [stack: 0x000000fe50000000,0x000000fe50100000] [id=17920]
  0x000002a850806000 ConcurrentGCThread "G1 Main Marker" [stack: 0x000000fe4ef00000,0x000000fe4f000000] [id=19956]
  0x000002a850807000 ConcurrentGCThread "G1 Conc#0" [stack: 0x000000fe4f000000,0x000000fe4f100000] [id=4732]
  0x000002a85089a800 ConcurrentGCThread "G1 Refine#0" [stack: 0x000000fe4f100000,0x000000fe4f200000] [id=13136]
  0x000002a85089b800 ConcurrentGCThread "G1 Young RemSet Sampling" [stack: 0x000000fe4f200000,0x000000fe4f300000] [id=1860]

Threads with active compile tasks:
C2 CompilerThread0   2496 2044   !   4       java.util.zip.ZipFile$ZipFileInputStream::close (59 bytes)
C2 CompilerThread1   2496 1991   !   4       jdk.internal.loader.BuiltinClassLoader::loadClassOrNull (143 bytes)

VM state:not at safepoint (normal execution)

VM Mutex/Monitor currently owned by a thread: None

Heap address: 0x0000000081c00000, size: 2020 MB, Compressed Oops mode: 32-bit
Narrow klass base: 0x0000000000000000, Narrow klass shift: 3
Compressed class space size: 1073741824 Address: 0x0000000100000000

Heap:
 garbage-first heap   total 131072K, used 40991K [0x0000000081c00000, 0x0000000100000000)
  region size 1024K, 35 young (35840K), 6 survivors (6144K)
 Metaspace       used 29807K, capacity 30207K, committed 30464K, reserved 1075200K
  class space    used 3554K, capacity 3727K, committed 3840K, reserved 1048576K
Heap Regions: E=young(eden), S=young(survivor), O=old, HS=humongous(starts), HC=humongous(continues), CS=collection set, F=free, A=archive, TAMS=top-at-mark-start (previous, next)
|   0|0x0000000081c00000, 0x0000000081d00000, 0x0000000081d00000|100%|HS|  |TAMS 0x0000000081d00000, 0x0000000081c00000| Complete 
|   1|0x0000000081d00000, 0x0000000081e00000, 0x0000000081e00000|100%|HC|  |TAMS 0x0000000081e00000, 0x0000000081d00000| Complete 
|   2|0x0000000081e00000, 0x0000000081f00000, 0x0000000081f00000|100%|HC|  |TAMS 0x0000000081f00000, 0x0000000081e00000| Complete 
|   3|0x0000000081f00000, 0x0000000081f00000, 0x0000000082000000|  0%| F|  |TAMS 0x0000000081f00000, 0x0000000081f00000| Untracked 
|   4|0x0000000082000000, 0x000000008203fc00, 0x0000000082100000| 24%| O|  |TAMS 0x000000008203fc00, 0x0000000082000000| Untracked 
|   5|0x0000000082100000, 0x0000000082200000, 0x0000000082200000|100%|HS|  |TAMS 0x0000000082100000, 0x0000000082100000| Complete 
|   6|0x0000000082200000, 0x0000000082300000, 0x0000000082300000|100%|HC|  |TAMS 0x0000000082200000, 0x0000000082200000| Complete 
|   7|0x0000000082300000, 0x0000000082400000, 0x0000000082400000|100%|HC|  |TAMS 0x0000000082300000, 0x0000000082300000| Complete 
|   8|0x0000000082400000, 0x0000000082400000, 0x0000000082500000|  0%| F|  |TAMS 0x0000000082400000, 0x0000000082400000| Untracked 
|   9|0x0000000082500000, 0x0000000082500000, 0x0000000082600000|  0%| F|  |TAMS 0x0000000082500000, 0x0000000082500000| Untracked 
|  10|0x0000000082600000, 0x0000000082600000, 0x0000000082700000|  0%| F|  |TAMS 0x0000000082600000, 0x0000000082600000| Untracked 
|  11|0x0000000082700000, 0x0000000082700000, 0x0000000082800000|  0%| F|  |TAMS 0x0000000082700000, 0x0000000082700000| Untracked 
|  12|0x0000000082800000, 0x0000000082800000, 0x0000000082900000|  0%| F|  |TAMS 0x0000000082800000, 0x0000000082800000| Untracked 
|  13|0x0000000082900000, 0x0000000082900000, 0x0000000082a00000|  0%| F|  |TAMS 0x0000000082900000, 0x0000000082900000| Untracked 
|  14|0x0000000082a00000, 0x0000000082a00000, 0x0000000082b00000|  0%| F|  |TAMS 0x0000000082a00000, 0x0000000082a00000| Untracked 
|  15|0x0000000082b00000, 0x0000000082b00000, 0x0000000082c00000|  0%| F|  |TAMS 0x0000000082b00000, 0x0000000082b00000| Untracked 
|  16|0x0000000082c00000, 0x0000000082c00000, 0x0000000082d00000|  0%| F|  |TAMS 0x0000000082c00000, 0x0000000082c00000| Untracked 
|  17|0x0000000082d00000, 0x0000000082d00000, 0x0000000082e00000|  0%| F|  |TAMS 0x0000000082d00000, 0x0000000082d00000| Untracked 
|  18|0x0000000082e00000, 0x0000000082e00000, 0x0000000082f00000|  0%| F|  |TAMS 0x0000000082e00000, 0x0000000082e00000| Untracked 
|  19|0x0000000082f00000, 0x0000000082f00000, 0x0000000083000000|  0%| F|  |TAMS 0x0000000082f00000, 0x0000000082f00000| Untracked 
|  20|0x0000000083000000, 0x0000000083000000, 0x0000000083100000|  0%| F|  |TAMS 0x0000000083000000, 0x0000000083000000| Untracked 
|  21|0x0000000083100000, 0x0000000083100000, 0x0000000083200000|  0%| F|  |TAMS 0x0000000083100000, 0x0000000083100000| Untracked 
|  22|0x0000000083200000, 0x0000000083200000, 0x0000000083300000|  0%| F|  |TAMS 0x0000000083200000, 0x0000000083200000| Untracked 
|  23|0x0000000083300000, 0x0000000083300000, 0x0000000083400000|  0%| F|  |TAMS 0x0000000083300000, 0x0000000083300000| Untracked 
|  24|0x0000000083400000, 0x0000000083400000, 0x0000000083500000|  0%| F|  |TAMS 0x0000000083400000, 0x0000000083400000| Untracked 
|  25|0x0000000083500000, 0x0000000083500000, 0x0000000083600000|  0%| F|  |TAMS 0x0000000083500000, 0x0000000083500000| Untracked 
|  26|0x0000000083600000, 0x0000000083600000, 0x0000000083700000|  0%| F|  |TAMS 0x0000000083600000, 0x0000000083600000| Untracked 
|  27|0x0000000083700000, 0x0000000083700000, 0x0000000083800000|  0%| F|  |TAMS 0x0000000083700000, 0x0000000083700000| Untracked 
|  28|0x0000000083800000, 0x0000000083800000, 0x0000000083900000|  0%| F|  |TAMS 0x0000000083800000, 0x0000000083800000| Untracked 
|  29|0x0000000083900000, 0x0000000083900000, 0x0000000083a00000|  0%| F|  |TAMS 0x0000000083900000, 0x0000000083900000| Untracked 
|  30|0x0000000083a00000, 0x0000000083a00000, 0x0000000083b00000|  0%| F|  |TAMS 0x0000000083a00000, 0x0000000083a00000| Untracked 
|  31|0x0000000083b00000, 0x0000000083b00000, 0x0000000083c00000|  0%| F|  |TAMS 0x0000000083b00000, 0x0000000083b00000| Untracked 
|  32|0x0000000083c00000, 0x0000000083c00000, 0x0000000083d00000|  0%| F|  |TAMS 0x0000000083c00000, 0x0000000083c00000| Untracked 
|  33|0x0000000083d00000, 0x0000000083d00000, 0x0000000083e00000|  0%| F|  |TAMS 0x0000000083d00000, 0x0000000083d00000| Untracked 
|  34|0x0000000083e00000, 0x0000000083e00000, 0x0000000083f00000|  0%| F|  |TAMS 0x0000000083e00000, 0x0000000083e00000| Untracked 
|  35|0x0000000083f00000, 0x0000000083f00000, 0x0000000084000000|  0%| F|  |TAMS 0x0000000083f00000, 0x0000000083f00000| Untracked 
|  36|0x0000000084000000, 0x0000000084000000, 0x0000000084100000|  0%| F|  |TAMS 0x0000000084000000, 0x0000000084000000| Untracked 
|  37|0x0000000084100000, 0x0000000084100000, 0x0000000084200000|  0%| F|  |TAMS 0x0000000084100000, 0x0000000084100000| Untracked 
|  38|0x0000000084200000, 0x0000000084200000, 0x0000000084300000|  0%| F|  |TAMS 0x0000000084200000, 0x0000000084200000| Untracked 
|  39|0x0000000084300000, 0x0000000084300000, 0x0000000084400000|  0%| F|  |TAMS 0x0000000084300000, 0x0000000084300000| Untracked 
|  40|0x0000000084400000, 0x0000000084400000, 0x0000000084500000|  0%| F|  |TAMS 0x0000000084400000, 0x0000000084400000| Untracked 
|  41|0x0000000084500000, 0x0000000084500000, 0x0000000084600000|  0%| F|  |TAMS 0x0000000084500000, 0x0000000084500000| Untracked 
|  42|0x0000000084600000, 0x0000000084600000, 0x0000000084700000|  0%| F|  |TAMS 0x0000000084600000, 0x0000000084600000| Untracked 
|  43|0x0000000084700000, 0x0000000084700000, 0x0000000084800000|  0%| F|  |TAMS 0x0000000084700000, 0x0000000084700000| Untracked 
|  44|0x0000000084800000, 0x0000000084800000, 0x0000000084900000|  0%| F|  |TAMS 0x0000000084800000, 0x0000000084800000| Untracked 
|  45|0x0000000084900000, 0x0000000084900000, 0x0000000084a00000|  0%| F|  |TAMS 0x0000000084900000, 0x0000000084900000| Untracked 
|  46|0x0000000084a00000, 0x0000000084a00000, 0x0000000084b00000|  0%| F|  |TAMS 0x0000000084a00000, 0x0000000084a00000| Untracked 
|  47|0x0000000084b00000, 0x0000000084b00000, 0x0000000084c00000|  0%| F|  |TAMS 0x0000000084b00000, 0x0000000084b00000| Untracked 
|  48|0x0000000084c00000, 0x0000000084c00000, 0x0000000084d00000|  0%| F|  |TAMS 0x0000000084c00000, 0x0000000084c00000| Untracked 
|  49|0x0000000084d00000, 0x0000000084d00000, 0x0000000084e00000|  0%| F|  |TAMS 0x0000000084d00000, 0x0000000084d00000| Untracked 
|  50|0x0000000084e00000, 0x0000000084e00000, 0x0000000084f00000|  0%| F|  |TAMS 0x0000000084e00000, 0x0000000084e00000| Untracked 
|  51|0x0000000084f00000, 0x0000000084f00000, 0x0000000085000000|  0%| F|  |TAMS 0x0000000084f00000, 0x0000000084f00000| Untracked 
|  52|0x0000000085000000, 0x0000000085000000, 0x0000000085100000|  0%| F|  |TAMS 0x0000000085000000, 0x0000000085000000| Untracked 
|  53|0x0000000085100000, 0x0000000085100000, 0x0000000085200000|  0%| F|  |TAMS 0x0000000085100000, 0x0000000085100000| Untracked 
|  54|0x0000000085200000, 0x0000000085200000, 0x0000000085300000|  0%| F|  |TAMS 0x0000000085200000, 0x0000000085200000| Untracked 
|  55|0x0000000085300000, 0x0000000085300000, 0x0000000085400000|  0%| F|  |TAMS 0x0000000085300000, 0x0000000085300000| Untracked 
|  56|0x0000000085400000, 0x0000000085400000, 0x0000000085500000|  0%| F|  |TAMS 0x0000000085400000, 0x0000000085400000| Untracked 
|  57|0x0000000085500000, 0x0000000085500000, 0x0000000085600000|  0%| F|  |TAMS 0x0000000085500000, 0x0000000085500000| Untracked 
|  58|0x0000000085600000, 0x0000000085600000, 0x0000000085700000|  0%| F|  |TAMS 0x0000000085600000, 0x0000000085600000| Untracked 
|  59|0x0000000085700000, 0x0000000085700000, 0x0000000085800000|  0%| F|  |TAMS 0x0000000085700000, 0x0000000085700000| Untracked 
|  60|0x0000000085800000, 0x0000000085800000, 0x0000000085900000|  0%| F|  |TAMS 0x0000000085800000, 0x0000000085800000| Untracked 
|  61|0x0000000085900000, 0x0000000085900000, 0x0000000085a00000|  0%| F|  |TAMS 0x0000000085900000, 0x0000000085900000| Untracked 
|  62|0x0000000085a00000, 0x0000000085a00000, 0x0000000085b00000|  0%| F|  |TAMS 0x0000000085a00000, 0x0000000085a00000| Untracked 
|  63|0x0000000085b00000, 0x0000000085b00000, 0x0000000085c00000|  0%| F|  |TAMS 0x0000000085b00000, 0x0000000085b00000| Untracked 
|  64|0x0000000085c00000, 0x0000000085c00000, 0x0000000085d00000|  0%| F|  |TAMS 0x0000000085c00000, 0x0000000085c00000| Untracked 
|  65|0x0000000085d00000, 0x0000000085d00000, 0x0000000085e00000|  0%| F|  |TAMS 0x0000000085d00000, 0x0000000085d00000| Untracked 
|  66|0x0000000085e00000, 0x0000000085e00000, 0x0000000085f00000|  0%| F|  |TAMS 0x0000000085e00000, 0x0000000085e00000| Untracked 
|  67|0x0000000085f00000, 0x0000000085f00000, 0x0000000086000000|  0%| F|  |TAMS 0x0000000085f00000, 0x0000000085f00000| Untracked 
|  68|0x0000000086000000, 0x0000000086000000, 0x0000000086100000|  0%| F|  |TAMS 0x0000000086000000, 0x0000000086000000| Untracked 
|  69|0x0000000086100000, 0x0000000086100000, 0x0000000086200000|  0%| F|  |TAMS 0x0000000086100000, 0x0000000086100000| Untracked 
|  70|0x0000000086200000, 0x0000000086200000, 0x0000000086300000|  0%| F|  |TAMS 0x0000000086200000, 0x0000000086200000| Untracked 
|  71|0x0000000086300000, 0x0000000086300000, 0x0000000086400000|  0%| F|  |TAMS 0x0000000086300000, 0x0000000086300000| Untracked 
|  72|0x0000000086400000, 0x0000000086400000, 0x0000000086500000|  0%| F|  |TAMS 0x0000000086400000, 0x0000000086400000| Untracked 
|  73|0x0000000086500000, 0x0000000086500000, 0x0000000086600000|  0%| F|  |TAMS 0x0000000086500000, 0x0000000086500000| Untracked 
|  74|0x0000000086600000, 0x0000000086600000, 0x0000000086700000|  0%| F|  |TAMS 0x0000000086600000, 0x0000000086600000| Untracked 
|  75|0x0000000086700000, 0x00000000867c81e0, 0x0000000086800000| 78%| S|CS|TAMS 0x0000000086700000, 0x0000000086700000| Complete 
|  76|0x0000000086800000, 0x0000000086900000, 0x0000000086900000|100%| S|CS|TAMS 0x0000000086800000, 0x0000000086800000| Complete 
|  77|0x0000000086900000, 0x0000000086a00000, 0x0000000086a00000|100%| S|CS|TAMS 0x0000000086900000, 0x0000000086900000| Complete 
|  78|0x0000000086a00000, 0x0000000086b00000, 0x0000000086b00000|100%| S|CS|TAMS 0x0000000086a00000, 0x0000000086a00000| Complete 
|  79|0x0000000086b00000, 0x0000000086c00000, 0x0000000086c00000|100%| S|CS|TAMS 0x0000000086b00000, 0x0000000086b00000| Complete 
|  80|0x0000000086c00000, 0x0000000086d00000, 0x0000000086d00000|100%| S|CS|TAMS 0x0000000086c00000, 0x0000000086c00000| Complete 
|  81|0x0000000086d00000, 0x0000000086d00000, 0x0000000086e00000|  0%| F|  |TAMS 0x0000000086d00000, 0x0000000086d00000| Untracked 
|  82|0x0000000086e00000, 0x0000000086e00000, 0x0000000086f00000|  0%| F|  |TAMS 0x0000000086e00000, 0x0000000086e00000| Untracked 
|  83|0x0000000086f00000, 0x0000000086f00000, 0x0000000087000000|  0%| F|  |TAMS 0x0000000086f00000, 0x0000000086f00000| Untracked 
|  84|0x0000000087000000, 0x0000000087000000, 0x0000000087100000|  0%| F|  |TAMS 0x0000000087000000, 0x0000000087000000| Untracked 
|  85|0x0000000087100000, 0x0000000087100000, 0x0000000087200000|  0%| F|  |TAMS 0x0000000087100000, 0x0000000087100000| Untracked 
|  86|0x0000000087200000, 0x0000000087200000, 0x0000000087300000|  0%| F|  |TAMS 0x0000000087200000, 0x0000000087200000| Untracked 
|  87|0x0000000087300000, 0x0000000087300000, 0x0000000087400000|  0%| F|  |TAMS 0x0000000087300000, 0x0000000087300000| Untracked 
|  88|0x0000000087400000, 0x0000000087400000, 0x0000000087500000|  0%| F|  |TAMS 0x0000000087400000, 0x0000000087400000| Untracked 
|  89|0x0000000087500000, 0x0000000087500000, 0x0000000087600000|  0%| F|  |TAMS 0x0000000087500000, 0x0000000087500000| Untracked 
|  90|0x0000000087600000, 0x0000000087600000, 0x0000000087700000|  0%| F|  |TAMS 0x0000000087600000, 0x0000000087600000| Untracked 
|  91|0x0000000087700000, 0x0000000087700000, 0x0000000087800000|  0%| F|  |TAMS 0x0000000087700000, 0x0000000087700000| Untracked 
|  92|0x0000000087800000, 0x0000000087800000, 0x0000000087900000|  0%| F|  |TAMS 0x0000000087800000, 0x0000000087800000| Untracked 
|  93|0x0000000087900000, 0x0000000087900000, 0x0000000087a00000|  0%| F|  |TAMS 0x0000000087900000, 0x0000000087900000| Untracked 
|  94|0x0000000087a00000, 0x0000000087a00000, 0x0000000087b00000|  0%| F|  |TAMS 0x0000000087a00000, 0x0000000087a00000| Untracked 
|  95|0x0000000087b00000, 0x0000000087b00000, 0x0000000087c00000|  0%| F|  |TAMS 0x0000000087b00000, 0x0000000087b00000| Untracked 
|  96|0x0000000087c00000, 0x0000000087c00000, 0x0000000087d00000|  0%| F|  |TAMS 0x0000000087c00000, 0x0000000087c00000| Untracked 
|  97|0x0000000087d00000, 0x0000000087d00000, 0x0000000087e00000|  0%| F|  |TAMS 0x0000000087d00000, 0x0000000087d00000| Untracked 
|  98|0x0000000087e00000, 0x0000000087e00000, 0x0000000087f00000|  0%| F|  |TAMS 0x0000000087e00000, 0x0000000087e00000| Untracked 
|  99|0x0000000087f00000, 0x0000000087f81500, 0x0000000088000000| 50%| E|  |TAMS 0x0000000087f00000, 0x0000000087f00000| Complete 
| 100|0x0000000088000000, 0x0000000088100000, 0x0000000088100000|100%| E|CS|TAMS 0x0000000088000000, 0x0000000088000000| Complete 
| 101|0x0000000088100000, 0x0000000088200000, 0x0000000088200000|100%| E|CS|TAMS 0x0000000088100000, 0x0000000088100000| Complete 
| 102|0x0000000088200000, 0x0000000088300000, 0x0000000088300000|100%| E|CS|TAMS 0x0000000088200000, 0x0000000088200000| Complete 
| 103|0x0000000088300000, 0x0000000088400000, 0x0000000088400000|100%| E|CS|TAMS 0x0000000088300000, 0x0000000088300000| Complete 
| 104|0x0000000088400000, 0x0000000088500000, 0x0000000088500000|100%| E|CS|TAMS 0x0000000088400000, 0x0000000088400000| Complete 
| 105|0x0000000088500000, 0x0000000088600000, 0x0000000088600000|100%| E|CS|TAMS 0x0000000088500000, 0x0000000088500000| Complete 
| 106|0x0000000088600000, 0x0000000088700000, 0x0000000088700000|100%| E|CS|TAMS 0x0000000088600000, 0x0000000088600000| Complete 
| 107|0x0000000088700000, 0x0000000088800000, 0x0000000088800000|100%| E|CS|TAMS 0x0000000088700000, 0x0000000088700000| Complete 
| 108|0x0000000088800000, 0x0000000088900000, 0x0000000088900000|100%| E|CS|TAMS 0x0000000088800000, 0x0000000088800000| Complete 
| 109|0x0000000088900000, 0x0000000088a00000, 0x0000000088a00000|100%| E|CS|TAMS 0x0000000088900000, 0x0000000088900000| Complete 
| 110|0x0000000088a00000, 0x0000000088b00000, 0x0000000088b00000|100%| E|CS|TAMS 0x0000000088a00000, 0x0000000088a00000| Complete 
| 111|0x0000000088b00000, 0x0000000088c00000, 0x0000000088c00000|100%| E|CS|TAMS 0x0000000088b00000, 0x0000000088b00000| Complete 
| 112|0x0000000088c00000, 0x0000000088d00000, 0x0000000088d00000|100%| E|CS|TAMS 0x0000000088c00000, 0x0000000088c00000| Complete 
| 113|0x0000000088d00000, 0x0000000088e00000, 0x0000000088e00000|100%| E|CS|TAMS 0x0000000088d00000, 0x0000000088d00000| Complete 
| 114|0x0000000088e00000, 0x0000000088f00000, 0x0000000088f00000|100%| E|CS|TAMS 0x0000000088e00000, 0x0000000088e00000| Complete 
| 115|0x0000000088f00000, 0x0000000089000000, 0x0000000089000000|100%| E|CS|TAMS 0x0000000088f00000, 0x0000000088f00000| Complete 
| 116|0x0000000089000000, 0x0000000089100000, 0x0000000089100000|100%| E|CS|TAMS 0x0000000089000000, 0x0000000089000000| Complete 
| 117|0x0000000089100000, 0x0000000089200000, 0x0000000089200000|100%| E|CS|TAMS 0x0000000089100000, 0x0000000089100000| Complete 
| 118|0x0000000089200000, 0x0000000089300000, 0x0000000089300000|100%| E|CS|TAMS 0x0000000089200000, 0x0000000089200000| Complete 
| 119|0x0000000089300000, 0x0000000089400000, 0x0000000089400000|100%| E|CS|TAMS 0x0000000089300000, 0x0000000089300000| Complete 
| 120|0x0000000089400000, 0x0000000089500000, 0x0000000089500000|100%| E|CS|TAMS 0x0000000089400000, 0x0000000089400000| Complete 
| 121|0x0000000089500000, 0x0000000089600000, 0x0000000089600000|100%| E|CS|TAMS 0x0000000089500000, 0x0000000089500000| Complete 
| 122|0x0000000089600000, 0x0000000089700000, 0x0000000089700000|100%| E|CS|TAMS 0x0000000089600000, 0x0000000089600000| Complete 
| 123|0x0000000089700000, 0x0000000089800000, 0x0000000089800000|100%| E|CS|TAMS 0x0000000089700000, 0x0000000089700000| Complete 
| 124|0x0000000089800000, 0x0000000089900000, 0x0000000089900000|100%| E|CS|TAMS 0x0000000089800000, 0x0000000089800000| Complete 
| 125|0x0000000089900000, 0x0000000089a00000, 0x0000000089a00000|100%| E|CS|TAMS 0x0000000089900000, 0x0000000089900000| Complete 
| 126|0x0000000089a00000, 0x0000000089b00000, 0x0000000089b00000|100%| E|CS|TAMS 0x0000000089a00000, 0x0000000089a00000| Complete 
| 127|0x0000000089b00000, 0x0000000089c00000, 0x0000000089c00000|100%| E|CS|TAMS 0x0000000089b00000, 0x0000000089b00000| Complete 

Card table byte_map: [0x000002a8636c0000,0x000002a863ac0000] _byte_map_base: 0x000002a8632b2000

Marking Bits (Prev, Next): (CMBitMap*) 0x000002a8507fd200, (CMBitMap*) 0x000002a8507fd1c8
 Prev Bits: [0x000002a865e50000, 0x000002a867de0000)
 Next Bits: [0x000002a863ec0000, 0x000002a865e50000)

Polling page: 0x000002a84e970000

Metaspace:

Usage:
  Non-class:     25.86 MB capacity,    25.64 MB (>99%) used,   180.70 KB ( <1%) free+waste,    45.88 KB ( <1%) overhead. 
      Class:      3.64 MB capacity,     3.47 MB ( 95%) used,   150.02 KB (  4%) free+waste,    22.25 KB ( <1%) overhead. 
       Both:     29.50 MB capacity,    29.11 MB ( 99%) used,   330.72 KB (  1%) free+waste,    68.13 KB ( <1%) overhead. 

Virtual space:
  Non-class space:       26.00 MB reserved,      26.00 MB (100%) committed 
      Class space:        1.00 GB reserved,       3.75 MB ( <1%) committed 
             Both:        1.03 GB reserved,      29.75 MB (  3%) committed 

Chunk freelists:
   Non-Class:  16.00 KB
       Class:  17.00 KB
        Both:  33.00 KB

MaxMetaspaceSize: 17179869184.00 GB
CompressedClassSpaceSize: 1.00 GB

CodeHeap 'non-profiled nmethods': size=120064Kb used=649Kb max_used=649Kb free=119414Kb
 bounds [0x000002a85bd80000, 0x000002a85bff0000, 0x000002a8632c0000]
CodeHeap 'profiled nmethods': size=120000Kb used=3828Kb max_used=3828Kb free=116171Kb
 bounds [0x000002a854850000, 0x000002a854c10000, 0x000002a85bd80000]
CodeHeap 'non-nmethods': size=5696Kb used=1160Kb max_used=1176Kb free=4535Kb
 bounds [0x000002a8542c0000, 0x000002a854530000, 0x000002a854850000]
 total_blobs=2550 nmethods=2043 adapters=418
 compilation: enabled
              stopped_count=0, restarted_count=0
 full_count=0

Compilation events (20 events):
Event: 2.339 Thread 0x000002a86a30e800 nmethod 2034 0x000002a85be21f90 code [0x000002a85be22140, 0x000002a85be221f8]
Event: 2.427 Thread 0x000002a86a30e800 2035       3       java.lang.Class::privateGetDeclaredConstructors (79 bytes)
Event: 2.427 Thread 0x000002a86a30e800 nmethod 2035 0x000002a854c09790 code [0x000002a854c099a0, 0x000002a854c09ea8]
Event: 2.428 Thread 0x000002a86a30e800 2036       3       jdk.internal.reflect.ReflectionFactory::copyConstructor (10 bytes)
Event: 2.428 Thread 0x000002a86a30e800 nmethod 2036 0x000002a854c0a090 code [0x000002a854c0a280, 0x000002a854c0a588]
Event: 2.428 Thread 0x000002a86a30e800 2037       3       java.lang.reflect.ReflectAccess::copyConstructor (5 bytes)
Event: 2.428 Thread 0x000002a86a30e800 nmethod 2037 0x000002a854c0a710 code [0x000002a854c0a8c0, 0x000002a854c0a9e8]
Event: 2.434 Thread 0x000002a86a30e800 2038       3       java.lang.Package::<init> (47 bytes)
Event: 2.435 Thread 0x000002a86a30e800 nmethod 2038 0x000002a854c0aa90 code [0x000002a854c0ac80, 0x000002a854c0b0c8]
Event: 2.435 Thread 0x000002a86a30e800 2039       3       java.lang.Package$VersionInfo::getInstance (53 bytes)
Event: 2.435 Thread 0x000002a86a30e800 nmethod 2039 0x000002a854c0b310 code [0x000002a854c0b4e0, 0x000002a854c0b888]
Event: 2.448 Thread 0x000002a86a30e800 2040       1       java.io.File::getPath (5 bytes)
Event: 2.448 Thread 0x000002a86a30e800 nmethod 2040 0x000002a85be22290 code [0x000002a85be22440, 0x000002a85be224f8]
Event: 2.449 Thread 0x000002a86a30e800 2041       3       org.jetbrains.kotlin.com.intellij.openapi.util.text.StringUtilRt::toLowerCase (33 bytes)
Event: 2.450 Thread 0x000002a86a30e800 nmethod 2041 0x000002a854c0b990 code [0x000002a854c0bb80, 0x000002a854c0bef8]
Event: 2.452 Thread 0x000002a86a30e800 2042       3       org.jetbrains.kotlin.com.intellij.util.containers.FastUtilCaseInsensitiveStringHashingStrategy::equals (13 bytes)
Event: 2.453 Thread 0x000002a86a30e800 nmethod 2042 0x000002a854c0c010 code [0x000002a854c0c1e0, 0x000002a854c0c608]
Event: 2.465 Thread 0x000002a86a30e800 2043       3       java.lang.StringLatin1::compareTo (52 bytes)
Event: 2.465 Thread 0x000002a86a30e800 nmethod 2043 0x000002a854c0c710 code [0x000002a854c0c900, 0x000002a854c0ccb8]
Event: 2.472 Thread 0x000002a86a308800 2044   !   4       java.util.zip.ZipFile$ZipFileInputStream::close (59 bytes)

GC Heap History (4 events):
Event: 0.463 GC heap before
{Heap before GC invocations=0 (full 0):
 garbage-first heap   total 131072K, used 17408K [0x0000000081c00000, 0x0000000100000000)
  region size 1024K, 14 young (14336K), 0 survivors (0K)
 Metaspace       used 9816K, capacity 9938K, committed 10112K, reserved 1058816K
  class space    used 840K, capacity 885K, committed 896K, reserved 1048576K
}
Event: 0.505 GC heap after
{Heap after GC invocations=1 (full 0):
 garbage-first heap   total 131072K, used 5375K [0x0000000081c00000, 0x0000000100000000)
  region size 1024K, 2 young (2048K), 2 survivors (2048K)
 Metaspace       used 9816K, capacity 9938K, committed 10112K, reserved 1058816K
  class space    used 840K, capacity 885K, committed 896K, reserved 1048576K
}
Event: 1.483 GC heap before
{Heap before GC invocations=1 (full 0):
 garbage-first heap   total 131072K, used 50431K [0x0000000081c00000, 0x0000000100000000)
  region size 1024K, 47 young (48128K), 2 survivors (2048K)
 Metaspace       used 20761K, capacity 20990K, committed 21248K, reserved 1069056K
  class space    used 2199K, capacity 2280K, committed 2304K, reserved 1048576K
}
Event: 1.496 GC heap after
{Heap after GC invocations=2 (full 0):
 garbage-first heap   total 131072K, used 9247K [0x0000000081c00000, 0x0000000100000000)
  region size 1024K, 6 young (6144K), 6 survivors (6144K)
 Metaspace       used 20761K, capacity 20990K, committed 21248K, reserved 1069056K
  class space    used 2199K, capacity 2280K, committed 2304K, reserved 1048576K
}

Deoptimization events (20 events):
Event: 1.739 Thread 0x000002a8507be800 Uncommon trap: trap_request=0xffffff6e fr.pc=0x000002a85bdfdf6c relative=0x000000000000132c
Event: 1.739 Thread 0x000002a8507be800 Uncommon trap: reason=speculate_class_check action=maybe_recompile pc=0x000002a85bdfdf6c method=java.util.zip.InflaterInputStream.read([BII)I @ 100 c2
Event: 1.739 Thread 0x000002a8507be800 DEOPT PACKING pc=0x000002a85bdfdf6c sp=0x000000fe4edfe590
Event: 1.739 Thread 0x000002a8507be800 DEOPT UNPACKING pc=0x000002a8542e662f sp=0x000000fe4edfe5f0 mode 2
Event: 1.806 Thread 0x000002a8507be800 Uncommon trap: trap_request=0xffffff4d fr.pc=0x000002a85be18e60 relative=0x00000000000005a0
Event: 1.806 Thread 0x000002a8507be800 Uncommon trap: reason=unstable_if action=reinterpret pc=0x000002a85be18e60 method=java.lang.Integer.getChars(II[B)I @ 25 c2
Event: 1.806 Thread 0x000002a8507be800 DEOPT PACKING pc=0x000002a85be18e60 sp=0x000000fe4edfe620
Event: 1.806 Thread 0x000002a8507be800 DEOPT UNPACKING pc=0x000002a8542e662f sp=0x000000fe4edfe510 mode 2
Event: 1.827 Thread 0x000002a8507be800 Uncommon trap: trap_request=0xffffffcc fr.pc=0x000002a85be1a6ec relative=0x00000000000001ac
Event: 1.827 Thread 0x000002a8507be800 Uncommon trap: reason=intrinsic_or_type_checked_inlining action=make_not_entrant pc=0x000002a85be1a6ec method=java.util.Arrays.copyOf([Ljava/lang/Object;ILjava/lang/Class;)[Ljava/lang/Object; @ 35 c2
Event: 1.827 Thread 0x000002a8507be800 DEOPT PACKING pc=0x000002a85be1a6ec sp=0x000000fe4edfd8e0
Event: 1.827 Thread 0x000002a8507be800 DEOPT UNPACKING pc=0x000002a8542e662f sp=0x000000fe4edfd888 mode 2
Event: 2.032 Thread 0x000002a8507be800 Uncommon trap: trap_request=0xffffff4d fr.pc=0x000002a85be181b8 relative=0x0000000000000578
Event: 2.032 Thread 0x000002a8507be800 Uncommon trap: reason=unstable_if action=reinterpret pc=0x000002a85be181b8 method=java.lang.Integer.getChars(II[B)I @ 25 c2
Event: 2.032 Thread 0x000002a8507be800 DEOPT PACKING pc=0x000002a85be181b8 sp=0x000000fe4edfd3d0
Event: 2.032 Thread 0x000002a8507be800 DEOPT UNPACKING pc=0x000002a8542e662f sp=0x000000fe4edfd328 mode 2
Event: 2.062 Thread 0x000002a8507be800 Uncommon trap: trap_request=0xffffff4d fr.pc=0x000002a85bdf88a8 relative=0x0000000000000188
Event: 2.062 Thread 0x000002a8507be800 Uncommon trap: reason=unstable_if action=reinterpret pc=0x000002a85bdf88a8 method=java.lang.String.startsWith(Ljava/lang/String;I)Z @ 1 c2
Event: 2.062 Thread 0x000002a8507be800 DEOPT PACKING pc=0x000002a85bdf88a8 sp=0x000000fe4edfdea0
Event: 2.062 Thread 0x000002a8507be800 DEOPT UNPACKING pc=0x000002a8542e662f sp=0x000000fe4edfde10 mode 2

Classes redefined (0 events):
No events

Internal exceptions (20 events):
Event: 1.469 Thread 0x000002a8507be800 Exception <a 'java/lang/NoSuchMethodError'{0x0000000086e1ae68}: 'long java.lang.invoke.DirectMethodHandle$Holder.invokeStatic(java.lang.Object)'> (0x0000000086e1ae68) thrown at [./src/hotspot/share/interpreter/linkResolver.cpp, line 773]
Event: 1.469 Thread 0x000002a8507be800 Exception <a 'java/lang/NoSuchMethodError'{0x0000000086e1dcc0}: 'long java.lang.invoke.DirectMethodHandle$Holder.invokeStaticInit(java.lang.Object)'> (0x0000000086e1dcc0) thrown at [./src/hotspot/share/interpreter/linkResolver.cpp, line 773]
Event: 1.537 Thread 0x000002a8507be800 Exception <a 'java/lang/NoSuchMethodError'{0x00000000899f8c20}: 'int java.lang.invoke.DirectMethodHandle$Holder.invokeStaticInit(java.lang.Object, java.lang.Object, java.lang.Object)'> (0x00000000899f8c20) thrown at [./src/hotspot/share/interpreter/linkResolver.cpp, line 773]
Event: 1.541 Thread 0x000002a8507be800 Exception <a 'java/lang/NoSuchMethodError'{0x0000000089824cb0}: 'int java.lang.invoke.DirectMethodHandle$Holder.invokeStaticInit(java.lang.Object, java.lang.Object)'> (0x0000000089824cb0) thrown at [./src/hotspot/share/interpreter/linkResolver.cpp, line 773]
Event: 1.592 Thread 0x000002a8507be800 Exception <a 'java/lang/NoSuchMethodError'{0x0000000089634a78}: 'void java.lang.invoke.DirectMethodHandle$Holder.invokeSpecial(java.lang.Object, java.lang.Object)'> (0x0000000089634a78) thrown at [./src/hotspot/share/interpreter/linkResolver.cpp, line 773]
Event: 1.756 Thread 0x000002a8507be800 Exception <a 'java/lang/NoSuchMethodError'{0x0000000088e5bbe8}: 'java.lang.Object java.lang.invoke.DirectMethodHandle$Holder.invokeStatic(java.lang.Object, java.lang.Object, java.lang.Object, java.lang.Object, java.lang.Object, java.lang.Object, java.lang.Object, java.lang.Object, java.lang.Object, java.lang.Object, java.lang.Object, java.lang.Object, java.lang.Object, java.lang.Object, java.lang.Object)'> (0x0000000088e5bbe8) thrown at [./src/hotspot/share/interpreter/linkResolver.cpp, line 773]
Event: 1.757 Thread 0x000002a8507be800 Exception <a 'java/lang/NoSuchMethodError'{0x0000000088e69bf0}: 'java.lang.Object java.lang.invoke.DirectMethodHandle$Holder.invokeStatic(java.lang.Object, java.lang.Object, java.lang.Object, java.lang.Object, java.lang.Object, java.lang.Object, java.lang.Object, java.lang.Object, java.lang.Object, java.lang.Object, java.lang.Object, java.lang.Object, java.lang.Object, java.lang.Object, java.lang.Object, java.lang.Object)'> (0x0000000088e69bf0) thrown at [./src/hotspot/share/interpreter/linkResolver.cpp, l
Event: 1.759 Thread 0x000002a8507be800 Exception <a 'java/lang/NoSuchMethodError'{0x0000000088e77b08}: 'java.lang.Object java.lang.invoke.DirectMethodHandle$Holder.invokeSpecial(java.lang.Object, java.lang.Object, int, int, java.lang.Object, java.lang.Object, java.lang.Object)'> (0x0000000088e77b08) thrown at [./src/hotspot/share/interpreter/linkResolver.cpp, line 773]
Event: 1.759 Thread 0x000002a8507be800 Exception <a 'java/lang/NoSuchMethodError'{0x0000000088e7b340}: 'java.lang.Object java.lang.invoke.DelegatingMethodHandle$Holder.reinvoke_L(java.lang.Object, int, int, java.lang.Object, java.lang.Object, java.lang.Object)'> (0x0000000088e7b340) thrown at [./src/hotspot/share/interpreter/linkResolver.cpp, line 773]
Event: 1.760 Thread 0x000002a8507be800 Exception <a 'java/lang/NoSuchMethodError'{0x0000000088e7f6c8}: 'java.lang.Object java.lang.invoke.DirectMethodHandle$Holder.invokeStatic(java.lang.Object, java.lang.Object, java.lang.Object, java.lang.Object, int)'> (0x0000000088e7f6c8) thrown at [./src/hotspot/share/interpreter/linkResolver.cpp, line 773]
Event: 1.805 Thread 0x000002a8507be800 Exception <a 'sun/nio/fs/WindowsException'{0x0000000088dbeb90}> (0x0000000088dbeb90) thrown at [./src/hotspot/share/prims/jni.cpp, line 615]
Event: 1.805 Thread 0x000002a8507be800 Exception <a 'sun/nio/fs/WindowsException'{0x0000000088dbf408}> (0x0000000088dbf408) thrown at [./src/hotspot/share/prims/jni.cpp, line 615]
Event: 1.806 Thread 0x000002a8507be800 Exception <a 'sun/nio/fs/WindowsException'{0x0000000088dbfc90}> (0x0000000088dbfc90) thrown at [./src/hotspot/share/prims/jni.cpp, line 615]
Event: 1.806 Thread 0x000002a8507be800 Exception <a 'sun/nio/fs/WindowsException'{0x0000000088dc0688}> (0x0000000088dc0688) thrown at [./src/hotspot/share/prims/jni.cpp, line 615]
Event: 1.806 Thread 0x000002a8507be800 Exception <a 'sun/nio/fs/WindowsException'{0x0000000088dc0f90}> (0x0000000088dc0f90) thrown at [./src/hotspot/share/prims/jni.cpp, line 615]
Event: 1.806 Thread 0x000002a8507be800 Exception <a 'sun/nio/fs/WindowsException'{0x0000000088dc18c8}> (0x0000000088dc18c8) thrown at [./src/hotspot/share/prims/jni.cpp, line 615]
Event: 1.808 Thread 0x000002a8507be800 Exception <a 'java/lang/NoSuchMethodError'{0x0000000088dc80d8}: 'void java.lang.invoke.DirectMethodHandle$Holder.invokeStatic(java.lang.Object, java.lang.Object, java.lang.Object, java.lang.Object)'> (0x0000000088dc80d8) thrown at [./src/hotspot/share/interpreter/linkResolver.cpp, line 773]
Event: 2.021 Thread 0x000002a8507be800 Exception <a 'java/lang/NoSuchMethodError'{0x00000000889a4fa0}: 'void java.lang.invoke.DirectMethodHandle$Holder.invokeStaticInit(java.lang.Object, java.lang.Object)'> (0x00000000889a4fa0) thrown at [./src/hotspot/share/interpreter/linkResolver.cpp, line 773]
Event: 2.186 Thread 0x000002a8507be800 Exception <a 'java/lang/NoSuchMethodError'{0x00000000885c6df0}: 'void java.lang.invoke.DirectMethodHandle$Holder.invokeVirtual(java.lang.Object, java.lang.Object)'> (0x00000000885c6df0) thrown at [./src/hotspot/share/interpreter/linkResolver.cpp, line 773]
Event: 2.207 Thread 0x000002a8507be800 Exception <a 'java/lang/NoSuchMethodError'{0x0000000088439990}: 'int java.lang.invoke.DirectMethodHandle$Holder.invokeVirtual(java.lang.Object, java.lang.Object)'> (0x0000000088439990) thrown at [./src/hotspot/share/interpreter/linkResolver.cpp, line 773]

Events (20 events):
Event: 2.463 loading class kotlin/comparisons/ComparisonsKt___ComparisonsKt
Event: 2.463 loading class kotlin/comparisons/ComparisonsKt___ComparisonsKt done
Event: 2.464 loading class kotlin/comparisons/ComparisonsKt___ComparisonsJvmKt
Event: 2.464 loading class kotlin/comparisons/ComparisonsKt___ComparisonsJvmKt done
Event: 2.464 loading class kotlin/comparisons/ComparisonsKt__ComparisonsKt
Event: 2.464 loading class kotlin/comparisons/ComparisonsKt__ComparisonsKt done
Event: 2.466 loading class org/jetbrains/kotlin/cli/jvm/modules/CliJavaModuleFinder
Event: 2.466 loading class org/jetbrains/kotlin/cli/jvm/modules/CliJavaModuleFinder done
Event: 2.466 loading class org/jetbrains/kotlin/resolve/jvm/modules/JavaModuleFinder
Event: 2.466 loading class org/jetbrains/kotlin/resolve/jvm/modules/JavaModuleFinder done
Event: 2.467 loading class org/jetbrains/kotlin/cli/jvm/compiler/KotlinCoreEnvironment$3
Event: 2.467 loading class org/jetbrains/kotlin/cli/jvm/compiler/KotlinCoreEnvironment$3 done
Event: 2.468 loading class org/jetbrains/kotlin/cli/jvm/compiler/ClasspathRootsResolver
Event: 2.468 loading class org/jetbrains/kotlin/cli/jvm/compiler/ClasspathRootsResolver done
Event: 2.469 loading class org/jetbrains/kotlin/cli/jvm/compiler/ClasspathRootsResolver$Companion
Event: 2.469 loading class org/jetbrains/kotlin/cli/jvm/compiler/ClasspathRootsResolver$Companion done
Event: 2.471 loading class org/jetbrains/kotlin/cli/jvm/modules/JavaModuleGraph
Event: 2.471 loading class org/jetbrains/kotlin/cli/jvm/modules/JavaModuleGraph done
Event: 2.472 loading class org/jetbrains/kotlin/cli/jvm/modules/JavaModuleGraph$module$1
Event: 2.472 loading class org/jetbrains/kotlin/cli/jvm/modules/JavaModuleGraph$module$1 done


Dynamic libraries:
0x00007ff71be80000 - 0x00007ff71be8a000 	C:\Program Files\Android\Android Studio\jre\bin\java.exe
0x00007ff9ac970000 - 0x00007ff9acb65000 	C:\WINDOWS\SYSTEM32\ntdll.dll
0x00007ff9aaf50000 - 0x00007ff9ab00e000 	C:\WINDOWS\System32\KERNEL32.DLL
0x00007ff9aa280000 - 0x00007ff9aa548000 	C:\WINDOWS\System32\KERNELBASE.dll
0x00007ff9aa700000 - 0x00007ff9aa800000 	C:\WINDOWS\System32\ucrtbase.dll
0x00007ff979860000 - 0x00007ff979879000 	C:\Program Files\Android\Android Studio\jre\bin\jli.dll
0x00007ff97fc90000 - 0x00007ff97fca7000 	C:\Program Files\Android\Android Studio\jre\bin\VCRUNTIME140.dll
0x00007ff9aab60000 - 0x00007ff9aad00000 	C:\WINDOWS\System32\USER32.dll
0x00007ff9aa110000 - 0x00007ff9aa132000 	C:\WINDOWS\System32\win32u.dll
0x00007ff9ab170000 - 0x00007ff9ab19b000 	C:\WINDOWS\System32\GDI32.dll
0x00007ff9aa550000 - 0x00007ff9aa65b000 	C:\WINDOWS\System32\gdi32full.dll
0x00007ff9aa660000 - 0x00007ff9aa6fd000 	C:\WINDOWS\System32\msvcp_win.dll
0x00007ff99ab40000 - 0x00007ff99adda000 	C:\WINDOWS\WinSxS\amd64_microsoft.windows.common-controls_6595b64144ccf1df_6.0.19041.1110_none_60b5254171f9507e\COMCTL32.dll
0x00007ff9ab270000 - 0x00007ff9ab30e000 	C:\WINDOWS\System32\msvcrt.dll
0x00007ff9abe60000 - 0x00007ff9abe90000 	C:\WINDOWS\System32\IMM32.DLL
0x00007ff95ed60000 - 0x00007ff95edfd000 	C:\Program Files\Android\Android Studio\jre\bin\msvcp140.dll
0x00007ff9583c0000 - 0x00007ff958e95000 	C:\Program Files\Android\Android Studio\jre\bin\server\jvm.dll
0x00007ff9ab0c0000 - 0x00007ff9ab16e000 	C:\WINDOWS\System32\ADVAPI32.dll
0x00007ff9ac010000 - 0x00007ff9ac0ac000 	C:\WINDOWS\System32\sechost.dll
0x00007ff9aad00000 - 0x00007ff9aae25000 	C:\WINDOWS\System32\RPCRT4.dll
0x00007ff9ab680000 - 0x00007ff9ab688000 	C:\WINDOWS\System32\PSAPI.DLL
0x00007ff99a6e0000 - 0x00007ff99a6e9000 	C:\WINDOWS\SYSTEM32\WSOCK32.dll
0x00007ff9abe90000 - 0x00007ff9abefb000 	C:\WINDOWS\System32\WS2_32.dll
0x00007ff99b820000 - 0x00007ff99b847000 	C:\WINDOWS\SYSTEM32\WINMM.dll
0x00007ff9a51f0000 - 0x00007ff9a51fa000 	C:\WINDOWS\SYSTEM32\VERSION.dll
0x00007ff9a7f60000 - 0x00007ff9a7f72000 	C:\WINDOWS\SYSTEM32\kernel.appcore.dll
0x00007ff9a59c0000 - 0x00007ff9a59d1000 	C:\Program Files\Android\Android Studio\jre\bin\verify.dll
0x00007ff9a0d10000 - 0x00007ff9a0ef4000 	C:\WINDOWS\SYSTEM32\DBGHELP.DLL
0x00007ff9a0cb0000 - 0x00007ff9a0cdc000 	C:\WINDOWS\SYSTEM32\dbgcore.DLL
0x00007ff9aa1f0000 - 0x00007ff9aa272000 	C:\WINDOWS\System32\bcryptPrimitives.dll
0x00007ff9a37b0000 - 0x00007ff9a37d9000 	C:\Program Files\Android\Android Studio\jre\bin\java.dll
0x00007ff9a5bd0000 - 0x00007ff9a5bdb000 	C:\Program Files\Android\Android Studio\jre\bin\jimage.dll
0x00007ff99ef80000 - 0x00007ff99ef98000 	C:\Program Files\Android\Android Studio\jre\bin\zip.dll
0x00007ff9ab710000 - 0x00007ff9abe54000 	C:\WINDOWS\System32\SHELL32.dll
0x00007ff9a8160000 - 0x00007ff9a88f4000 	C:\WINDOWS\SYSTEM32\windows.storage.dll
0x00007ff9ab320000 - 0x00007ff9ab674000 	C:\WINDOWS\System32\combase.dll
0x00007ff9a9a10000 - 0x00007ff9a9a3c000 	C:\WINDOWS\SYSTEM32\Wldp.dll
0x00007ff9ab010000 - 0x00007ff9ab0bd000 	C:\WINDOWS\System32\SHCORE.dll
0x00007ff9abfb0000 - 0x00007ff9ac005000 	C:\WINDOWS\System32\shlwapi.dll
0x00007ff9a9fd0000 - 0x00007ff9a9fef000 	C:\WINDOWS\SYSTEM32\profapi.dll
0x00007ff99bc50000 - 0x00007ff99bc6a000 	C:\Program Files\Android\Android Studio\jre\bin\net.dll
0x00007ff9a3cd0000 - 0x00007ff9a3dd9000 	C:\WINDOWS\SYSTEM32\WINHTTP.dll
0x00007ff9a97f0000 - 0x00007ff9a985a000 	C:\WINDOWS\system32\mswsock.dll
0x00007ff992360000 - 0x00007ff992374000 	C:\Program Files\Android\Android Studio\jre\bin\nio.dll

dbghelp: loaded successfully - version: 4.0.5 - missing functions: none
symbol engine: initialized successfully - sym options: 0x614 - pdb path: .;C:\Program Files\Android\Android Studio\jre\bin;C:\WINDOWS\SYSTEM32;C:\WINDOWS\WinSxS\amd64_microsoft.windows.common-controls_6595b64144ccf1df_6.0.19041.1110_none_60b5254171f9507e;C:\Program Files\Android\Android Studio\jre\bin\server

VM Arguments:
java_command: org.jetbrains.kotlin.cli.jvm.K2JVMCompiler @D:\Kotlin\BT\Tuan2\week2exercise\app\build\20220318_7135063435329144499.compiler.options
java_class_path (initial): C:\Users\Thinh\.gradle\caches\modules-2\files-2.1\org.jetbrains.kotlin\kotlin-compiler-embeddable\1.6.10\88f2073f4020cdb83132cfe940ceb9a60aba54ea\kotlin-compiler-embeddable-1.6.10.jar;C:\Users\Thinh\.gradle\caches\modules-2\files-2.1\org.jetbrains.kotlin\kotlin-reflect\1.6.10\1cbe9c92c12a94eea200d23c2bbaedaf3daf5132\kotlin-reflect-1.6.10.jar;C:\Users\Thinh\.gradle\caches\modules-2\files-2.1\org.jetbrains.kotlin\kotlin-stdlib\1.6.10\b8af3fe6f1ca88526914929add63cf5e7c5049af\kotlin-stdlib-1.6.10.jar;C:\Users\Thinh\.gradle\caches\modules-2\files-2.1\org.jetbrains.kotlin\kotlin-script-runtime\1.6.10\d0a7ff2e2500ef497ed0214ae40ad3c8387a6164\kotlin-script-runtime-1.6.10.jar;C:\Users\Thinh\.gradle\caches\modules-2\files-2.1\org.jetbrains.kotlin\kotlin-daemon-embeddable\1.6.10\a56d79bcbea411fa6058e4ecffc2de73e742bd2a\kotlin-daemon-embeddable-1.6.10.jar;C:\Users\Thinh\.gradle\caches\modules-2\files-2.1\org.jetbrains.intellij.deps\trove4j\1.0.20181211\216c2e14b070f334479d800987affe4054cd563f\trove4j-1.0.20181211.jar;C:\Users\Thinh\.gradle\caches\modules-2\files-2.1\net.java.dev.jna\jna\5.6.0\330f2244e9030119ab3030fc3fededc86713d9cc\jna-5.6.0.jar;C:\Users\Thinh\.gradle\caches\modules-2\files-2.1\org.jetbrains\annotations\13.0\919f0dfe192fb4e063e7dacadee7f8bb9a2672a9\annotations-13.0.jar;C:\Users\Thinh\.gradle\caches\modules-2\files-2.1\org.jetbrains.kotlin\kotlin-stdlib-common\1.6.10\c118700e3a33c8a0d9adc920e9dec0831171925\kotlin-stdlib-common-1.6.10.jar
Launcher Type: SUN_STANDARD

[Global flags]
     intx CICompilerCount                          = 3                                         {product} {ergonomic}
     uint ConcGCThreads                            = 1                                         {product} {ergonomic}
     uint G1ConcRefinementThreads                  = 4                                         {product} {ergonomic}
   size_t G1HeapRegionSize                         = 1048576                                   {product} {ergonomic}
    uintx GCDrainStackTargetSize                   = 64                                        {product} {ergonomic}
   size_t InitialHeapSize                          = 134217728                                 {product} {ergonomic}
   size_t MarkStackSize                            = 4194304                                   {product} {ergonomic}
   size_t MaxHeapSize                              = 2118123520                                {product} {ergonomic}
   size_t MaxNewSize                               = 1270874112                                {product} {ergonomic}
   size_t MinHeapDeltaBytes                        = 1048576                                   {product} {ergonomic}
    uintx NonNMethodCodeHeapSize                   = 5830732                                {pd product} {ergonomic}
    uintx NonProfiledCodeHeapSize                  = 122913754                              {pd product} {ergonomic}
    uintx ProfiledCodeHeapSize                     = 122913754                              {pd product} {ergonomic}
    uintx ReservedCodeCacheSize                    = 251658240                              {pd product} {ergonomic}
     bool SegmentedCodeCache                       = true                                      {product} {ergonomic}
     bool UseCompressedClassPointers               = true                                 {lp64_product} {ergonomic}
     bool UseCompressedOops                        = true                                 {lp64_product} {ergonomic}
     bool UseG1GC                                  = true                                      {product} {ergonomic}
     bool UseLargePagesIndividualAllocation        = false                                  {pd product} {ergonomic}

Logging:
Log output configuration:
 #0: stdout all=warning uptime,level,tags
 #1: stderr all=off uptime,level,tags

Environment Variables:
JAVA_HOME=C:\Users\Thinh\Desktop\DoAn\jdk-17_windows-x64_bin\jdk-17
PATH=C:\Program Files\Common Files\Oracle\Java\javapath;D:\DATA\Program\WINDOWS.X64_193000_db_home\bin;C:\WINDOWS\system32;C:\WINDOWS;C:\WINDOWS\System32\Wbem;C:\WINDOWS\System32\WindowsPowerShell\v1.0\;C:\WINDOWS\System32\OpenSSH\;C:\Program Files\Git\cmd;C:\Program Files (x86)\NVIDIA Corporation\PhysX\Common;C:\Program Files\NVIDIA Corporation\NVIDIA NvDLISR;C:\Program Files\MySQL\MySQL Shell 8.0\bin\;D:\DATA\Program\WINDOWS.X64_193000_db_home\bin;C:\WINDOWS\system32;C:\WINDOWS;C:\WINDOWS\System32\Wbem;C:\WINDOWS\System32\WindowsPowerShell\v1.0\;C:\WINDOWS\System32\OpenSSH\;C:\Users\Thinh\AppData\Local\Programs\Python\Python39\Scripts\;C:\Users\Thinh\AppData\Local\Programs\Python\Python39\;C:\Users\Thinh\AppData\Local\Microsoft\WindowsApps;C:\Python37\Scripts;C:\Program Files\Multipass\bin;C:\modeltech64_2020.4\win64;C:\Users\Thinh\Desktop\DoAn\jdk-17_windows-x64_bin\jdk-17\bin;C:\Users\Thinh\Desktop\DoAn\apache-maven-3.8.3-bin\apache-maven-3.8.3\bin;C:\Users\Thinh\AppData\Local\Programs\Microsoft VS Code\bin;C:\Program Files\heroku\bin
USERNAME=Thinh
OS=Windows_NT
PROCESSOR_IDENTIFIER=Intel64 Family 6 Model 158 Stepping 9, GenuineIntel



---------------  S Y S T E M  ---------------

OS: Windows 10 , 64 bit Build 19041 (10.0.19041.1566)
OS uptime: 5 days 13:47 hours
Hyper-V role detected

CPU:total 4 (initial active 4) (4 cores per cpu, 1 threads per core) family 6 model 158 stepping 9 microcode 0xb4, cmov, cx8, fxsr, mmx, sse, sse2, sse3, ssse3, sse4.1, sse4.2, popcnt, avx, avx2, aes, clmul, erms, 3dnowpref, lzcnt, tsc, tscinvbit, bmi1, bmi2, adx, fma

Memory: 4k page, system-wide physical 8075M (511M free)
TotalPageFile size 16075M (AvailPageFile size 8M)
current process WorkingSet (physical memory assigned to process): 172M, peak: 172M
current process commit charge ("private bytes"): 271M, peak: 271M

vm_info: OpenJDK 64-Bit Server VM (11.0.11+9-b60-7590822) for windows-amd64 JRE (11.0.11+9-b60-7590822), built on Jul 29 2021 21:43:44 by "builder" with MS VC++ 14.0 (VS2015)

END.
