#
# There is insufficient memory for the Java Runtime Environment to continue.
# Native memory allocation (malloc) failed to allocate 1321616 bytes for Chunk::new
# Possible reasons:
#   The system is out of physical RAM or swap space
#   The process is running with CompressedOops enabled, and the Java Heap may be blocking the growth of the native heap
# Possible solutions:
#   Reduce memory load on the system
#   Increase physical memory or swap space
#   Check if swap backing store is full
#   Decrease Java heap size (-Xmx/-Xms)
#   Decrease number of Java threads
#   Decrease Java thread stack sizes (-Xss)
#   Set larger code cache with -XX:ReservedCodeCacheSize=
#   JVM is running with Unscaled Compressed Oops mode in which the Java heap is
#     placed in the first 4GB address space. The Java Heap base address is the
#     maximum limit for the native heap growth. Please use -XX:HeapBaseMinAddress
#     to set the Java Heap base and to place the Java Heap above 4GB virtual address.
# This output file may be truncated or incomplete.
#
#  Out of Memory Error (./src/hotspot/share/memory/arena.cpp:197), pid=7660, tid=10608
#
# JRE version: OpenJDK Runtime Environment (11.0.11+9) (build 11.0.11+9-b60-7590822)
# Java VM: OpenJDK 64-Bit Server VM (11.0.11+9-b60-7590822, mixed mode, tiered, compressed oops, g1 gc, windows-amd64)
# No core dump will be written. Minidumps are not enabled by default on client versions of Windows
#

---------------  S U M M A R Y ------------

Command Line: org.jetbrains.kotlin.cli.jvm.K2JVMCompiler @D:\Kotlin\BT\Tuan2\week2exercise\app\build\20220318_13988399608789831430.compiler.options

Host: Intel(R) Core(TM) i5-7300HQ CPU @ 2.50GHz, 4 cores, 7G,  Windows 10 , 64 bit Build 19041 (10.0.19041.1566)
Time: Fri Mar 18 09:28:42 2022 SE Asia Standard Time elapsed time: 3.608997 seconds (0d 0h 0m 3s)

---------------  T H R E A D  ---------------

Current thread (0x000001e361b83800):  JavaThread "C2 CompilerThread1" daemon [_thread_in_native, id=10608, stack(0x000000900ec00000,0x000000900ed00000)]


Current CompileTask:
C2:   3609 3592   !   4       org.jetbrains.kotlin.metadata.ProtoBuf$Type::<init> (875 bytes)

Stack: [0x000000900ec00000,0x000000900ed00000]
Native frames: (J=compiled Java code, j=interpreted, Vv=VM code, C=native code)
V  [jvm.dll+0x5f214a]
V  [jvm.dll+0x726fb5]
V  [jvm.dll+0x7285cd]
V  [jvm.dll+0x728c83]
V  [jvm.dll+0x243278]
V  [jvm.dll+0xbc53c]
V  [jvm.dll+0xbca3c]
V  [jvm.dll+0x353e3b]
V  [jvm.dll+0x321893]
V  [jvm.dll+0x320d8a]
V  [jvm.dll+0x1fc1e2]
V  [jvm.dll+0x1fb3d4]
V  [jvm.dll+0x183d6c]
V  [jvm.dll+0x209a57]
V  [jvm.dll+0x2082a1]
V  [jvm.dll+0x6ef58f]
V  [jvm.dll+0x6e80b5]
V  [jvm.dll+0x5f1036]
C  [ucrtbase.dll+0x21bb2]
C  [KERNEL32.DLL+0x17034]
C  [ntdll.dll+0x52651]


---------------  P R O C E S S  ---------------

Threads class SMR info:
_java_thread_list=0x000001e3625bf1a0, length=11, elements={
0x000001e345602000, 0x000001e3610a8800, 0x000001e3610b4000, 0x000001e3610c2000,
0x000001e3610c4000, 0x000001e3610c7800, 0x000001e3610ca800, 0x000001e3610d4000,
0x000001e3610d5000, 0x000001e361b8c000, 0x000001e361b83800
}

Java Threads: ( => current thread )
  0x000001e345602000 JavaThread "main" [_thread_in_Java, id=16712, stack(0x000000900db00000,0x000000900dc00000)]
  0x000001e3610a8800 JavaThread "Reference Handler" daemon [_thread_blocked, id=11392, stack(0x000000900e200000,0x000000900e300000)]
  0x000001e3610b4000 JavaThread "Finalizer" daemon [_thread_blocked, id=12100, stack(0x000000900e300000,0x000000900e400000)]
  0x000001e3610c2000 JavaThread "Signal Dispatcher" daemon [_thread_blocked, id=15744, stack(0x000000900e400000,0x000000900e500000)]
  0x000001e3610c4000 JavaThread "Attach Listener" daemon [_thread_blocked, id=17132, stack(0x000000900e500000,0x000000900e600000)]
  0x000001e3610c7800 JavaThread "Service Thread" daemon [_thread_blocked, id=1804, stack(0x000000900e600000,0x000000900e700000)]
  0x000001e3610ca800 JavaThread "C2 CompilerThread0" daemon [_thread_in_native, id=10412, stack(0x000000900e700000,0x000000900e800000)]
  0x000001e3610d4000 JavaThread "C1 CompilerThread0" daemon [_thread_blocked, id=20308, stack(0x000000900e800000,0x000000900e900000)]
  0x000001e3610d5000 JavaThread "Sweeper thread" daemon [_thread_blocked, id=18812, stack(0x000000900e900000,0x000000900ea00000)]
  0x000001e361b8c000 JavaThread "Common-Cleaner" daemon [_thread_blocked, id=14776, stack(0x000000900eb00000,0x000000900ec00000)]
=>0x000001e361b83800 JavaThread "C2 CompilerThread1" daemon [_thread_in_native, id=10608, stack(0x000000900ec00000,0x000000900ed00000)]

Other Threads:
  0x000001e361081000 VMThread "VM Thread" [stack: 0x000000900e100000,0x000000900e200000] [id=17440]
  0x000001e361b83000 WatcherThread [stack: 0x000000900ea00000,0x000000900eb00000] [id=13904]
  0x000001e3455ac000 GCTaskThread "GC Thread#0" [stack: 0x000000900dc00000,0x000000900dd00000] [id=7692]
  0x000001e361f85800 GCTaskThread "GC Thread#1" [stack: 0x000000900ed00000,0x000000900ee00000] [id=2076]
  0x000001e36207f000 GCTaskThread "GC Thread#2" [stack: 0x000000900ee00000,0x000000900ef00000] [id=15756]
  0x000001e345646800 ConcurrentGCThread "G1 Main Marker" [stack: 0x000000900dd00000,0x000000900de00000] [id=5228]
  0x000001e345647800 ConcurrentGCThread "G1 Conc#0" [stack: 0x000000900de00000,0x000000900df00000] [id=10416]
  0x000001e3456dc000 ConcurrentGCThread "G1 Refine#0" [stack: 0x000000900df00000,0x000000900e000000] [id=8540]
  0x000001e3456dd000 ConcurrentGCThread "G1 Young RemSet Sampling" [stack: 0x000000900e000000,0x000000900e100000] [id=7276]

Threads with active compile tasks:
C2 CompilerThread0   3626 3619   !   4       org.jetbrains.kotlin.metadata.ProtoBuf$Function::<init> (1112 bytes)
C2 CompilerThread1   3626 3592   !   4       org.jetbrains.kotlin.metadata.ProtoBuf$Type::<init> (875 bytes)

VM state:not at safepoint (normal execution)

VM Mutex/Monitor currently owned by a thread: None

Heap address: 0x0000000081c00000, size: 2020 MB, Compressed Oops mode: 32-bit
Narrow klass base: 0x0000000000000000, Narrow klass shift: 3
Compressed class space size: 1073741824 Address: 0x0000000100000000

Heap:
 garbage-first heap   total 157696K, used 50629K [0x0000000081c00000, 0x0000000100000000)
  region size 1024K, 30 young (30720K), 8 survivors (8192K)
 Metaspace       used 46550K, capacity 47049K, committed 47232K, reserved 1091584K
  class space    used 5483K, capacity 5683K, committed 5760K, reserved 1048576K
Heap Regions: E=young(eden), S=young(survivor), O=old, HS=humongous(starts), HC=humongous(continues), CS=collection set, F=free, A=archive, TAMS=top-at-mark-start (previous, next)
|   0|0x0000000081c00000, 0x0000000081d00000, 0x0000000081d00000|100%|HS|  |TAMS 0x0000000081d00000, 0x0000000081c00000| Complete 
|   1|0x0000000081d00000, 0x0000000081e00000, 0x0000000081e00000|100%|HC|  |TAMS 0x0000000081e00000, 0x0000000081d00000| Complete 
|   2|0x0000000081e00000, 0x0000000081f00000, 0x0000000081f00000|100%|HC|  |TAMS 0x0000000081f00000, 0x0000000081e00000| Complete 
|   3|0x0000000081f00000, 0x0000000082000000, 0x0000000082000000|100%| O|  |TAMS 0x0000000082000000, 0x0000000081f00000| Untracked 
|   4|0x0000000082000000, 0x0000000082100000, 0x0000000082100000|100%| O|  |TAMS 0x0000000082100000, 0x0000000082000000| Untracked 
|   5|0x0000000082100000, 0x0000000082200000, 0x0000000082200000|100%|HS|  |TAMS 0x0000000082200000, 0x0000000082100000| Complete 
|   6|0x0000000082200000, 0x0000000082300000, 0x0000000082300000|100%|HC|  |TAMS 0x0000000082300000, 0x0000000082200000| Complete 
|   7|0x0000000082300000, 0x0000000082400000, 0x0000000082400000|100%|HC|  |TAMS 0x0000000082400000, 0x0000000082300000| Complete 
|   8|0x0000000082400000, 0x0000000082500000, 0x0000000082500000|100%|HS|  |TAMS 0x0000000082500000, 0x0000000082400000| Complete 
|   9|0x0000000082500000, 0x0000000082600000, 0x0000000082600000|100%|HC|  |TAMS 0x0000000082600000, 0x0000000082500000| Complete 
|  10|0x0000000082600000, 0x0000000082700000, 0x0000000082700000|100%| O|  |TAMS 0x0000000082700000, 0x0000000082600000| Untracked 
|  11|0x0000000082700000, 0x0000000082800000, 0x0000000082800000|100%| O|  |TAMS 0x0000000082800000, 0x0000000082700000| Untracked 
|  12|0x0000000082800000, 0x0000000082900000, 0x0000000082900000|100%| O|  |TAMS 0x0000000082900000, 0x0000000082800000| Untracked 
|  13|0x0000000082900000, 0x0000000082a00000, 0x0000000082a00000|100%| O|  |TAMS 0x0000000082a00000, 0x0000000082900000| Untracked 
|  14|0x0000000082a00000, 0x0000000082b00000, 0x0000000082b00000|100%| O|  |TAMS 0x0000000082b00000, 0x0000000082a00000| Untracked 
|  15|0x0000000082b00000, 0x0000000082c00000, 0x0000000082c00000|100%| O|  |TAMS 0x0000000082c00000, 0x0000000082b00000| Untracked 
|  16|0x0000000082c00000, 0x0000000082d00000, 0x0000000082d00000|100%| O|  |TAMS 0x0000000082d00000, 0x0000000082c00000| Untracked 
|  17|0x0000000082d00000, 0x0000000082e00000, 0x0000000082e00000|100%| O|  |TAMS 0x0000000082e00000, 0x0000000082d00000| Untracked 
|  18|0x0000000082e00000, 0x0000000082f00000, 0x0000000082f00000|100%| O|  |TAMS 0x0000000082f00000, 0x0000000082e00000| Untracked 
|  19|0x0000000082f00000, 0x0000000082fe1200, 0x0000000083000000| 87%| O|  |TAMS 0x0000000082fe1200, 0x0000000082f00000| Untracked 
|  20|0x0000000083000000, 0x0000000083100000, 0x0000000083100000|100%|HS|  |TAMS 0x0000000083000000, 0x0000000083000000| Complete 
|  21|0x0000000083100000, 0x0000000083100000, 0x0000000083200000|  0%| F|  |TAMS 0x0000000083100000, 0x0000000083100000| Untracked 
|  22|0x0000000083200000, 0x0000000083200000, 0x0000000083300000|  0%| F|  |TAMS 0x0000000083200000, 0x0000000083200000| Untracked 
|  23|0x0000000083300000, 0x0000000083300000, 0x0000000083400000|  0%| F|  |TAMS 0x0000000083300000, 0x0000000083300000| Untracked 
|  24|0x0000000083400000, 0x0000000083400000, 0x0000000083500000|  0%| F|  |TAMS 0x0000000083400000, 0x0000000083400000| Untracked 
|  25|0x0000000083500000, 0x0000000083500000, 0x0000000083600000|  0%| F|  |TAMS 0x0000000083500000, 0x0000000083500000| Untracked 
|  26|0x0000000083600000, 0x0000000083600000, 0x0000000083700000|  0%| F|  |TAMS 0x0000000083600000, 0x0000000083600000| Untracked 
|  27|0x0000000083700000, 0x0000000083700000, 0x0000000083800000|  0%| F|  |TAMS 0x0000000083700000, 0x0000000083700000| Untracked 
|  28|0x0000000083800000, 0x0000000083800000, 0x0000000083900000|  0%| F|  |TAMS 0x0000000083800000, 0x0000000083800000| Untracked 
|  29|0x0000000083900000, 0x0000000083900000, 0x0000000083a00000|  0%| F|  |TAMS 0x0000000083900000, 0x0000000083900000| Untracked 
|  30|0x0000000083a00000, 0x0000000083a00000, 0x0000000083b00000|  0%| F|  |TAMS 0x0000000083a00000, 0x0000000083a00000| Untracked 
|  31|0x0000000083b00000, 0x0000000083b00000, 0x0000000083c00000|  0%| F|  |TAMS 0x0000000083b00000, 0x0000000083b00000| Untracked 
|  32|0x0000000083c00000, 0x0000000083c00000, 0x0000000083d00000|  0%| F|  |TAMS 0x0000000083c00000, 0x0000000083c00000| Untracked 
|  33|0x0000000083d00000, 0x0000000083d00000, 0x0000000083e00000|  0%| F|  |TAMS 0x0000000083d00000, 0x0000000083d00000| Untracked 
|  34|0x0000000083e00000, 0x0000000083e00000, 0x0000000083f00000|  0%| F|  |TAMS 0x0000000083e00000, 0x0000000083e00000| Untracked 
|  35|0x0000000083f00000, 0x0000000083f00000, 0x0000000084000000|  0%| F|  |TAMS 0x0000000083f00000, 0x0000000083f00000| Untracked 
|  36|0x0000000084000000, 0x0000000084000000, 0x0000000084100000|  0%| F|  |TAMS 0x0000000084000000, 0x0000000084000000| Untracked 
|  37|0x0000000084100000, 0x0000000084100000, 0x0000000084200000|  0%| F|  |TAMS 0x0000000084100000, 0x0000000084100000| Untracked 
|  38|0x0000000084200000, 0x0000000084200000, 0x0000000084300000|  0%| F|  |TAMS 0x0000000084200000, 0x0000000084200000| Untracked 
|  39|0x0000000084300000, 0x0000000084300000, 0x0000000084400000|  0%| F|  |TAMS 0x0000000084300000, 0x0000000084300000| Untracked 
|  40|0x0000000084400000, 0x0000000084400000, 0x0000000084500000|  0%| F|  |TAMS 0x0000000084400000, 0x0000000084400000| Untracked 
|  41|0x0000000084500000, 0x0000000084500000, 0x0000000084600000|  0%| F|  |TAMS 0x0000000084500000, 0x0000000084500000| Untracked 
|  42|0x0000000084600000, 0x0000000084600000, 0x0000000084700000|  0%| F|  |TAMS 0x0000000084600000, 0x0000000084600000| Untracked 
|  43|0x0000000084700000, 0x0000000084700000, 0x0000000084800000|  0%| F|  |TAMS 0x0000000084700000, 0x0000000084700000| Untracked 
|  44|0x0000000084800000, 0x0000000084800000, 0x0000000084900000|  0%| F|  |TAMS 0x0000000084800000, 0x0000000084800000| Untracked 
|  45|0x0000000084900000, 0x0000000084900000, 0x0000000084a00000|  0%| F|  |TAMS 0x0000000084900000, 0x0000000084900000| Untracked 
|  46|0x0000000084a00000, 0x0000000084a00000, 0x0000000084b00000|  0%| F|  |TAMS 0x0000000084a00000, 0x0000000084a00000| Untracked 
|  47|0x0000000084b00000, 0x0000000084b00000, 0x0000000084c00000|  0%| F|  |TAMS 0x0000000084b00000, 0x0000000084b00000| Untracked 
|  48|0x0000000084c00000, 0x0000000084c00000, 0x0000000084d00000|  0%| F|  |TAMS 0x0000000084c00000, 0x0000000084c00000| Untracked 
|  49|0x0000000084d00000, 0x0000000084d00000, 0x0000000084e00000|  0%| F|  |TAMS 0x0000000084d00000, 0x0000000084d00000| Untracked 
|  50|0x0000000084e00000, 0x0000000084e00000, 0x0000000084f00000|  0%| F|  |TAMS 0x0000000084e00000, 0x0000000084e00000| Untracked 
|  51|0x0000000084f00000, 0x0000000084f00000, 0x0000000085000000|  0%| F|  |TAMS 0x0000000084f00000, 0x0000000084f00000| Untracked 
|  52|0x0000000085000000, 0x0000000085000000, 0x0000000085100000|  0%| F|  |TAMS 0x0000000085000000, 0x0000000085000000| Untracked 
|  53|0x0000000085100000, 0x0000000085100000, 0x0000000085200000|  0%| F|  |TAMS 0x0000000085100000, 0x0000000085100000| Untracked 
|  54|0x0000000085200000, 0x0000000085200000, 0x0000000085300000|  0%| F|  |TAMS 0x0000000085200000, 0x0000000085200000| Untracked 
|  55|0x0000000085300000, 0x0000000085300000, 0x0000000085400000|  0%| F|  |TAMS 0x0000000085300000, 0x0000000085300000| Untracked 
|  56|0x0000000085400000, 0x0000000085400000, 0x0000000085500000|  0%| F|  |TAMS 0x0000000085400000, 0x0000000085400000| Untracked 
|  57|0x0000000085500000, 0x0000000085500000, 0x0000000085600000|  0%| F|  |TAMS 0x0000000085500000, 0x0000000085500000| Untracked 
|  58|0x0000000085600000, 0x0000000085600000, 0x0000000085700000|  0%| F|  |TAMS 0x0000000085600000, 0x0000000085600000| Untracked 
|  59|0x0000000085700000, 0x0000000085700000, 0x0000000085800000|  0%| F|  |TAMS 0x0000000085700000, 0x0000000085700000| Untracked 
|  60|0x0000000085800000, 0x0000000085890220, 0x0000000085900000| 56%| S|CS|TAMS 0x0000000085800000, 0x0000000085800000| Complete 
|  61|0x0000000085900000, 0x0000000085a00000, 0x0000000085a00000|100%| S|CS|TAMS 0x0000000085900000, 0x0000000085900000| Complete 
|  62|0x0000000085a00000, 0x0000000085b00000, 0x0000000085b00000|100%| S|CS|TAMS 0x0000000085a00000, 0x0000000085a00000| Complete 
|  63|0x0000000085b00000, 0x0000000085c00000, 0x0000000085c00000|100%| S|CS|TAMS 0x0000000085b00000, 0x0000000085b00000| Complete 
|  64|0x0000000085c00000, 0x0000000085d00000, 0x0000000085d00000|100%| S|CS|TAMS 0x0000000085c00000, 0x0000000085c00000| Complete 
|  65|0x0000000085d00000, 0x0000000085e00000, 0x0000000085e00000|100%| S|CS|TAMS 0x0000000085d00000, 0x0000000085d00000| Complete 
|  66|0x0000000085e00000, 0x0000000085f00000, 0x0000000085f00000|100%| S|CS|TAMS 0x0000000085e00000, 0x0000000085e00000| Complete 
|  67|0x0000000085f00000, 0x0000000086000000, 0x0000000086000000|100%| S|CS|TAMS 0x0000000085f00000, 0x0000000085f00000| Complete 
|  68|0x0000000086000000, 0x0000000086000000, 0x0000000086100000|  0%| F|  |TAMS 0x0000000086000000, 0x0000000086000000| Untracked 
|  69|0x0000000086100000, 0x0000000086100000, 0x0000000086200000|  0%| F|  |TAMS 0x0000000086100000, 0x0000000086100000| Untracked 
|  70|0x0000000086200000, 0x0000000086200000, 0x0000000086300000|  0%| F|  |TAMS 0x0000000086200000, 0x0000000086200000| Untracked 
|  71|0x0000000086300000, 0x0000000086300000, 0x0000000086400000|  0%| F|  |TAMS 0x0000000086300000, 0x0000000086300000| Untracked 
|  72|0x0000000086400000, 0x0000000086400000, 0x0000000086500000|  0%| F|  |TAMS 0x0000000086400000, 0x0000000086400000| Untracked 
|  73|0x0000000086500000, 0x0000000086500000, 0x0000000086600000|  0%| F|  |TAMS 0x0000000086500000, 0x0000000086500000| Untracked 
|  74|0x0000000086600000, 0x0000000086600000, 0x0000000086700000|  0%| F|  |TAMS 0x0000000086600000, 0x0000000086600000| Untracked 
|  75|0x0000000086700000, 0x0000000086700000, 0x0000000086800000|  0%| F|  |TAMS 0x0000000086700000, 0x0000000086700000| Untracked 
|  76|0x0000000086800000, 0x0000000086800000, 0x0000000086900000|  0%| F|  |TAMS 0x0000000086800000, 0x0000000086800000| Untracked 
|  77|0x0000000086900000, 0x0000000086900000, 0x0000000086a00000|  0%| F|  |TAMS 0x0000000086900000, 0x0000000086900000| Untracked 
|  78|0x0000000086a00000, 0x0000000086a00000, 0x0000000086b00000|  0%| F|  |TAMS 0x0000000086a00000, 0x0000000086a00000| Untracked 
|  79|0x0000000086b00000, 0x0000000086b00000, 0x0000000086c00000|  0%| F|  |TAMS 0x0000000086b00000, 0x0000000086b00000| Untracked 
|  80|0x0000000086c00000, 0x0000000086c00000, 0x0000000086d00000|  0%| F|  |TAMS 0x0000000086c00000, 0x0000000086c00000| Untracked 
|  81|0x0000000086d00000, 0x0000000086d00000, 0x0000000086e00000|  0%| F|  |TAMS 0x0000000086d00000, 0x0000000086d00000| Untracked 
|  82|0x0000000086e00000, 0x0000000086e00000, 0x0000000086f00000|  0%| F|  |TAMS 0x0000000086e00000, 0x0000000086e00000| Untracked 
|  83|0x0000000086f00000, 0x0000000086f00000, 0x0000000087000000|  0%| F|  |TAMS 0x0000000086f00000, 0x0000000086f00000| Untracked 
|  84|0x0000000087000000, 0x0000000087000000, 0x0000000087100000|  0%| F|  |TAMS 0x0000000087000000, 0x0000000087000000| Untracked 
|  85|0x0000000087100000, 0x0000000087100000, 0x0000000087200000|  0%| F|  |TAMS 0x0000000087100000, 0x0000000087100000| Untracked 
|  86|0x0000000087200000, 0x0000000087200000, 0x0000000087300000|  0%| F|  |TAMS 0x0000000087200000, 0x0000000087200000| Untracked 
|  87|0x0000000087300000, 0x0000000087300000, 0x0000000087400000|  0%| F|  |TAMS 0x0000000087300000, 0x0000000087300000| Untracked 
|  88|0x0000000087400000, 0x0000000087400000, 0x0000000087500000|  0%| F|  |TAMS 0x0000000087400000, 0x0000000087400000| Untracked 
|  89|0x0000000087500000, 0x0000000087500000, 0x0000000087600000|  0%| F|  |TAMS 0x0000000087500000, 0x0000000087500000| Untracked 
|  90|0x0000000087600000, 0x0000000087600000, 0x0000000087700000|  0%| F|  |TAMS 0x0000000087600000, 0x0000000087600000| Untracked 
|  91|0x0000000087700000, 0x0000000087700000, 0x0000000087800000|  0%| F|  |TAMS 0x0000000087700000, 0x0000000087700000| Untracked 
|  92|0x0000000087800000, 0x0000000087800000, 0x0000000087900000|  0%| F|  |TAMS 0x0000000087800000, 0x0000000087800000| Untracked 
|  93|0x0000000087900000, 0x0000000087900000, 0x0000000087a00000|  0%| F|  |TAMS 0x0000000087900000, 0x0000000087900000| Untracked 
|  94|0x0000000087a00000, 0x0000000087a00000, 0x0000000087b00000|  0%| F|  |TAMS 0x0000000087a00000, 0x0000000087a00000| Untracked 
|  95|0x0000000087b00000, 0x0000000087b00000, 0x0000000087c00000|  0%| F|  |TAMS 0x0000000087b00000, 0x0000000087b00000| Untracked 
|  96|0x0000000087c00000, 0x0000000087c00000, 0x0000000087d00000|  0%| F|  |TAMS 0x0000000087c00000, 0x0000000087c00000| Untracked 
|  97|0x0000000087d00000, 0x0000000087d00000, 0x0000000087e00000|  0%| F|  |TAMS 0x0000000087d00000, 0x0000000087d00000| Untracked 
|  98|0x0000000087e00000, 0x0000000087e00000, 0x0000000087f00000|  0%| F|  |TAMS 0x0000000087e00000, 0x0000000087e00000| Untracked 
|  99|0x0000000087f00000, 0x0000000087f00000, 0x0000000088000000|  0%| F|  |TAMS 0x0000000087f00000, 0x0000000087f00000| Untracked 
| 100|0x0000000088000000, 0x0000000088000000, 0x0000000088100000|  0%| F|  |TAMS 0x0000000088000000, 0x0000000088000000| Untracked 
| 101|0x0000000088100000, 0x0000000088100000, 0x0000000088200000|  0%| F|  |TAMS 0x0000000088100000, 0x0000000088100000| Untracked 
| 102|0x0000000088200000, 0x0000000088200000, 0x0000000088300000|  0%| F|  |TAMS 0x0000000088200000, 0x0000000088200000| Untracked 
| 103|0x0000000088300000, 0x0000000088300000, 0x0000000088400000|  0%| F|  |TAMS 0x0000000088300000, 0x0000000088300000| Untracked 
| 104|0x0000000088400000, 0x0000000088400000, 0x0000000088500000|  0%| F|  |TAMS 0x0000000088400000, 0x0000000088400000| Untracked 
| 105|0x0000000088500000, 0x0000000088500000, 0x0000000088600000|  0%| F|  |TAMS 0x0000000088500000, 0x0000000088500000| Untracked 
| 106|0x0000000088600000, 0x0000000088600000, 0x0000000088700000|  0%| F|  |TAMS 0x0000000088600000, 0x0000000088600000| Untracked 
| 107|0x0000000088700000, 0x0000000088700000, 0x0000000088800000|  0%| F|  |TAMS 0x0000000088700000, 0x0000000088700000| Untracked 
| 108|0x0000000088800000, 0x0000000088800000, 0x0000000088900000|  0%| F|  |TAMS 0x0000000088800000, 0x0000000088800000| Untracked 
| 109|0x0000000088900000, 0x0000000088900000, 0x0000000088a00000|  0%| F|  |TAMS 0x0000000088900000, 0x0000000088900000| Untracked 
| 110|0x0000000088a00000, 0x0000000088a00000, 0x0000000088b00000|  0%| F|  |TAMS 0x0000000088a00000, 0x0000000088a00000| Untracked 
| 111|0x0000000088b00000, 0x0000000088b00000, 0x0000000088c00000|  0%| F|  |TAMS 0x0000000088b00000, 0x0000000088b00000| Untracked 
| 112|0x0000000088c00000, 0x0000000088c00000, 0x0000000088d00000|  0%| F|  |TAMS 0x0000000088c00000, 0x0000000088c00000| Untracked 
| 113|0x0000000088d00000, 0x0000000088d00000, 0x0000000088e00000|  0%| F|  |TAMS 0x0000000088d00000, 0x0000000088d00000| Untracked 
| 114|0x0000000088e00000, 0x0000000088e00000, 0x0000000088f00000|  0%| F|  |TAMS 0x0000000088e00000, 0x0000000088e00000| Untracked 
| 115|0x0000000088f00000, 0x0000000088f00000, 0x0000000089000000|  0%| F|  |TAMS 0x0000000088f00000, 0x0000000088f00000| Untracked 
| 116|0x0000000089000000, 0x0000000089000000, 0x0000000089100000|  0%| F|  |TAMS 0x0000000089000000, 0x0000000089000000| Untracked 
| 117|0x0000000089100000, 0x0000000089100000, 0x0000000089200000|  0%| F|  |TAMS 0x0000000089100000, 0x0000000089100000| Untracked 
| 118|0x0000000089200000, 0x0000000089200000, 0x0000000089300000|  0%| F|  |TAMS 0x0000000089200000, 0x0000000089200000| Untracked 
| 119|0x0000000089300000, 0x0000000089300000, 0x0000000089400000|  0%| F|  |TAMS 0x0000000089300000, 0x0000000089300000| Untracked 
| 120|0x0000000089400000, 0x0000000089400000, 0x0000000089500000|  0%| F|  |TAMS 0x0000000089400000, 0x0000000089400000| Untracked 
| 121|0x0000000089500000, 0x0000000089500000, 0x0000000089600000|  0%| F|  |TAMS 0x0000000089500000, 0x0000000089500000| Untracked 
| 122|0x0000000089600000, 0x0000000089600000, 0x0000000089700000|  0%| F|  |TAMS 0x0000000089600000, 0x0000000089600000| Untracked 
| 123|0x0000000089700000, 0x0000000089700000, 0x0000000089800000|  0%| F|  |TAMS 0x0000000089700000, 0x0000000089700000| Untracked 
| 124|0x0000000089800000, 0x0000000089800000, 0x0000000089900000|  0%| F|  |TAMS 0x0000000089800000, 0x0000000089800000| Untracked 
| 125|0x0000000089900000, 0x0000000089900000, 0x0000000089a00000|  0%| F|  |TAMS 0x0000000089900000, 0x0000000089900000| Untracked 
| 126|0x0000000089a00000, 0x0000000089a00000, 0x0000000089b00000|  0%| F|  |TAMS 0x0000000089a00000, 0x0000000089a00000| Untracked 
| 127|0x0000000089b00000, 0x0000000089b00000, 0x0000000089c00000|  0%| F|  |TAMS 0x0000000089b00000, 0x0000000089b00000| Untracked 
| 128|0x0000000089c00000, 0x0000000089c00000, 0x0000000089d00000|  0%| F|  |TAMS 0x0000000089c00000, 0x0000000089c00000| Untracked 
| 129|0x0000000089d00000, 0x0000000089d00000, 0x0000000089e00000|  0%| F|  |TAMS 0x0000000089d00000, 0x0000000089d00000| Untracked 
| 130|0x0000000089e00000, 0x0000000089e00000, 0x0000000089f00000|  0%| F|  |TAMS 0x0000000089e00000, 0x0000000089e00000| Untracked 
| 131|0x0000000089f00000, 0x0000000089f00000, 0x000000008a000000|  0%| F|  |TAMS 0x0000000089f00000, 0x0000000089f00000| Untracked 
| 132|0x000000008a000000, 0x000000008a100000, 0x000000008a100000|100%| E|  |TAMS 0x000000008a000000, 0x000000008a000000| Complete 
| 133|0x000000008a100000, 0x000000008a200000, 0x000000008a200000|100%| E|CS|TAMS 0x000000008a100000, 0x000000008a100000| Complete 
| 134|0x000000008a200000, 0x000000008a300000, 0x000000008a300000|100%| E|CS|TAMS 0x000000008a200000, 0x000000008a200000| Complete 
| 135|0x000000008a300000, 0x000000008a400000, 0x000000008a400000|100%| E|CS|TAMS 0x000000008a300000, 0x000000008a300000| Complete 
| 136|0x000000008a400000, 0x000000008a500000, 0x000000008a500000|100%| E|CS|TAMS 0x000000008a400000, 0x000000008a400000| Complete 
| 137|0x000000008a500000, 0x000000008a600000, 0x000000008a600000|100%| E|CS|TAMS 0x000000008a500000, 0x000000008a500000| Complete 
| 138|0x000000008a600000, 0x000000008a700000, 0x000000008a700000|100%| E|CS|TAMS 0x000000008a600000, 0x000000008a600000| Complete 
| 139|0x000000008a700000, 0x000000008a800000, 0x000000008a800000|100%| E|CS|TAMS 0x000000008a700000, 0x000000008a700000| Complete 
| 140|0x000000008a800000, 0x000000008a900000, 0x000000008a900000|100%| E|CS|TAMS 0x000000008a800000, 0x000000008a800000| Complete 
| 141|0x000000008a900000, 0x000000008aa00000, 0x000000008aa00000|100%| E|CS|TAMS 0x000000008a900000, 0x000000008a900000| Complete 
| 142|0x000000008aa00000, 0x000000008ab00000, 0x000000008ab00000|100%| E|CS|TAMS 0x000000008aa00000, 0x000000008aa00000| Complete 
| 143|0x000000008ab00000, 0x000000008ac00000, 0x000000008ac00000|100%| E|CS|TAMS 0x000000008ab00000, 0x000000008ab00000| Complete 
| 144|0x000000008ac00000, 0x000000008ad00000, 0x000000008ad00000|100%| E|CS|TAMS 0x000000008ac00000, 0x000000008ac00000| Complete 
| 145|0x000000008ad00000, 0x000000008ae00000, 0x000000008ae00000|100%| E|CS|TAMS 0x000000008ad00000, 0x000000008ad00000| Complete 
| 146|0x000000008ae00000, 0x000000008af00000, 0x000000008af00000|100%| E|CS|TAMS 0x000000008ae00000, 0x000000008ae00000| Complete 
| 147|0x000000008af00000, 0x000000008b000000, 0x000000008b000000|100%| E|CS|TAMS 0x000000008af00000, 0x000000008af00000| Complete 
| 148|0x000000008b000000, 0x000000008b100000, 0x000000008b100000|100%| E|CS|TAMS 0x000000008b000000, 0x000000008b000000| Complete 
| 149|0x000000008b100000, 0x000000008b200000, 0x000000008b200000|100%| E|CS|TAMS 0x000000008b100000, 0x000000008b100000| Complete 
| 150|0x000000008b200000, 0x000000008b300000, 0x000000008b300000|100%| E|CS|TAMS 0x000000008b200000, 0x000000008b200000| Complete 
| 151|0x000000008b300000, 0x000000008b400000, 0x000000008b400000|100%| E|CS|TAMS 0x000000008b300000, 0x000000008b300000| Complete 
| 152|0x000000008b400000, 0x000000008b500000, 0x000000008b500000|100%| E|CS|TAMS 0x000000008b400000, 0x000000008b400000| Complete 
| 153|0x000000008b500000, 0x000000008b600000, 0x000000008b600000|100%| E|CS|TAMS 0x000000008b500000, 0x000000008b500000| Complete 

Card table byte_map: [0x000001e35a330000,0x000001e35a730000] _byte_map_base: 0x000001e359f22000

Marking Bits (Prev, Next): (CMBitMap*) 0x000001e34563da00, (CMBitMap*) 0x000001e34563d9c8
 Prev Bits: [0x000001e35cac0000, 0x000001e35ea50000)
 Next Bits: [0x000001e35ab30000, 0x000001e35cac0000)

Polling page: 0x000001e3456e0000

Metaspace:

Usage:
  Non-class:     40.40 MB capacity,    40.11 MB (>99%) used,   222.63 KB ( <1%) free+waste,    69.00 KB ( <1%) overhead. 
      Class:      5.55 MB capacity,     5.36 MB ( 97%) used,   168.10 KB (  3%) free+waste,    30.19 KB ( <1%) overhead. 
       Both:     45.95 MB capacity,    45.47 MB ( 99%) used,   390.73 KB ( <1%) free+waste,    99.19 KB ( <1%) overhead. 

Virtual space:
  Non-class space:       42.00 MB reserved,      40.50 MB ( 96%) committed 
      Class space:        1.00 GB reserved,       5.63 MB ( <1%) committed 
             Both:        1.04 GB reserved,      46.13 MB (  4%) committed 

Chunk freelists:
   Non-Class:  106.00 KB
       Class:  13.00 KB
        Both:  119.00 KB

MaxMetaspaceSize: 17179869184.00 GB
CompressedClassSpaceSize: 1.00 GB

CodeHeap 'non-profiled nmethods': size=120064Kb used=1466Kb max_used=1466Kb free=118597Kb
 bounds [0x000001e3523d0000, 0x000001e352640000, 0x000001e359910000]
CodeHeap 'profiled nmethods': size=120000Kb used=7755Kb max_used=7755Kb free=112244Kb
 bounds [0x000001e34aea0000, 0x000001e34b640000, 0x000001e3523d0000]
CodeHeap 'non-nmethods': size=5696Kb used=1189Kb max_used=1250Kb free=4506Kb
 bounds [0x000001e34a910000, 0x000001e34ab80000, 0x000001e34aea0000]
 total_blobs=4201 nmethods=3661 adapters=451
 compilation: enabled
              stopped_count=0, restarted_count=0
 full_count=0

Compilation events (20 events):
Event: 3.578 Thread 0x000001e3610d4000 3676       2       java.io.ByteArrayInputStream::<init> (26 bytes)
Event: 3.578 Thread 0x000001e3610d4000 nmethod 3676 0x000001e34b62c590 code [0x000001e34b62c740, 0x000001e34b62c898]
Event: 3.581 Thread 0x000001e3610d4000 3677       2       org.jetbrains.kotlin.metadata.ProtoBuf$Type$Argument$Projection::valueOf (50 bytes)
Event: 3.582 Thread 0x000001e3610d4000 nmethod 3677 0x000001e34b62c990 code [0x000001e34b62cb40, 0x000001e34b62ccb8]
Event: 3.583 Thread 0x000001e3610d4000 3678       2       org.jetbrains.kotlin.protobuf.CodedInputStream::readRawVarint64 (305 bytes)
Event: 3.583 Thread 0x000001e3610d4000 nmethod 3678 0x000001e34b62cd90 code [0x000001e34b62cf60, 0x000001e34b62d428]
Event: 3.592 Thread 0x000001e3610d4000 3680       2       org.jetbrains.kotlin.serialization.deserialization.descriptors.DeserializedMemberScope$OptimizedImplementation::packToByteArray (269 bytes)
Event: 3.593 Thread 0x000001e3610d4000 nmethod 3680 0x000001e34b62d610 code [0x000001e34b62d980, 0x000001e34b62e6a8]
Event: 3.595 Thread 0x000001e3610d4000 3683       2       org.jetbrains.kotlin.load.kotlin.DeserializedDescriptorResolver::getComponents (18 bytes)
Event: 3.596 Thread 0x000001e3610d4000 nmethod 3683 0x000001e34b62f190 code [0x000001e34b62f3c0, 0x000001e34b62f758]
Event: 3.596 Thread 0x000001e3610d4000 3684       2       org.jetbrains.kotlin.load.kotlin.header.KotlinClassHeader::has (12 bytes)
Event: 3.596 Thread 0x000001e3610d4000 nmethod 3684 0x000001e34b62fa10 code [0x000001e34b62fbc0, 0x000001e34b62fcd8]
Event: 3.598 Thread 0x000001e3610d4000 3685       2       org.jetbrains.kotlin.metadata.ProtoBuf$Annotation::writeTo (72 bytes)
Event: 3.598 Thread 0x000001e3610d4000 nmethod 3685 0x000001e34b62fd90 code [0x000001e34b62ffe0, 0x000001e34b630418]
Event: 3.603 Thread 0x000001e3610d4000 3686       2       java.lang.Enum::hashCode (5 bytes)
Event: 3.603 Thread 0x000001e3610d4000 nmethod 3686 0x000001e34b630710 code [0x000001e34b6308c0, 0x000001e34b6309c8]
Event: 3.604 Thread 0x000001e3610d4000 3687       2       org.jetbrains.kotlin.metadata.jvm.JvmProtoBuf$StringTableTypes$Record$Operation::valueOf (42 bytes)
Event: 3.604 Thread 0x000001e3610d4000 nmethod 3687 0x000001e34b630a90 code [0x000001e34b630c40, 0x000001e34b630d98]
Event: 3.605 Thread 0x000001e3610d4000 3688       1       org.jetbrains.kotlin.load.kotlin.header.KotlinClassHeader::getKind (5 bytes)
Event: 3.605 Thread 0x000001e3610d4000 nmethod 3688 0x000001e35253e710 code [0x000001e35253e8c0, 0x000001e35253e978]

GC Heap History (10 events):
Event: 0.416 GC heap before
{Heap before GC invocations=0 (full 0):
 garbage-first heap   total 131072K, used 17408K [0x0000000081c00000, 0x0000000100000000)
  region size 1024K, 14 young (14336K), 0 survivors (0K)
 Metaspace       used 9808K, capacity 9938K, committed 10112K, reserved 1058816K
  class space    used 840K, capacity 885K, committed 896K, reserved 1048576K
}
Event: 0.419 GC heap after
{Heap after GC invocations=1 (full 0):
 garbage-first heap   total 131072K, used 5196K [0x0000000081c00000, 0x0000000100000000)
  region size 1024K, 2 young (2048K), 2 survivors (2048K)
 Metaspace       used 9808K, capacity 9938K, committed 10112K, reserved 1058816K
  class space    used 840K, capacity 885K, committed 896K, reserved 1048576K
}
Event: 1.152 GC heap before
{Heap before GC invocations=1 (full 0):
 garbage-first heap   total 131072K, used 49228K [0x0000000081c00000, 0x0000000100000000)
  region size 1024K, 46 young (47104K), 2 survivors (2048K)
 Metaspace       used 20726K, capacity 20990K, committed 21248K, reserved 1069056K
  class space    used 2199K, capacity 2280K, committed 2304K, reserved 1048576K
}
Event: 1.164 GC heap after
{Heap after GC invocations=2 (full 0):
 garbage-first heap   total 131072K, used 9045K [0x0000000081c00000, 0x0000000100000000)
  region size 1024K, 6 young (6144K), 6 survivors (6144K)
 Metaspace       used 20726K, capacity 20990K, committed 21248K, reserved 1069056K
  class space    used 2199K, capacity 2280K, committed 2304K, reserved 1048576K
}
Event: 1.960 GC heap before
{Heap before GC invocations=3 (full 0):
 garbage-first heap   total 131072K, used 62293K [0x0000000081c00000, 0x0000000100000000)
  region size 1024K, 53 young (54272K), 6 survivors (6144K)
 Metaspace       used 32313K, capacity 32758K, committed 32896K, reserved 1077248K
  class space    used 4050K, capacity 4214K, committed 4224K, reserved 1048576K
}
Event: 1.973 GC heap after
{Heap after GC invocations=4 (full 0):
 garbage-first heap   total 131072K, used 20507K [0x0000000081c00000, 0x0000000100000000)
  region size 1024K, 7 young (7168K), 7 survivors (7168K)
 Metaspace       used 32313K, capacity 32758K, committed 32896K, reserved 1077248K
  class space    used 4050K, capacity 4214K, committed 4224K, reserved 1048576K
}
Event: 2.157 GC heap before
{Heap before GC invocations=4 (full 0):
 garbage-first heap   total 131072K, used 32795K [0x0000000081c00000, 0x0000000100000000)
  region size 1024K, 20 young (20480K), 7 survivors (7168K)
 Metaspace       used 35041K, capacity 35425K, committed 35584K, reserved 1081344K
  class space    used 4349K, capacity 4506K, committed 4608K, reserved 1048576K
}
Event: 2.170 GC heap after
{Heap after GC invocations=5 (full 0):
 garbage-first heap   total 131072K, used 22100K [0x0000000081c00000, 0x0000000100000000)
  region size 1024K, 2 young (2048K), 2 survivors (2048K)
 Metaspace       used 35041K, capacity 35425K, committed 35584K, reserved 1081344K
  class space    used 4349K, capacity 4506K, committed 4608K, reserved 1048576K
}
Event: 3.424 GC heap before
{Heap before GC invocations=6 (full 0):
 garbage-first heap   total 131072K, used 81492K [0x0000000081c00000, 0x0000000100000000)
  region size 1024K, 60 young (61440K), 2 survivors (2048K)
 Metaspace       used 46464K, capacity 46984K, committed 47232K, reserved 1091584K
  class space    used 5482K, capacity 5683K, committed 5760K, reserved 1048576K
}
Event: 3.447 GC heap after
{Heap after GC invocations=7 (full 0):
 garbage-first heap   total 157696K, used 28101K [0x0000000081c00000, 0x0000000100000000)
  region size 1024K, 8 young (8192K), 8 survivors (8192K)
 Metaspace       used 46464K, capacity 46984K, committed 47232K, reserved 1091584K
  class space    used 5482K, capacity 5683K, committed 5760K, reserved 1048576K
}

Deoptimization events (20 events):
Event: 3.164 Thread 0x000001e345602000 Uncommon trap: trap_request=0xffffffc6 fr.pc=0x000001e3524b06e8 relative=0x0000000000000568
Event: 3.164 Thread 0x000001e345602000 Uncommon trap: reason=bimorphic_or_optimized_type_check action=maybe_recompile pc=0x000001e3524b06e8 method=org.jetbrains.kotlin.protobuf.CodedInputStream.tryRefillBuffer(I)Z @ 177 c2
Event: 3.164 Thread 0x000001e345602000 DEOPT PACKING pc=0x000001e3524b06e8 sp=0x000000900dbf71c0
Event: 3.164 Thread 0x000001e345602000 DEOPT UNPACKING pc=0x000001e34a93662f sp=0x000000900dbf70a0 mode 2
Event: 3.167 Thread 0x000001e345602000 Uncommon trap: trap_request=0xffffffc6 fr.pc=0x000001e3524b06e8 relative=0x0000000000000568
Event: 3.167 Thread 0x000001e345602000 Uncommon trap: reason=bimorphic_or_optimized_type_check action=maybe_recompile pc=0x000001e3524b06e8 method=org.jetbrains.kotlin.protobuf.CodedInputStream.tryRefillBuffer(I)Z @ 177 c2
Event: 3.167 Thread 0x000001e345602000 DEOPT PACKING pc=0x000001e3524b06e8 sp=0x000000900dbf7980
Event: 3.167 Thread 0x000001e345602000 DEOPT UNPACKING pc=0x000001e34a93662f sp=0x000000900dbf7868 mode 2
Event: 3.188 Thread 0x000001e345602000 DEOPT PACKING pc=0x000001e34b3b687f sp=0x000000900dbf7af0
Event: 3.188 Thread 0x000001e345602000 DEOPT UNPACKING pc=0x000001e34a936dde sp=0x000000900dbf6f40 mode 0
Event: 3.195 Thread 0x000001e345602000 Uncommon trap: trap_request=0xffffffc6 fr.pc=0x000001e3524b06e8 relative=0x0000000000000568
Event: 3.195 Thread 0x000001e345602000 Uncommon trap: reason=bimorphic_or_optimized_type_check action=maybe_recompile pc=0x000001e3524b06e8 method=org.jetbrains.kotlin.protobuf.CodedInputStream.tryRefillBuffer(I)Z @ 177 c2
Event: 3.195 Thread 0x000001e345602000 DEOPT PACKING pc=0x000001e3524b06e8 sp=0x000000900dbf7e20
Event: 3.195 Thread 0x000001e345602000 DEOPT UNPACKING pc=0x000001e34a93662f sp=0x000000900dbf7d08 mode 2
Event: 3.198 Thread 0x000001e345602000 Uncommon trap: trap_request=0xffffffc6 fr.pc=0x000001e3524ae954 relative=0x0000000000000274
Event: 3.198 Thread 0x000001e345602000 Uncommon trap: reason=bimorphic_or_optimized_type_check action=maybe_recompile pc=0x000001e3524ae954 method=org.jetbrains.kotlin.protobuf.CodedInputStream.tryRefillBuffer(I)Z @ 177 c2
Event: 3.198 Thread 0x000001e345602000 DEOPT PACKING pc=0x000001e3524ae954 sp=0x000000900dbf7dd0
Event: 3.198 Thread 0x000001e345602000 DEOPT UNPACKING pc=0x000001e34a93662f sp=0x000000900dbf7d08 mode 2
Event: 3.517 Thread 0x000001e345602000 DEOPT PACKING pc=0x000001e34b3b687f sp=0x000000900dbfae70
Event: 3.517 Thread 0x000001e345602000 DEOPT UNPACKING pc=0x000001e34a936dde sp=0x000000900dbfa2c0 mode 0

Classes redefined (0 events):
No events

Internal exceptions (20 events):
Event: 1.389 Thread 0x000001e345602000 Exception <a 'java/lang/NoSuchMethodError'{0x0000000088e5a530}: 'java.lang.Object java.lang.invoke.DirectMethodHandle$Holder.invokeStatic(java.lang.Object, java.lang.Object, java.lang.Object, java.lang.Object, java.lang.Object, java.lang.Object, java.lang.Object, java.lang.Object, java.lang.Object, java.lang.Object, java.lang.Object, java.lang.Object, java.lang.Object, java.lang.Object, java.lang.Object)'> (0x0000000088e5a530) thrown at [./src/hotspot/share/interpreter/linkResolver.cpp, line 773]
Event: 1.390 Thread 0x000001e345602000 Exception <a 'java/lang/NoSuchMethodError'{0x0000000088e68538}: 'java.lang.Object java.lang.invoke.DirectMethodHandle$Holder.invokeStatic(java.lang.Object, java.lang.Object, java.lang.Object, java.lang.Object, java.lang.Object, java.lang.Object, java.lang.Object, java.lang.Object, java.lang.Object, java.lang.Object, java.lang.Object, java.lang.Object, java.lang.Object, java.lang.Object, java.lang.Object, java.lang.Object)'> (0x0000000088e68538) thrown at [./src/hotspot/share/interpreter/linkResolver.cpp, l
Event: 1.391 Thread 0x000001e345602000 Exception <a 'java/lang/NoSuchMethodError'{0x0000000088e76450}: 'java.lang.Object java.lang.invoke.DirectMethodHandle$Holder.invokeSpecial(java.lang.Object, java.lang.Object, int, int, java.lang.Object, java.lang.Object, java.lang.Object)'> (0x0000000088e76450) thrown at [./src/hotspot/share/interpreter/linkResolver.cpp, line 773]
Event: 1.391 Thread 0x000001e345602000 Exception <a 'java/lang/NoSuchMethodError'{0x0000000088e79c88}: 'java.lang.Object java.lang.invoke.DelegatingMethodHandle$Holder.reinvoke_L(java.lang.Object, int, int, java.lang.Object, java.lang.Object, java.lang.Object)'> (0x0000000088e79c88) thrown at [./src/hotspot/share/interpreter/linkResolver.cpp, line 773]
Event: 1.392 Thread 0x000001e345602000 Exception <a 'java/lang/NoSuchMethodError'{0x0000000088e7e010}: 'java.lang.Object java.lang.invoke.DirectMethodHandle$Holder.invokeStatic(java.lang.Object, java.lang.Object, java.lang.Object, java.lang.Object, int)'> (0x0000000088e7e010) thrown at [./src/hotspot/share/interpreter/linkResolver.cpp, line 773]
Event: 1.426 Thread 0x000001e345602000 Exception <a 'sun/nio/fs/WindowsException'{0x0000000088dbd500}> (0x0000000088dbd500) thrown at [./src/hotspot/share/prims/jni.cpp, line 615]
Event: 1.427 Thread 0x000001e345602000 Exception <a 'sun/nio/fs/WindowsException'{0x0000000088dbdd78}> (0x0000000088dbdd78) thrown at [./src/hotspot/share/prims/jni.cpp, line 615]
Event: 1.427 Thread 0x000001e345602000 Exception <a 'sun/nio/fs/WindowsException'{0x0000000088dbe600}> (0x0000000088dbe600) thrown at [./src/hotspot/share/prims/jni.cpp, line 615]
Event: 1.427 Thread 0x000001e345602000 Exception <a 'sun/nio/fs/WindowsException'{0x0000000088dbeff8}> (0x0000000088dbeff8) thrown at [./src/hotspot/share/prims/jni.cpp, line 615]
Event: 1.427 Thread 0x000001e345602000 Exception <a 'sun/nio/fs/WindowsException'{0x0000000088dbf900}> (0x0000000088dbf900) thrown at [./src/hotspot/share/prims/jni.cpp, line 615]
Event: 1.427 Thread 0x000001e345602000 Exception <a 'sun/nio/fs/WindowsException'{0x0000000088dc0238}> (0x0000000088dc0238) thrown at [./src/hotspot/share/prims/jni.cpp, line 615]
Event: 1.429 Thread 0x000001e345602000 Exception <a 'java/lang/NoSuchMethodError'{0x0000000088dc6a48}: 'void java.lang.invoke.DirectMethodHandle$Holder.invokeStatic(java.lang.Object, java.lang.Object, java.lang.Object, java.lang.Object)'> (0x0000000088dc6a48) thrown at [./src/hotspot/share/interpreter/linkResolver.cpp, line 773]
Event: 1.481 Thread 0x000001e345602000 Exception <a 'java/lang/NoSuchMethodError'{0x00000000889a4f60}: 'void java.lang.invoke.DirectMethodHandle$Holder.invokeStaticInit(java.lang.Object, java.lang.Object)'> (0x00000000889a4f60) thrown at [./src/hotspot/share/interpreter/linkResolver.cpp, line 773]
Event: 1.550 Thread 0x000001e345602000 Exception <a 'java/lang/NoSuchMethodError'{0x00000000885c6a58}: 'void java.lang.invoke.DirectMethodHandle$Holder.invokeVirtual(java.lang.Object, java.lang.Object)'> (0x00000000885c6a58) thrown at [./src/hotspot/share/interpreter/linkResolver.cpp, line 773]
Event: 1.559 Thread 0x000001e345602000 Exception <a 'java/lang/NoSuchMethodError'{0x0000000088439990}: 'int java.lang.invoke.DirectMethodHandle$Holder.invokeVirtual(java.lang.Object, java.lang.Object)'> (0x0000000088439990) thrown at [./src/hotspot/share/interpreter/linkResolver.cpp, line 773]
Event: 2.101 Thread 0x000001e345602000 Exception <a 'java/lang/NoSuchMethodError'{0x000000008939b8e0}: 'java.lang.Object java.lang.invoke.DirectMethodHandle$Holder.invokeVirtual(java.lang.Object, java.lang.Object, java.lang.Object)'> (0x000000008939b8e0) thrown at [./src/hotspot/share/interpreter/linkResolver.cpp, line 773]
Event: 2.653 Thread 0x000001e345602000 Exception <a 'java/lang/NoSuchMethodError'{0x00000000878982c8}: 'java.lang.Object java.lang.invoke.Invokers$Holder.linkToTargetMethod(java.lang.Object, int, java.lang.Object)'> (0x00000000878982c8) thrown at [./src/hotspot/share/interpreter/linkResolver.cpp, line 773]
Event: 2.804 Thread 0x000001e345602000 Exception <a 'java/lang/NoSuchMethodError'{0x00000000875e2e70}: 'java.lang.Object java.lang.invoke.DirectMethodHandle$Holder.invokeStatic(java.lang.Object, java.lang.Object, java.lang.Object, int)'> (0x00000000875e2e70) thrown at [./src/hotspot/share/interpreter/linkResolver.cpp, line 773]
Event: 2.804 Thread 0x000001e345602000 Exception <a 'java/lang/NoSuchMethodError'{0x00000000875e6ae0}: 'java.lang.Object java.lang.invoke.DirectMethodHandle$Holder.invokeSpecial(java.lang.Object, java.lang.Object, java.lang.Object, java.lang.Object, int)'> (0x00000000875e6ae0) thrown at [./src/hotspot/share/interpreter/linkResolver.cpp, line 773]
Event: 2.805 Thread 0x000001e345602000 Exception <a 'java/lang/NoSuchMethodError'{0x00000000875e9df0}: 'java.lang.Object java.lang.invoke.Invokers$Holder.linkToTargetMethod(java.lang.Object, java.lang.Object, int, java.lang.Object)'> (0x00000000875e9df0) thrown at [./src/hotspot/share/interpreter/linkResolver.cpp, line 773]

Events (20 events):
Event: 3.263 loading class org/jetbrains/kotlin/metadata/ProtoBuf$TypeAlias
Event: 3.263 loading class org/jetbrains/kotlin/metadata/ProtoBuf$TypeAlias done
Event: 3.272 loading class org/jetbrains/kotlin/metadata/ProtoBuf$TypeAliasOrBuilder
Event: 3.272 loading class org/jetbrains/kotlin/metadata/ProtoBuf$TypeAliasOrBuilder done
Event: 3.280 loading class org/jetbrains/kotlin/metadata/ProtoBuf$TypeAlias$1
Event: 3.280 loading class org/jetbrains/kotlin/metadata/ProtoBuf$TypeAlias$1 done
Event: 3.302 loading class org/jetbrains/kotlin/metadata/deserialization/ProtoTypeTableUtilKt
Event: 3.302 loading class org/jetbrains/kotlin/metadata/deserialization/ProtoTypeTableUtilKt done
Event: 3.303 loading class org/jetbrains/kotlin/builtins/jvm/JvmBuiltInsSignatures
Event: 3.303 loading class org/jetbrains/kotlin/builtins/jvm/JvmBuiltInsSignatures done
Event: 3.308 loading class org/jetbrains/kotlin/load/kotlin/SignatureBuildingComponents
Event: 3.308 loading class org/jetbrains/kotlin/load/kotlin/SignatureBuildingComponents done
Event: 3.424 Executing VM operation: G1CollectForAllocation
Event: 3.447 Executing VM operation: G1CollectForAllocation done
Event: 3.477 Executing VM operation: CGC_Operation
Event: 3.483 Executing VM operation: CGC_Operation done
Event: 3.494 Executing VM operation: CGC_Operation
Event: 3.494 Executing VM operation: CGC_Operation done
Event: 3.543 loading class org/jetbrains/kotlin/metadata/ProtoBuf$1
Event: 3.543 loading class org/jetbrains/kotlin/metadata/ProtoBuf$1 done


Dynamic libraries:
0x00007ff71be80000 - 0x00007ff71be8a000 	C:\Program Files\Android\Android Studio\jre\bin\java.exe
0x00007ff9ac970000 - 0x00007ff9acb65000 	C:\WINDOWS\SYSTEM32\ntdll.dll
0x00007ff9aaf50000 - 0x00007ff9ab00e000 	C:\WINDOWS\System32\KERNEL32.DLL
0x00007ff9aa280000 - 0x00007ff9aa548000 	C:\WINDOWS\System32\KERNELBASE.dll
0x00007ff9aa700000 - 0x00007ff9aa800000 	C:\WINDOWS\System32\ucrtbase.dll
0x00007ff97fc90000 - 0x00007ff97fca7000 	C:\Program Files\Android\Android Studio\jre\bin\VCRUNTIME140.dll
0x00007ff979860000 - 0x00007ff979879000 	C:\Program Files\Android\Android Studio\jre\bin\jli.dll
0x00007ff9aab60000 - 0x00007ff9aad00000 	C:\WINDOWS\System32\USER32.dll
0x00007ff9aa110000 - 0x00007ff9aa132000 	C:\WINDOWS\System32\win32u.dll
0x00007ff99ab40000 - 0x00007ff99adda000 	C:\WINDOWS\WinSxS\amd64_microsoft.windows.common-controls_6595b64144ccf1df_6.0.19041.1110_none_60b5254171f9507e\COMCTL32.dll
0x00007ff9ab170000 - 0x00007ff9ab19b000 	C:\WINDOWS\System32\GDI32.dll
0x00007ff9aa550000 - 0x00007ff9aa65b000 	C:\WINDOWS\System32\gdi32full.dll
0x00007ff9ab270000 - 0x00007ff9ab30e000 	C:\WINDOWS\System32\msvcrt.dll
0x00007ff9aa660000 - 0x00007ff9aa6fd000 	C:\WINDOWS\System32\msvcp_win.dll
0x00007ff9abe60000 - 0x00007ff9abe90000 	C:\WINDOWS\System32\IMM32.DLL
0x00007ff95ed60000 - 0x00007ff95edfd000 	C:\Program Files\Android\Android Studio\jre\bin\msvcp140.dll
0x00007ff9583c0000 - 0x00007ff958e95000 	C:\Program Files\Android\Android Studio\jre\bin\server\jvm.dll
0x00007ff9ab0c0000 - 0x00007ff9ab16e000 	C:\WINDOWS\System32\ADVAPI32.dll
0x00007ff9ac010000 - 0x00007ff9ac0ac000 	C:\WINDOWS\System32\sechost.dll
0x00007ff9aad00000 - 0x00007ff9aae25000 	C:\WINDOWS\System32\RPCRT4.dll
0x00007ff9ab680000 - 0x00007ff9ab688000 	C:\WINDOWS\System32\PSAPI.DLL
0x00007ff99b820000 - 0x00007ff99b847000 	C:\WINDOWS\SYSTEM32\WINMM.dll
0x00007ff9a51f0000 - 0x00007ff9a51fa000 	C:\WINDOWS\SYSTEM32\VERSION.dll
0x00007ff99a6e0000 - 0x00007ff99a6e9000 	C:\WINDOWS\SYSTEM32\WSOCK32.dll
0x00007ff9abe90000 - 0x00007ff9abefb000 	C:\WINDOWS\System32\WS2_32.dll
0x00007ff9a7f60000 - 0x00007ff9a7f72000 	C:\WINDOWS\SYSTEM32\kernel.appcore.dll
0x00007ff9a59c0000 - 0x00007ff9a59d1000 	C:\Program Files\Android\Android Studio\jre\bin\verify.dll
0x00007ff9a0d10000 - 0x00007ff9a0ef4000 	C:\WINDOWS\SYSTEM32\DBGHELP.DLL
0x00007ff9a0cb0000 - 0x00007ff9a0cdc000 	C:\WINDOWS\SYSTEM32\dbgcore.DLL
0x00007ff9aa1f0000 - 0x00007ff9aa272000 	C:\WINDOWS\System32\bcryptPrimitives.dll
0x00007ff9a37b0000 - 0x00007ff9a37d9000 	C:\Program Files\Android\Android Studio\jre\bin\java.dll
0x00007ff9a5bd0000 - 0x00007ff9a5bdb000 	C:\Program Files\Android\Android Studio\jre\bin\jimage.dll
0x00007ff99ef80000 - 0x00007ff99ef98000 	C:\Program Files\Android\Android Studio\jre\bin\zip.dll
0x00007ff9ab710000 - 0x00007ff9abe54000 	C:\WINDOWS\System32\SHELL32.dll
0x00007ff9a8160000 - 0x00007ff9a88f4000 	C:\WINDOWS\SYSTEM32\windows.storage.dll
0x00007ff9ab320000 - 0x00007ff9ab674000 	C:\WINDOWS\System32\combase.dll
0x00007ff9a9a10000 - 0x00007ff9a9a3c000 	C:\WINDOWS\SYSTEM32\Wldp.dll
0x00007ff9ab010000 - 0x00007ff9ab0bd000 	C:\WINDOWS\System32\SHCORE.dll
0x00007ff9abfb0000 - 0x00007ff9ac005000 	C:\WINDOWS\System32\shlwapi.dll
0x00007ff9a9fd0000 - 0x00007ff9a9fef000 	C:\WINDOWS\SYSTEM32\profapi.dll
0x00007ff99bc50000 - 0x00007ff99bc6a000 	C:\Program Files\Android\Android Studio\jre\bin\net.dll
0x00007ff9a3cd0000 - 0x00007ff9a3dd9000 	C:\WINDOWS\SYSTEM32\WINHTTP.dll
0x00007ff9a97f0000 - 0x00007ff9a985a000 	C:\WINDOWS\system32\mswsock.dll
0x00007ff992360000 - 0x00007ff992374000 	C:\Program Files\Android\Android Studio\jre\bin\nio.dll

dbghelp: loaded successfully - version: 4.0.5 - missing functions: none
symbol engine: initialized successfully - sym options: 0x614 - pdb path: .;C:\Program Files\Android\Android Studio\jre\bin;C:\WINDOWS\SYSTEM32;C:\WINDOWS\WinSxS\amd64_microsoft.windows.common-controls_6595b64144ccf1df_6.0.19041.1110_none_60b5254171f9507e;C:\Program Files\Android\Android Studio\jre\bin\server

VM Arguments:
java_command: org.jetbrains.kotlin.cli.jvm.K2JVMCompiler @D:\Kotlin\BT\Tuan2\week2exercise\app\build\20220318_13988399608789831430.compiler.options
java_class_path (initial): C:\Users\Thinh\.gradle\caches\modules-2\files-2.1\org.jetbrains.kotlin\kotlin-compiler-embeddable\1.6.10\88f2073f4020cdb83132cfe940ceb9a60aba54ea\kotlin-compiler-embeddable-1.6.10.jar;C:\Users\Thinh\.gradle\caches\modules-2\files-2.1\org.jetbrains.kotlin\kotlin-reflect\1.6.10\1cbe9c92c12a94eea200d23c2bbaedaf3daf5132\kotlin-reflect-1.6.10.jar;C:\Users\Thinh\.gradle\caches\modules-2\files-2.1\org.jetbrains.kotlin\kotlin-stdlib\1.6.10\b8af3fe6f1ca88526914929add63cf5e7c5049af\kotlin-stdlib-1.6.10.jar;C:\Users\Thinh\.gradle\caches\modules-2\files-2.1\org.jetbrains.kotlin\kotlin-script-runtime\1.6.10\d0a7ff2e2500ef497ed0214ae40ad3c8387a6164\kotlin-script-runtime-1.6.10.jar;C:\Users\Thinh\.gradle\caches\modules-2\files-2.1\org.jetbrains.kotlin\kotlin-daemon-embeddable\1.6.10\a56d79bcbea411fa6058e4ecffc2de73e742bd2a\kotlin-daemon-embeddable-1.6.10.jar;C:\Users\Thinh\.gradle\caches\modules-2\files-2.1\org.jetbrains.intellij.deps\trove4j\1.0.20181211\216c2e14b070f334479d800987affe4054cd563f\trove4j-1.0.20181211.jar;C:\Users\Thinh\.gradle\caches\modules-2\files-2.1\net.java.dev.jna\jna\5.6.0\330f2244e9030119ab3030fc3fededc86713d9cc\jna-5.6.0.jar;C:\Users\Thinh\.gradle\caches\modules-2\files-2.1\org.jetbrains\annotations\13.0\919f0dfe192fb4e063e7dacadee7f8bb9a2672a9\annotations-13.0.jar;C:\Users\Thinh\.gradle\caches\modules-2\files-2.1\org.jetbrains.kotlin\kotlin-stdlib-common\1.6.10\c118700e3a33c8a0d9adc920e9dec0831171925\kotlin-stdlib-common-1.6.10.jar
Launcher Type: SUN_STANDARD

[Global flags]
     intx CICompilerCount                          = 3                                         {product} {ergonomic}
     uint ConcGCThreads                            = 1                                         {product} {ergonomic}
     uint G1ConcRefinementThreads                  = 4                                         {product} {ergonomic}
   size_t G1HeapRegionSize                         = 1048576                                   {product} {ergonomic}
    uintx GCDrainStackTargetSize                   = 64                                        {product} {ergonomic}
   size_t InitialHeapSize                          = 134217728                                 {product} {ergonomic}
   size_t MarkStackSize                            = 4194304                                   {product} {ergonomic}
   size_t MaxHeapSize                              = 2118123520                                {product} {ergonomic}
   size_t MaxNewSize                               = 1270874112                                {product} {ergonomic}
   size_t MinHeapDeltaBytes                        = 1048576                                   {product} {ergonomic}
    uintx NonNMethodCodeHeapSize                   = 5830732                                {pd product} {ergonomic}
    uintx NonProfiledCodeHeapSize                  = 122913754                              {pd product} {ergonomic}
    uintx ProfiledCodeHeapSize                     = 122913754                              {pd product} {ergonomic}
    uintx ReservedCodeCacheSize                    = 251658240                              {pd product} {ergonomic}
     bool SegmentedCodeCache                       = true                                      {product} {ergonomic}
     bool UseCompressedClassPointers               = true                                 {lp64_product} {ergonomic}
     bool UseCompressedOops                        = true                                 {lp64_product} {ergonomic}
     bool UseG1GC                                  = true                                      {product} {ergonomic}
     bool UseLargePagesIndividualAllocation        = false                                  {pd product} {ergonomic}

Logging:
Log output configuration:
 #0: stdout all=warning uptime,level,tags
 #1: stderr all=off uptime,level,tags

Environment Variables:
JAVA_HOME=C:\Users\Thinh\Desktop\DoAn\jdk-17_windows-x64_bin\jdk-17
PATH=C:\Program Files\Common Files\Oracle\Java\javapath;D:\DATA\Program\WINDOWS.X64_193000_db_home\bin;C:\WINDOWS\system32;C:\WINDOWS;C:\WINDOWS\System32\Wbem;C:\WINDOWS\System32\WindowsPowerShell\v1.0\;C:\WINDOWS\System32\OpenSSH\;C:\Program Files\Git\cmd;C:\Program Files (x86)\NVIDIA Corporation\PhysX\Common;C:\Program Files\NVIDIA Corporation\NVIDIA NvDLISR;C:\Program Files\MySQL\MySQL Shell 8.0\bin\;D:\DATA\Program\WINDOWS.X64_193000_db_home\bin;C:\WINDOWS\system32;C:\WINDOWS;C:\WINDOWS\System32\Wbem;C:\WINDOWS\System32\WindowsPowerShell\v1.0\;C:\WINDOWS\System32\OpenSSH\;C:\Users\Thinh\AppData\Local\Programs\Python\Python39\Scripts\;C:\Users\Thinh\AppData\Local\Programs\Python\Python39\;C:\Users\Thinh\AppData\Local\Microsoft\WindowsApps;C:\Python37\Scripts;C:\Program Files\Multipass\bin;C:\modeltech64_2020.4\win64;C:\Users\Thinh\Desktop\DoAn\jdk-17_windows-x64_bin\jdk-17\bin;C:\Users\Thinh\Desktop\DoAn\apache-maven-3.8.3-bin\apache-maven-3.8.3\bin;C:\Users\Thinh\AppData\Local\Programs\Microsoft VS Code\bin;C:\Program Files\heroku\bin
USERNAME=Thinh
OS=Windows_NT
PROCESSOR_IDENTIFIER=Intel64 Family 6 Model 158 Stepping 9, GenuineIntel



---------------  S Y S T E M  ---------------

OS: Windows 10 , 64 bit Build 19041 (10.0.19041.1566)
OS uptime: 5 days 13:47 hours
Hyper-V role detected

CPU:total 4 (initial active 4) (4 cores per cpu, 1 threads per core) family 6 model 158 stepping 9 microcode 0xb4, cmov, cx8, fxsr, mmx, sse, sse2, sse3, ssse3, sse4.1, sse4.2, popcnt, avx, avx2, aes, clmul, erms, 3dnowpref, lzcnt, tsc, tscinvbit, bmi1, bmi2, adx, fma

Memory: 4k page, system-wide physical 8075M (584M free)
TotalPageFile size 16075M (AvailPageFile size 3M)
current process WorkingSet (physical memory assigned to process): 270M, peak: 270M
current process commit charge ("private bytes"): 343M, peak: 344M

vm_info: OpenJDK 64-Bit Server VM (11.0.11+9-b60-7590822) for windows-amd64 JRE (11.0.11+9-b60-7590822), built on Jul 29 2021 21:43:44 by "builder" with MS VC++ 14.0 (VS2015)

END.
