#
# There is insufficient memory for the Java Runtime Environment to continue.
# Native memory allocation (malloc) failed to allocate 1951856 bytes for Chunk::new
# Possible reasons:
#   The system is out of physical RAM or swap space
#   The process is running with CompressedOops enabled, and the Java Heap may be blocking the growth of the native heap
# Possible solutions:
#   Reduce memory load on the system
#   Increase physical memory or swap space
#   Check if swap backing store is full
#   Decrease Java heap size (-Xmx/-Xms)
#   Decrease number of Java threads
#   Decrease Java thread stack sizes (-Xss)
#   Set larger code cache with -XX:ReservedCodeCacheSize=
#   JVM is running with Unscaled Compressed Oops mode in which the Java heap is
#     placed in the first 4GB address space. The Java Heap base address is the
#     maximum limit for the native heap growth. Please use -XX:HeapBaseMinAddress
#     to set the Java Heap base and to place the Java Heap above 4GB virtual address.
# This output file may be truncated or incomplete.
#
#  Out of Memory Error (./src/hotspot/share/memory/arena.cpp:197), pid=19940, tid=11668
#
# JRE version: OpenJDK Runtime Environment (11.0.11+9) (build 11.0.11+9-b60-7590822)
# Java VM: OpenJDK 64-Bit Server VM (11.0.11+9-b60-7590822, mixed mode, tiered, compressed oops, g1 gc, windows-amd64)
# No core dump will be written. Minidumps are not enabled by default on client versions of Windows
#

---------------  S U M M A R Y ------------

Command Line: org.jetbrains.kotlin.cli.jvm.K2JVMCompiler @D:\Kotlin\BT\Tuan2\week2exercise\app\build\20220318_10441885558115816660.compiler.options

Host: Intel(R) Core(TM) i5-7300HQ CPU @ 2.50GHz, 4 cores, 7G,  Windows 10 , 64 bit Build 19041 (10.0.19041.1566)
Time: Fri Mar 18 09:27:05 2022 SE Asia Standard Time elapsed time: 4.793342 seconds (0d 0h 0m 4s)

---------------  T H R E A D  ---------------

Current thread (0x000001e0ea72a000):  JavaThread "C2 CompilerThread1" daemon [_thread_in_native, id=11668, stack(0x0000003d3b100000,0x0000003d3b200000)]


Current CompileTask:
C2:   4793 3158       4       jdk.internal.loader.ClassLoaders$AppClassLoader::loadClass (40 bytes)

Stack: [0x0000003d3b100000,0x0000003d3b200000]
Native frames: (J=compiled Java code, j=interpreted, Vv=VM code, C=native code)
V  [jvm.dll+0x5f214a]
V  [jvm.dll+0x726fb5]
V  [jvm.dll+0x7285cd]
V  [jvm.dll+0x728c83]
V  [jvm.dll+0x243278]
V  [jvm.dll+0xbc53c]
V  [jvm.dll+0xbca3c]
V  [jvm.dll+0x353e7d]
V  [jvm.dll+0x321893]
V  [jvm.dll+0x320d8a]
V  [jvm.dll+0x1fc1e2]
V  [jvm.dll+0x1fb3d4]
V  [jvm.dll+0x183d6c]
V  [jvm.dll+0x209a57]
V  [jvm.dll+0x2082a1]
V  [jvm.dll+0x6ef58f]
V  [jvm.dll+0x6e80b5]
V  [jvm.dll+0x5f1036]
C  [ucrtbase.dll+0x21bb2]
C  [KERNEL32.DLL+0x17034]
C  [ntdll.dll+0x52651]


---------------  P R O C E S S  ---------------

Threads class SMR info:
_java_thread_list=0x000001e0e7e0a910, length=11, elements={
0x000001e0cb06b800, 0x000001e0e6b05000, 0x000001e0e6b07000, 0x000001e0e6b21800,
0x000001e0e6b23800, 0x000001e0e6b26800, 0x000001e0e6b2f000, 0x000001e0e6b3a800,
0x000001e0e74d4000, 0x000001e0e75de800, 0x000001e0ea72a000
}

Java Threads: ( => current thread )
  0x000001e0cb06b800 JavaThread "main" [_thread_in_native, id=3112, stack(0x0000003d3a000000,0x0000003d3a100000)]
  0x000001e0e6b05000 JavaThread "Reference Handler" daemon [_thread_blocked, id=13896, stack(0x0000003d3a700000,0x0000003d3a800000)]
  0x000001e0e6b07000 JavaThread "Finalizer" daemon [_thread_blocked, id=12404, stack(0x0000003d3a800000,0x0000003d3a900000)]
  0x000001e0e6b21800 JavaThread "Signal Dispatcher" daemon [_thread_blocked, id=19028, stack(0x0000003d3a900000,0x0000003d3aa00000)]
  0x000001e0e6b23800 JavaThread "Attach Listener" daemon [_thread_blocked, id=8168, stack(0x0000003d3aa00000,0x0000003d3ab00000)]
  0x000001e0e6b26800 JavaThread "Service Thread" daemon [_thread_blocked, id=10096, stack(0x0000003d3ab00000,0x0000003d3ac00000)]
  0x000001e0e6b2f000 JavaThread "C2 CompilerThread0" daemon [_thread_in_native, id=12720, stack(0x0000003d3ac00000,0x0000003d3ad00000)]
  0x000001e0e6b3a800 JavaThread "C1 CompilerThread0" daemon [_thread_in_vm, id=15268, stack(0x0000003d3ad00000,0x0000003d3ae00000)]
  0x000001e0e74d4000 JavaThread "Sweeper thread" daemon [_thread_blocked, id=17488, stack(0x0000003d3ae00000,0x0000003d3af00000)]
  0x000001e0e75de800 JavaThread "Common-Cleaner" daemon [_thread_blocked, id=13768, stack(0x0000003d3b000000,0x0000003d3b100000)]
=>0x000001e0ea72a000 JavaThread "C2 CompilerThread1" daemon [_thread_in_native, id=11668, stack(0x0000003d3b100000,0x0000003d3b200000)]

Other Threads:
  0x000001e0e6adf800 VMThread "VM Thread" [stack: 0x0000003d3a600000,0x0000003d3a700000] [id=5760]
  0x000001e0e75d7000 WatcherThread [stack: 0x0000003d3af00000,0x0000003d3b000000] [id=1628]
  0x000001e0cb084000 GCTaskThread "GC Thread#0" [stack: 0x0000003d3a100000,0x0000003d3a200000] [id=17740]
  0x000001e0e7a31000 GCTaskThread "GC Thread#1" [stack: 0x0000003d3b200000,0x0000003d3b300000] [id=10204]
  0x000001e0e79e6800 GCTaskThread "GC Thread#2" [stack: 0x0000003d3b300000,0x0000003d3b400000] [id=15716]
  0x000001e0cb0b3000 ConcurrentGCThread "G1 Main Marker" [stack: 0x0000003d3a200000,0x0000003d3a300000] [id=8728]
  0x000001e0cb0b4800 ConcurrentGCThread "G1 Conc#0" [stack: 0x0000003d3a300000,0x0000003d3a400000] [id=15732]
  0x000001e0cb147800 ConcurrentGCThread "G1 Refine#0" [stack: 0x0000003d3a400000,0x0000003d3a500000] [id=20404]
  0x000001e0cb148800 ConcurrentGCThread "G1 Young RemSet Sampling" [stack: 0x0000003d3a500000,0x0000003d3a600000] [id=9800]

Threads with active compile tasks:
C2 CompilerThread0   4824 3335       4       java.net.URLStreamHandler::toExternalForm (156 bytes)
C1 CompilerThread0   4824 3373       3       org.jetbrains.kotlin.com.intellij.openapi.vfs.impl.jar.CoreJarVirtualFile::getPath (130 bytes)
C2 CompilerThread1   4824 3158       4       jdk.internal.loader.ClassLoaders$AppClassLoader::loadClass (40 bytes)

VM state:not at safepoint (normal execution)

VM Mutex/Monitor currently owned by a thread: None

Heap address: 0x0000000081c00000, size: 2020 MB, Compressed Oops mode: 32-bit
Narrow klass base: 0x0000000000000000, Narrow klass shift: 3
Compressed class space size: 1073741824 Address: 0x0000000100000000

Heap:
 garbage-first heap   total 161792K, used 27702K [0x0000000081c00000, 0x0000000100000000)
  region size 1024K, 9 young (9216K), 6 survivors (6144K)
 Metaspace       used 45851K, capacity 46371K, committed 46720K, reserved 1089536K
  class space    used 5443K, capacity 5651K, committed 5760K, reserved 1048576K
Heap Regions: E=young(eden), S=young(survivor), O=old, HS=humongous(starts), HC=humongous(continues), CS=collection set, F=free, A=archive, TAMS=top-at-mark-start (previous, next)
|   0|0x0000000081c00000, 0x0000000081d00000, 0x0000000081d00000|100%|HS|  |TAMS 0x0000000081d00000, 0x0000000081c00000| Complete 
|   1|0x0000000081d00000, 0x0000000081e00000, 0x0000000081e00000|100%|HC|  |TAMS 0x0000000081e00000, 0x0000000081d00000| Complete 
|   2|0x0000000081e00000, 0x0000000081f00000, 0x0000000081f00000|100%|HC|  |TAMS 0x0000000081f00000, 0x0000000081e00000| Complete 
|   3|0x0000000081f00000, 0x0000000082000000, 0x0000000082000000|100%| O|  |TAMS 0x0000000082000000, 0x0000000081f00000| Untracked 
|   4|0x0000000082000000, 0x0000000082100000, 0x0000000082100000|100%| O|  |TAMS 0x0000000082100000, 0x0000000082000000| Untracked 
|   5|0x0000000082100000, 0x0000000082200000, 0x0000000082200000|100%|HS|  |TAMS 0x0000000082200000, 0x0000000082100000| Complete 
|   6|0x0000000082200000, 0x0000000082300000, 0x0000000082300000|100%|HC|  |TAMS 0x0000000082300000, 0x0000000082200000| Complete 
|   7|0x0000000082300000, 0x0000000082400000, 0x0000000082400000|100%|HC|  |TAMS 0x0000000082400000, 0x0000000082300000| Complete 
|   8|0x0000000082400000, 0x0000000082500000, 0x0000000082500000|100%|HS|  |TAMS 0x0000000082500000, 0x0000000082400000| Complete 
|   9|0x0000000082500000, 0x0000000082600000, 0x0000000082600000|100%|HC|  |TAMS 0x0000000082600000, 0x0000000082500000| Complete 
|  10|0x0000000082600000, 0x0000000082700000, 0x0000000082700000|100%| O|  |TAMS 0x0000000082700000, 0x0000000082600000| Untracked 
|  11|0x0000000082700000, 0x0000000082800000, 0x0000000082800000|100%| O|  |TAMS 0x0000000082800000, 0x0000000082700000| Untracked 
|  12|0x0000000082800000, 0x0000000082900000, 0x0000000082900000|100%| O|  |TAMS 0x0000000082900000, 0x0000000082800000| Untracked 
|  13|0x0000000082900000, 0x0000000082a00000, 0x0000000082a00000|100%| O|  |TAMS 0x0000000082a00000, 0x0000000082900000| Untracked 
|  14|0x0000000082a00000, 0x0000000082b00000, 0x0000000082b00000|100%| O|  |TAMS 0x0000000082b00000, 0x0000000082a00000| Untracked 
|  15|0x0000000082b00000, 0x0000000082c00000, 0x0000000082c00000|100%| O|  |TAMS 0x0000000082c00000, 0x0000000082b00000| Untracked 
|  16|0x0000000082c00000, 0x0000000082d00000, 0x0000000082d00000|100%| O|  |TAMS 0x0000000082d00000, 0x0000000082c00000| Untracked 
|  17|0x0000000082d00000, 0x0000000082e00000, 0x0000000082e00000|100%| O|  |TAMS 0x0000000082e00000, 0x0000000082d00000| Untracked 
|  18|0x0000000082e00000, 0x0000000082f00000, 0x0000000082f00000|100%| O|  |TAMS 0x0000000082f00000, 0x0000000082e00000| Untracked 
|  19|0x0000000082f00000, 0x0000000082fc5400, 0x0000000083000000| 77%| O|  |TAMS 0x0000000082fc5400, 0x0000000082f00000| Untracked 
|  20|0x0000000083000000, 0x0000000083000000, 0x0000000083100000|  0%| F|  |TAMS 0x0000000083000000, 0x0000000083000000| Untracked 
|  21|0x0000000083100000, 0x0000000083100000, 0x0000000083200000|  0%| F|  |TAMS 0x0000000083100000, 0x0000000083100000| Untracked 
|  22|0x0000000083200000, 0x0000000083200000, 0x0000000083300000|  0%| F|  |TAMS 0x0000000083200000, 0x0000000083200000| Untracked 
|  23|0x0000000083300000, 0x0000000083300000, 0x0000000083400000|  0%| F|  |TAMS 0x0000000083300000, 0x0000000083300000| Untracked 
|  24|0x0000000083400000, 0x0000000083400000, 0x0000000083500000|  0%| F|  |TAMS 0x0000000083400000, 0x0000000083400000| Untracked 
|  25|0x0000000083500000, 0x0000000083500000, 0x0000000083600000|  0%| F|  |TAMS 0x0000000083500000, 0x0000000083500000| Untracked 
|  26|0x0000000083600000, 0x0000000083600000, 0x0000000083700000|  0%| F|  |TAMS 0x0000000083600000, 0x0000000083600000| Untracked 
|  27|0x0000000083700000, 0x0000000083700000, 0x0000000083800000|  0%| F|  |TAMS 0x0000000083700000, 0x0000000083700000| Untracked 
|  28|0x0000000083800000, 0x0000000083800000, 0x0000000083900000|  0%| F|  |TAMS 0x0000000083800000, 0x0000000083800000| Untracked 
|  29|0x0000000083900000, 0x0000000083900000, 0x0000000083a00000|  0%| F|  |TAMS 0x0000000083900000, 0x0000000083900000| Untracked 
|  30|0x0000000083a00000, 0x0000000083a00000, 0x0000000083b00000|  0%| F|  |TAMS 0x0000000083a00000, 0x0000000083a00000| Untracked 
|  31|0x0000000083b00000, 0x0000000083b00000, 0x0000000083c00000|  0%| F|  |TAMS 0x0000000083b00000, 0x0000000083b00000| Untracked 
|  32|0x0000000083c00000, 0x0000000083c00000, 0x0000000083d00000|  0%| F|  |TAMS 0x0000000083c00000, 0x0000000083c00000| Untracked 
|  33|0x0000000083d00000, 0x0000000083d00000, 0x0000000083e00000|  0%| F|  |TAMS 0x0000000083d00000, 0x0000000083d00000| Untracked 
|  34|0x0000000083e00000, 0x0000000083e00000, 0x0000000083f00000|  0%| F|  |TAMS 0x0000000083e00000, 0x0000000083e00000| Untracked 
|  35|0x0000000083f00000, 0x0000000083f00000, 0x0000000084000000|  0%| F|  |TAMS 0x0000000083f00000, 0x0000000083f00000| Untracked 
|  36|0x0000000084000000, 0x0000000084000000, 0x0000000084100000|  0%| F|  |TAMS 0x0000000084000000, 0x0000000084000000| Untracked 
|  37|0x0000000084100000, 0x0000000084100000, 0x0000000084200000|  0%| F|  |TAMS 0x0000000084100000, 0x0000000084100000| Untracked 
|  38|0x0000000084200000, 0x0000000084200000, 0x0000000084300000|  0%| F|  |TAMS 0x0000000084200000, 0x0000000084200000| Untracked 
|  39|0x0000000084300000, 0x0000000084300000, 0x0000000084400000|  0%| F|  |TAMS 0x0000000084300000, 0x0000000084300000| Untracked 
|  40|0x0000000084400000, 0x0000000084400000, 0x0000000084500000|  0%| F|  |TAMS 0x0000000084400000, 0x0000000084400000| Untracked 
|  41|0x0000000084500000, 0x0000000084500000, 0x0000000084600000|  0%| F|  |TAMS 0x0000000084500000, 0x0000000084500000| Untracked 
|  42|0x0000000084600000, 0x0000000084600000, 0x0000000084700000|  0%| F|  |TAMS 0x0000000084600000, 0x0000000084600000| Untracked 
|  43|0x0000000084700000, 0x0000000084700000, 0x0000000084800000|  0%| F|  |TAMS 0x0000000084700000, 0x0000000084700000| Untracked 
|  44|0x0000000084800000, 0x0000000084800000, 0x0000000084900000|  0%| F|  |TAMS 0x0000000084800000, 0x0000000084800000| Untracked 
|  45|0x0000000084900000, 0x0000000084900000, 0x0000000084a00000|  0%| F|  |TAMS 0x0000000084900000, 0x0000000084900000| Untracked 
|  46|0x0000000084a00000, 0x0000000084a00000, 0x0000000084b00000|  0%| F|  |TAMS 0x0000000084a00000, 0x0000000084a00000| Untracked 
|  47|0x0000000084b00000, 0x0000000084b00000, 0x0000000084c00000|  0%| F|  |TAMS 0x0000000084b00000, 0x0000000084b00000| Untracked 
|  48|0x0000000084c00000, 0x0000000084c00000, 0x0000000084d00000|  0%| F|  |TAMS 0x0000000084c00000, 0x0000000084c00000| Untracked 
|  49|0x0000000084d00000, 0x0000000084d00000, 0x0000000084e00000|  0%| F|  |TAMS 0x0000000084d00000, 0x0000000084d00000| Untracked 
|  50|0x0000000084e00000, 0x0000000084e00000, 0x0000000084f00000|  0%| F|  |TAMS 0x0000000084e00000, 0x0000000084e00000| Untracked 
|  51|0x0000000084f00000, 0x0000000084f00000, 0x0000000085000000|  0%| F|  |TAMS 0x0000000084f00000, 0x0000000084f00000| Untracked 
|  52|0x0000000085000000, 0x0000000085000000, 0x0000000085100000|  0%| F|  |TAMS 0x0000000085000000, 0x0000000085000000| Untracked 
|  53|0x0000000085100000, 0x0000000085100000, 0x0000000085200000|  0%| F|  |TAMS 0x0000000085100000, 0x0000000085100000| Untracked 
|  54|0x0000000085200000, 0x0000000085200000, 0x0000000085300000|  0%| F|  |TAMS 0x0000000085200000, 0x0000000085200000| Untracked 
|  55|0x0000000085300000, 0x0000000085300000, 0x0000000085400000|  0%| F|  |TAMS 0x0000000085300000, 0x0000000085300000| Untracked 
|  56|0x0000000085400000, 0x0000000085400000, 0x0000000085500000|  0%| F|  |TAMS 0x0000000085400000, 0x0000000085400000| Untracked 
|  57|0x0000000085500000, 0x0000000085500000, 0x0000000085600000|  0%| F|  |TAMS 0x0000000085500000, 0x0000000085500000| Untracked 
|  58|0x0000000085600000, 0x0000000085600000, 0x0000000085700000|  0%| F|  |TAMS 0x0000000085600000, 0x0000000085600000| Untracked 
|  59|0x0000000085700000, 0x0000000085700000, 0x0000000085800000|  0%| F|  |TAMS 0x0000000085700000, 0x0000000085700000| Untracked 
|  60|0x0000000085800000, 0x0000000085800000, 0x0000000085900000|  0%| F|  |TAMS 0x0000000085800000, 0x0000000085800000| Untracked 
|  61|0x0000000085900000, 0x0000000085900000, 0x0000000085a00000|  0%| F|  |TAMS 0x0000000085900000, 0x0000000085900000| Untracked 
|  62|0x0000000085a00000, 0x0000000085a00000, 0x0000000085b00000|  0%| F|  |TAMS 0x0000000085a00000, 0x0000000085a00000| Untracked 
|  63|0x0000000085b00000, 0x0000000085b00000, 0x0000000085c00000|  0%| F|  |TAMS 0x0000000085b00000, 0x0000000085b00000| Untracked 
|  64|0x0000000085c00000, 0x0000000085c00000, 0x0000000085d00000|  0%| F|  |TAMS 0x0000000085c00000, 0x0000000085c00000| Untracked 
|  65|0x0000000085d00000, 0x0000000085d00000, 0x0000000085e00000|  0%| F|  |TAMS 0x0000000085d00000, 0x0000000085d00000| Untracked 
|  66|0x0000000085e00000, 0x0000000085e00000, 0x0000000085f00000|  0%| F|  |TAMS 0x0000000085e00000, 0x0000000085e00000| Untracked 
|  67|0x0000000085f00000, 0x0000000085f00000, 0x0000000086000000|  0%| F|  |TAMS 0x0000000085f00000, 0x0000000085f00000| Untracked 
|  68|0x0000000086000000, 0x0000000086000000, 0x0000000086100000|  0%| F|  |TAMS 0x0000000086000000, 0x0000000086000000| Untracked 
|  69|0x0000000086100000, 0x0000000086100000, 0x0000000086200000|  0%| F|  |TAMS 0x0000000086100000, 0x0000000086100000| Untracked 
|  70|0x0000000086200000, 0x0000000086200000, 0x0000000086300000|  0%| F|  |TAMS 0x0000000086200000, 0x0000000086200000| Untracked 
|  71|0x0000000086300000, 0x0000000086300000, 0x0000000086400000|  0%| F|  |TAMS 0x0000000086300000, 0x0000000086300000| Untracked 
|  72|0x0000000086400000, 0x0000000086400000, 0x0000000086500000|  0%| F|  |TAMS 0x0000000086400000, 0x0000000086400000| Untracked 
|  73|0x0000000086500000, 0x00000000865485f0, 0x0000000086600000| 28%| S|CS|TAMS 0x0000000086500000, 0x0000000086500000| Complete 
|  74|0x0000000086600000, 0x0000000086700000, 0x0000000086700000|100%| S|CS|TAMS 0x0000000086600000, 0x0000000086600000| Complete 
|  75|0x0000000086700000, 0x0000000086800000, 0x0000000086800000|100%| S|CS|TAMS 0x0000000086700000, 0x0000000086700000| Complete 
|  76|0x0000000086800000, 0x0000000086900000, 0x0000000086900000|100%| S|CS|TAMS 0x0000000086800000, 0x0000000086800000| Complete 
|  77|0x0000000086900000, 0x0000000086a00000, 0x0000000086a00000|100%| S|CS|TAMS 0x0000000086900000, 0x0000000086900000| Complete 
|  78|0x0000000086a00000, 0x0000000086b00000, 0x0000000086b00000|100%| S|CS|TAMS 0x0000000086a00000, 0x0000000086a00000| Complete 
|  79|0x0000000086b00000, 0x0000000086b00000, 0x0000000086c00000|  0%| F|  |TAMS 0x0000000086b00000, 0x0000000086b00000| Untracked 
|  80|0x0000000086c00000, 0x0000000086c00000, 0x0000000086d00000|  0%| F|  |TAMS 0x0000000086c00000, 0x0000000086c00000| Untracked 
|  81|0x0000000086d00000, 0x0000000086d00000, 0x0000000086e00000|  0%| F|  |TAMS 0x0000000086d00000, 0x0000000086d00000| Untracked 
|  82|0x0000000086e00000, 0x0000000086e00000, 0x0000000086f00000|  0%| F|  |TAMS 0x0000000086e00000, 0x0000000086e00000| Untracked 
|  83|0x0000000086f00000, 0x0000000086f00000, 0x0000000087000000|  0%| F|  |TAMS 0x0000000086f00000, 0x0000000086f00000| Untracked 
|  84|0x0000000087000000, 0x0000000087000000, 0x0000000087100000|  0%| F|  |TAMS 0x0000000087000000, 0x0000000087000000| Untracked 
|  85|0x0000000087100000, 0x0000000087100000, 0x0000000087200000|  0%| F|  |TAMS 0x0000000087100000, 0x0000000087100000| Untracked 
|  86|0x0000000087200000, 0x0000000087200000, 0x0000000087300000|  0%| F|  |TAMS 0x0000000087200000, 0x0000000087200000| Untracked 
|  87|0x0000000087300000, 0x0000000087300000, 0x0000000087400000|  0%| F|  |TAMS 0x0000000087300000, 0x0000000087300000| Untracked 
|  88|0x0000000087400000, 0x0000000087400000, 0x0000000087500000|  0%| F|  |TAMS 0x0000000087400000, 0x0000000087400000| Untracked 
|  89|0x0000000087500000, 0x0000000087500000, 0x0000000087600000|  0%| F|  |TAMS 0x0000000087500000, 0x0000000087500000| Untracked 
|  90|0x0000000087600000, 0x0000000087600000, 0x0000000087700000|  0%| F|  |TAMS 0x0000000087600000, 0x0000000087600000| Untracked 
|  91|0x0000000087700000, 0x0000000087700000, 0x0000000087800000|  0%| F|  |TAMS 0x0000000087700000, 0x0000000087700000| Untracked 
|  92|0x0000000087800000, 0x0000000087800000, 0x0000000087900000|  0%| F|  |TAMS 0x0000000087800000, 0x0000000087800000| Untracked 
|  93|0x0000000087900000, 0x0000000087900000, 0x0000000087a00000|  0%| F|  |TAMS 0x0000000087900000, 0x0000000087900000| Untracked 
|  94|0x0000000087a00000, 0x0000000087a00000, 0x0000000087b00000|  0%| F|  |TAMS 0x0000000087a00000, 0x0000000087a00000| Untracked 
|  95|0x0000000087b00000, 0x0000000087b00000, 0x0000000087c00000|  0%| F|  |TAMS 0x0000000087b00000, 0x0000000087b00000| Untracked 
|  96|0x0000000087c00000, 0x0000000087c00000, 0x0000000087d00000|  0%| F|  |TAMS 0x0000000087c00000, 0x0000000087c00000| Untracked 
|  97|0x0000000087d00000, 0x0000000087d00000, 0x0000000087e00000|  0%| F|  |TAMS 0x0000000087d00000, 0x0000000087d00000| Untracked 
|  98|0x0000000087e00000, 0x0000000087e00000, 0x0000000087f00000|  0%| F|  |TAMS 0x0000000087e00000, 0x0000000087e00000| Untracked 
|  99|0x0000000087f00000, 0x0000000087f00000, 0x0000000088000000|  0%| F|  |TAMS 0x0000000087f00000, 0x0000000087f00000| Untracked 
| 100|0x0000000088000000, 0x0000000088000000, 0x0000000088100000|  0%| F|  |TAMS 0x0000000088000000, 0x0000000088000000| Untracked 
| 101|0x0000000088100000, 0x0000000088100000, 0x0000000088200000|  0%| F|  |TAMS 0x0000000088100000, 0x0000000088100000| Untracked 
| 102|0x0000000088200000, 0x0000000088200000, 0x0000000088300000|  0%| F|  |TAMS 0x0000000088200000, 0x0000000088200000| Untracked 
| 103|0x0000000088300000, 0x0000000088300000, 0x0000000088400000|  0%| F|  |TAMS 0x0000000088300000, 0x0000000088300000| Untracked 
| 104|0x0000000088400000, 0x0000000088400000, 0x0000000088500000|  0%| F|  |TAMS 0x0000000088400000, 0x0000000088400000| Untracked 
| 105|0x0000000088500000, 0x0000000088500000, 0x0000000088600000|  0%| F|  |TAMS 0x0000000088500000, 0x0000000088500000| Untracked 
| 106|0x0000000088600000, 0x0000000088600000, 0x0000000088700000|  0%| F|  |TAMS 0x0000000088600000, 0x0000000088600000| Untracked 
| 107|0x0000000088700000, 0x0000000088700000, 0x0000000088800000|  0%| F|  |TAMS 0x0000000088700000, 0x0000000088700000| Untracked 
| 108|0x0000000088800000, 0x0000000088800000, 0x0000000088900000|  0%| F|  |TAMS 0x0000000088800000, 0x0000000088800000| Untracked 
| 109|0x0000000088900000, 0x0000000088900000, 0x0000000088a00000|  0%| F|  |TAMS 0x0000000088900000, 0x0000000088900000| Untracked 
| 110|0x0000000088a00000, 0x0000000088a00000, 0x0000000088b00000|  0%| F|  |TAMS 0x0000000088a00000, 0x0000000088a00000| Untracked 
| 111|0x0000000088b00000, 0x0000000088b00000, 0x0000000088c00000|  0%| F|  |TAMS 0x0000000088b00000, 0x0000000088b00000| Untracked 
| 112|0x0000000088c00000, 0x0000000088c00000, 0x0000000088d00000|  0%| F|  |TAMS 0x0000000088c00000, 0x0000000088c00000| Untracked 
| 113|0x0000000088d00000, 0x0000000088d00000, 0x0000000088e00000|  0%| F|  |TAMS 0x0000000088d00000, 0x0000000088d00000| Untracked 
| 114|0x0000000088e00000, 0x0000000088e00000, 0x0000000088f00000|  0%| F|  |TAMS 0x0000000088e00000, 0x0000000088e00000| Untracked 
| 115|0x0000000088f00000, 0x0000000088f00000, 0x0000000089000000|  0%| F|  |TAMS 0x0000000088f00000, 0x0000000088f00000| Untracked 
| 116|0x0000000089000000, 0x0000000089000000, 0x0000000089100000|  0%| F|  |TAMS 0x0000000089000000, 0x0000000089000000| Untracked 
| 117|0x0000000089100000, 0x0000000089100000, 0x0000000089200000|  0%| F|  |TAMS 0x0000000089100000, 0x0000000089100000| Untracked 
| 118|0x0000000089200000, 0x0000000089200000, 0x0000000089300000|  0%| F|  |TAMS 0x0000000089200000, 0x0000000089200000| Untracked 
| 119|0x0000000089300000, 0x0000000089300000, 0x0000000089400000|  0%| F|  |TAMS 0x0000000089300000, 0x0000000089300000| Untracked 
| 120|0x0000000089400000, 0x0000000089400000, 0x0000000089500000|  0%| F|  |TAMS 0x0000000089400000, 0x0000000089400000| Untracked 
| 121|0x0000000089500000, 0x0000000089500000, 0x0000000089600000|  0%| F|  |TAMS 0x0000000089500000, 0x0000000089500000| Untracked 
| 122|0x0000000089600000, 0x0000000089600000, 0x0000000089700000|  0%| F|  |TAMS 0x0000000089600000, 0x0000000089600000| Untracked 
| 123|0x0000000089700000, 0x0000000089700000, 0x0000000089800000|  0%| F|  |TAMS 0x0000000089700000, 0x0000000089700000| Untracked 
| 124|0x0000000089800000, 0x0000000089800000, 0x0000000089900000|  0%| F|  |TAMS 0x0000000089800000, 0x0000000089800000| Untracked 
| 125|0x0000000089900000, 0x0000000089900000, 0x0000000089a00000|  0%| F|  |TAMS 0x0000000089900000, 0x0000000089900000| Untracked 
| 126|0x0000000089a00000, 0x0000000089a00000, 0x0000000089b00000|  0%| F|  |TAMS 0x0000000089a00000, 0x0000000089a00000| Untracked 
| 127|0x0000000089b00000, 0x0000000089b00000, 0x0000000089c00000|  0%| F|  |TAMS 0x0000000089b00000, 0x0000000089b00000| Untracked 
| 128|0x0000000089c00000, 0x0000000089c00000, 0x0000000089d00000|  0%| F|  |TAMS 0x0000000089c00000, 0x0000000089c00000| Untracked 
| 129|0x0000000089d00000, 0x0000000089d00000, 0x0000000089e00000|  0%| F|  |TAMS 0x0000000089d00000, 0x0000000089d00000| Untracked 
| 130|0x0000000089e00000, 0x0000000089e00000, 0x0000000089f00000|  0%| F|  |TAMS 0x0000000089e00000, 0x0000000089e00000| Untracked 
| 131|0x0000000089f00000, 0x0000000089f00000, 0x000000008a000000|  0%| F|  |TAMS 0x0000000089f00000, 0x0000000089f00000| Untracked 
| 132|0x000000008a000000, 0x000000008a000000, 0x000000008a100000|  0%| F|  |TAMS 0x000000008a000000, 0x000000008a000000| Untracked 
| 133|0x000000008a100000, 0x000000008a100000, 0x000000008a200000|  0%| F|  |TAMS 0x000000008a100000, 0x000000008a100000| Untracked 
| 134|0x000000008a200000, 0x000000008a200000, 0x000000008a300000|  0%| F|  |TAMS 0x000000008a200000, 0x000000008a200000| Untracked 
| 135|0x000000008a300000, 0x000000008a300000, 0x000000008a400000|  0%| F|  |TAMS 0x000000008a300000, 0x000000008a300000| Untracked 
| 136|0x000000008a400000, 0x000000008a400000, 0x000000008a500000|  0%| F|  |TAMS 0x000000008a400000, 0x000000008a400000| Untracked 
| 137|0x000000008a500000, 0x000000008a500000, 0x000000008a600000|  0%| F|  |TAMS 0x000000008a500000, 0x000000008a500000| Untracked 
| 138|0x000000008a600000, 0x000000008a600000, 0x000000008a700000|  0%| F|  |TAMS 0x000000008a600000, 0x000000008a600000| Untracked 
| 139|0x000000008a700000, 0x000000008a700000, 0x000000008a800000|  0%| F|  |TAMS 0x000000008a700000, 0x000000008a700000| Untracked 
| 140|0x000000008a800000, 0x000000008a800000, 0x000000008a900000|  0%| F|  |TAMS 0x000000008a800000, 0x000000008a800000| Untracked 
| 141|0x000000008a900000, 0x000000008a900000, 0x000000008aa00000|  0%| F|  |TAMS 0x000000008a900000, 0x000000008a900000| Untracked 
| 142|0x000000008aa00000, 0x000000008aa00000, 0x000000008ab00000|  0%| F|  |TAMS 0x000000008aa00000, 0x000000008aa00000| Untracked 
| 143|0x000000008ab00000, 0x000000008ab00000, 0x000000008ac00000|  0%| F|  |TAMS 0x000000008ab00000, 0x000000008ab00000| Untracked 
| 144|0x000000008ac00000, 0x000000008ac00000, 0x000000008ad00000|  0%| F|  |TAMS 0x000000008ac00000, 0x000000008ac00000| Untracked 
| 145|0x000000008ad00000, 0x000000008ad00000, 0x000000008ae00000|  0%| F|  |TAMS 0x000000008ad00000, 0x000000008ad00000| Untracked 
| 146|0x000000008ae00000, 0x000000008ae00000, 0x000000008af00000|  0%| F|  |TAMS 0x000000008ae00000, 0x000000008ae00000| Untracked 
| 147|0x000000008af00000, 0x000000008af00000, 0x000000008b000000|  0%| F|  |TAMS 0x000000008af00000, 0x000000008af00000| Untracked 
| 148|0x000000008b000000, 0x000000008b000000, 0x000000008b100000|  0%| F|  |TAMS 0x000000008b000000, 0x000000008b000000| Untracked 
| 149|0x000000008b100000, 0x000000008b100000, 0x000000008b200000|  0%| F|  |TAMS 0x000000008b100000, 0x000000008b100000| Untracked 
| 150|0x000000008b200000, 0x000000008b200000, 0x000000008b300000|  0%| F|  |TAMS 0x000000008b200000, 0x000000008b200000| Untracked 
| 151|0x000000008b300000, 0x000000008b300000, 0x000000008b400000|  0%| F|  |TAMS 0x000000008b300000, 0x000000008b300000| Untracked 
| 152|0x000000008b400000, 0x000000008b400000, 0x000000008b500000|  0%| F|  |TAMS 0x000000008b400000, 0x000000008b400000| Untracked 
| 153|0x000000008b500000, 0x000000008b500000, 0x000000008b600000|  0%| F|  |TAMS 0x000000008b500000, 0x000000008b500000| Untracked 
| 154|0x000000008b600000, 0x000000008b600000, 0x000000008b700000|  0%| F|  |TAMS 0x000000008b600000, 0x000000008b600000| Untracked 
| 155|0x000000008b700000, 0x000000008b800000, 0x000000008b800000|100%| E|  |TAMS 0x000000008b700000, 0x000000008b700000| Complete 
| 156|0x000000008b800000, 0x000000008b900000, 0x000000008b900000|100%| E|CS|TAMS 0x000000008b800000, 0x000000008b800000| Complete 
| 157|0x000000008b900000, 0x000000008ba00000, 0x000000008ba00000|100%| E|CS|TAMS 0x000000008b900000, 0x000000008b900000| Complete 

Card table byte_map: [0x000001e0dfda0000,0x000001e0e01a0000] _byte_map_base: 0x000001e0df992000

Marking Bits (Prev, Next): (CMBitMap*) 0x000001e0cb0aa638, (CMBitMap*) 0x000001e0cb0aa670
 Prev Bits: [0x000001e0e05a0000, 0x000001e0e2530000)
 Next Bits: [0x000001e0e2530000, 0x000001e0e44c0000)

Polling page: 0x000001e0cae70000

Metaspace:

Usage:
  Non-class:     39.77 MB capacity,    39.47 MB (>99%) used,   231.56 KB ( <1%) free+waste,    68.19 KB ( <1%) overhead. 
      Class:      5.52 MB capacity,     5.32 MB ( 96%) used,   176.97 KB (  3%) free+waste,    30.13 KB ( <1%) overhead. 
       Both:     45.28 MB capacity,    44.79 MB ( 99%) used,   408.53 KB ( <1%) free+waste,    98.31 KB ( <1%) overhead. 

Virtual space:
  Non-class space:       40.00 MB reserved,      40.00 MB (100%) committed 
      Class space:        1.00 GB reserved,       5.63 MB ( <1%) committed 
             Both:        1.04 GB reserved,      45.63 MB (  4%) committed 

Chunk freelists:
   Non-Class:  48.00 KB
       Class:  13.00 KB
        Both:  61.00 KB

MaxMetaspaceSize: 17179869184.00 GB
CompressedClassSpaceSize: 1.00 GB

CodeHeap 'non-profiled nmethods': size=120064Kb used=1387Kb max_used=1387Kb free=118676Kb
 bounds [0x000001e0d7e30000, 0x000001e0d80a0000, 0x000001e0df370000]
CodeHeap 'profiled nmethods': size=120000Kb used=6951Kb max_used=6951Kb free=113048Kb
 bounds [0x000001e0d0900000, 0x000001e0d0fd0000, 0x000001e0d7e30000]
CodeHeap 'non-nmethods': size=5696Kb used=1186Kb max_used=1237Kb free=4509Kb
 bounds [0x000001e0d0370000, 0x000001e0d05e0000, 0x000001e0d0900000]
 total_blobs=3899 nmethods=3361 adapters=449
 compilation: enabled
              stopped_count=0, restarted_count=0
 full_count=0

Compilation events (20 events):
Event: 4.784 Thread 0x000001e0e6b2f000 3268       4       org.jetbrains.org.objectweb.asm.ClassReader::readInt (52 bytes)
Event: 4.784 Thread 0x000001e0e6b3a800 nmethod 3322 0x000001e0d0f83210 code [0x000001e0d0f833c0, 0x000001e0d0f83638]
Event: 4.785 Thread 0x000001e0e6b2f000 nmethod 3268 0x000001e0d7f85410 code [0x000001e0d7f855a0, 0x000001e0d7f85698]
Event: 4.785 Thread 0x000001e0e6b3a800 3323       3       org.jetbrains.kotlin.load.java.structure.impl.classFiles.BinaryJavaValueParameter::<init> (46 bytes)
Event: 4.785 Thread 0x000001e0e6b2f000 3270       4       java.util.zip.ZipUtils::CENTIM (9 bytes)
Event: 4.785 Thread 0x000001e0e6b3a800 nmethod 3323 0x000001e0d0f83710 code [0x000001e0d0f839c0, 0x000001e0d0f84748]
Event: 4.785 Thread 0x000001e0e6b3a800 3327       3       kotlin.collections.ArraysKt___ArraysKt::toCollection (49 bytes)
Event: 4.786 Thread 0x000001e0e6b2f000 nmethod 3270 0x000001e0d7f85790 code [0x000001e0d7f85920, 0x000001e0d7f859f8]
Event: 4.786 Thread 0x000001e0e6b2f000 3271       4       java.util.zip.ZipUtils::CENCRC (9 bytes)
Event: 4.786 Thread 0x000001e0e6b3a800 nmethod 3327 0x000001e0d0f84c90 code [0x000001e0d0f84f40, 0x000001e0d0f85ac8]
Event: 4.786 Thread 0x000001e0e6b3a800 3326       3       org.jetbrains.kotlin.load.java.structure.impl.classFiles.BinaryJavaClass::isEnum (8 bytes)
Event: 4.786 Thread 0x000001e0e6b3a800 nmethod 3326 0x000001e0d0f85f10 code [0x000001e0d0f860e0, 0x000001e0d0f863d8]
Event: 4.786 Thread 0x000001e0e6b3a800 3328       3       kotlin.collections.SetsKt__SetsKt::setOf (22 bytes)
Event: 4.786 Thread 0x000001e0e6b2f000 nmethod 3271 0x000001e0d7f85b10 code [0x000001e0d7f85ca0, 0x000001e0d7f85d78]
Event: 4.787 Thread 0x000001e0e6b2f000 3281       4       java.util.zip.ZipUtils::CENVEM_FA (8 bytes)
Event: 4.787 Thread 0x000001e0e6b3a800 nmethod 3328 0x000001e0d0f86510 code [0x000001e0d0f86760, 0x000001e0d0f86da8]
Event: 4.787 Thread 0x000001e0e6b3a800 3329       3       org.jetbrains.org.objectweb.asm.ClassReader::readMethod (1061 bytes)
Event: 4.787 Thread 0x000001e0e6b2f000 nmethod 3281 0x000001e0d7f85e90 code [0x000001e0d7f86020, 0x000001e0d7f86098]
Event: 4.787 Thread 0x000001e0e6b2f000 3282       4       java.util.zip.ZipUtils::CH (8 bytes)
Event: 4.787 Thread 0x000001e0e6b2f000 nmethod 3282 0x000001e0d7f86190 code [0x000001e0d7f86320, 0x000001e0d7f86398]

GC Heap History (10 events):
Event: 0.565 GC heap before
{Heap before GC invocations=0 (full 0):
 garbage-first heap   total 131072K, used 17408K [0x0000000081c00000, 0x0000000100000000)
  region size 1024K, 14 young (14336K), 0 survivors (0K)
 Metaspace       used 9812K, capacity 9938K, committed 10112K, reserved 1058816K
  class space    used 839K, capacity 885K, committed 896K, reserved 1048576K
}
Event: 0.570 GC heap after
{Heap after GC invocations=1 (full 0):
 garbage-first heap   total 131072K, used 5246K [0x0000000081c00000, 0x0000000100000000)
  region size 1024K, 2 young (2048K), 2 survivors (2048K)
 Metaspace       used 9812K, capacity 9938K, committed 10112K, reserved 1058816K
  class space    used 839K, capacity 885K, committed 896K, reserved 1048576K
}
Event: 1.676 GC heap before
{Heap before GC invocations=1 (full 0):
 garbage-first heap   total 131072K, used 49278K [0x0000000081c00000, 0x0000000100000000)
  region size 1024K, 46 young (47104K), 2 survivors (2048K)
 Metaspace       used 20760K, capacity 20990K, committed 21248K, reserved 1069056K
  class space    used 2199K, capacity 2280K, committed 2304K, reserved 1048576K
}
Event: 1.697 GC heap after
{Heap after GC invocations=2 (full 0):
 garbage-first heap   total 131072K, used 9011K [0x0000000081c00000, 0x0000000100000000)
  region size 1024K, 6 young (6144K), 6 survivors (6144K)
 Metaspace       used 20760K, capacity 20990K, committed 21248K, reserved 1069056K
  class space    used 2199K, capacity 2280K, committed 2304K, reserved 1048576K
}
Event: 3.005 GC heap before
{Heap before GC invocations=3 (full 0):
 garbage-first heap   total 131072K, used 60211K [0x0000000081c00000, 0x0000000100000000)
  region size 1024K, 51 young (52224K), 6 survivors (6144K)
 Metaspace       used 31839K, capacity 32310K, committed 32384K, reserved 1077248K
  class space    used 3988K, capacity 4150K, committed 4224K, reserved 1048576K
}
Event: 3.030 GC heap after
{Heap after GC invocations=4 (full 0):
 garbage-first heap   total 131072K, used 20156K [0x0000000081c00000, 0x0000000100000000)
  region size 1024K, 6 young (6144K), 6 survivors (6144K)
 Metaspace       used 31839K, capacity 32310K, committed 32384K, reserved 1077248K
  class space    used 3988K, capacity 4150K, committed 4224K, reserved 1048576K
}
Event: 3.375 GC heap before
{Heap before GC invocations=4 (full 0):
 garbage-first heap   total 131072K, used 33468K [0x0000000081c00000, 0x0000000100000000)
  region size 1024K, 20 young (20480K), 6 survivors (6144K)
 Metaspace       used 35046K, capacity 35425K, committed 35584K, reserved 1081344K
  class space    used 4342K, capacity 4506K, committed 4608K, reserved 1048576K
}
Event: 3.389 GC heap after
{Heap after GC invocations=5 (full 0):
 garbage-first heap   total 131072K, used 21964K [0x0000000081c00000, 0x0000000100000000)
  region size 1024K, 2 young (2048K), 2 survivors (2048K)
 Metaspace       used 35046K, capacity 35425K, committed 35584K, reserved 1081344K
  class space    used 4342K, capacity 4506K, committed 4608K, reserved 1048576K
}
Event: 4.760 GC heap before
{Heap before GC invocations=6 (full 0):
 garbage-first heap   total 131072K, used 70092K [0x0000000081c00000, 0x0000000100000000)
  region size 1024K, 49 young (50176K), 2 survivors (2048K)
 Metaspace       used 45658K, capacity 46179K, committed 46464K, reserved 1089536K
  class space    used 5437K, capacity 5651K, committed 5760K, reserved 1048576K
}
Event: 4.768 GC heap after
{Heap after GC invocations=7 (full 0):
 garbage-first heap   total 161792K, used 25654K [0x0000000081c00000, 0x0000000100000000)
  region size 1024K, 6 young (6144K), 6 survivors (6144K)
 Metaspace       used 45658K, capacity 46179K, committed 46464K, reserved 1089536K
  class space    used 5437K, capacity 5651K, committed 5760K, reserved 1048576K
}

Deoptimization events (20 events):
Event: 4.556 Thread 0x000001e0cb06b800 Uncommon trap: trap_request=0xffffffc6 fr.pc=0x000001e0d7efb39c relative=0x00000000000013fc
Event: 4.556 Thread 0x000001e0cb06b800 Uncommon trap: reason=bimorphic_or_optimized_type_check action=maybe_recompile pc=0x000001e0d7efb39c method=java.util.zip.ZipFile.getZipEntry(Ljava/lang/String;[BILjava/util/function/Function;)Ljava/util/zip/ZipEntry; @ 108 c2
Event: 4.556 Thread 0x000001e0cb06b800 DEOPT PACKING pc=0x000001e0d7efb39c sp=0x0000003d3a0fbbb0
Event: 4.556 Thread 0x000001e0cb06b800 DEOPT UNPACKING pc=0x000001e0d039662f sp=0x0000003d3a0fbb68 mode 2
Event: 4.650 Thread 0x000001e0cb06b800 Uncommon trap: trap_request=0xffffffc6 fr.pc=0x000001e0d7efb39c relative=0x00000000000013fc
Event: 4.650 Thread 0x000001e0cb06b800 Uncommon trap: reason=bimorphic_or_optimized_type_check action=maybe_recompile pc=0x000001e0d7efb39c method=java.util.zip.ZipFile.getZipEntry(Ljava/lang/String;[BILjava/util/function/Function;)Ljava/util/zip/ZipEntry; @ 108 c2
Event: 4.650 Thread 0x000001e0cb06b800 DEOPT PACKING pc=0x000001e0d7efb39c sp=0x0000003d3a0fc380
Event: 4.650 Thread 0x000001e0cb06b800 DEOPT UNPACKING pc=0x000001e0d039662f sp=0x0000003d3a0fc338 mode 2
Event: 4.658 Thread 0x000001e0cb06b800 Uncommon trap: trap_request=0xffffffc6 fr.pc=0x000001e0d7efb39c relative=0x00000000000013fc
Event: 4.658 Thread 0x000001e0cb06b800 Uncommon trap: reason=bimorphic_or_optimized_type_check action=maybe_recompile pc=0x000001e0d7efb39c method=java.util.zip.ZipFile.getZipEntry(Ljava/lang/String;[BILjava/util/function/Function;)Ljava/util/zip/ZipEntry; @ 108 c2
Event: 4.658 Thread 0x000001e0cb06b800 DEOPT PACKING pc=0x000001e0d7efb39c sp=0x0000003d3a0fbe10
Event: 4.658 Thread 0x000001e0cb06b800 DEOPT UNPACKING pc=0x000001e0d039662f sp=0x0000003d3a0fbdc8 mode 2
Event: 4.728 Thread 0x000001e0cb06b800 Uncommon trap: trap_request=0xffffffc6 fr.pc=0x000001e0d7efb39c relative=0x00000000000013fc
Event: 4.728 Thread 0x000001e0cb06b800 Uncommon trap: reason=bimorphic_or_optimized_type_check action=maybe_recompile pc=0x000001e0d7efb39c method=java.util.zip.ZipFile.getZipEntry(Ljava/lang/String;[BILjava/util/function/Function;)Ljava/util/zip/ZipEntry; @ 108 c2
Event: 4.728 Thread 0x000001e0cb06b800 DEOPT PACKING pc=0x000001e0d7efb39c sp=0x0000003d3a0fc380
Event: 4.728 Thread 0x000001e0cb06b800 DEOPT UNPACKING pc=0x000001e0d039662f sp=0x0000003d3a0fc338 mode 2
Event: 4.731 Thread 0x000001e0cb06b800 Uncommon trap: trap_request=0xffffff4d fr.pc=0x000001e0d7f7ac00 relative=0x00000000000000c0
Event: 4.731 Thread 0x000001e0cb06b800 Uncommon trap: reason=unstable_if action=reinterpret pc=0x000001e0d7f7ac00 method=java.text.StringCharacterIterator.current()C @ 19 c2
Event: 4.731 Thread 0x000001e0cb06b800 DEOPT PACKING pc=0x000001e0d7f7ac00 sp=0x0000003d3a0fc010
Event: 4.731 Thread 0x000001e0cb06b800 DEOPT UNPACKING pc=0x000001e0d039662f sp=0x0000003d3a0fbfa8 mode 2

Classes redefined (0 events):
No events

Internal exceptions (20 events):
Event: 2.021 Thread 0x000001e0cb06b800 Exception <a 'java/lang/NoSuchMethodError'{0x0000000088e544c8}: 'java.lang.Object java.lang.invoke.DirectMethodHandle$Holder.invokeStatic(java.lang.Object, java.lang.Object, java.lang.Object, java.lang.Object, java.lang.Object, java.lang.Object, java.lang.Object, java.lang.Object, java.lang.Object, java.lang.Object, java.lang.Object, java.lang.Object, java.lang.Object, java.lang.Object, java.lang.Object)'> (0x0000000088e544c8) thrown at [./src/hotspot/share/interpreter/linkResolver.cpp, line 773]
Event: 2.022 Thread 0x000001e0cb06b800 Exception <a 'java/lang/NoSuchMethodError'{0x0000000088e624d0}: 'java.lang.Object java.lang.invoke.DirectMethodHandle$Holder.invokeStatic(java.lang.Object, java.lang.Object, java.lang.Object, java.lang.Object, java.lang.Object, java.lang.Object, java.lang.Object, java.lang.Object, java.lang.Object, java.lang.Object, java.lang.Object, java.lang.Object, java.lang.Object, java.lang.Object, java.lang.Object, java.lang.Object)'> (0x0000000088e624d0) thrown at [./src/hotspot/share/interpreter/linkResolver.cpp, l
Event: 2.023 Thread 0x000001e0cb06b800 Exception <a 'java/lang/NoSuchMethodError'{0x0000000088e703e8}: 'java.lang.Object java.lang.invoke.DirectMethodHandle$Holder.invokeSpecial(java.lang.Object, java.lang.Object, int, int, java.lang.Object, java.lang.Object, java.lang.Object)'> (0x0000000088e703e8) thrown at [./src/hotspot/share/interpreter/linkResolver.cpp, line 773]
Event: 2.023 Thread 0x000001e0cb06b800 Exception <a 'java/lang/NoSuchMethodError'{0x0000000088e73c20}: 'java.lang.Object java.lang.invoke.DelegatingMethodHandle$Holder.reinvoke_L(java.lang.Object, int, int, java.lang.Object, java.lang.Object, java.lang.Object)'> (0x0000000088e73c20) thrown at [./src/hotspot/share/interpreter/linkResolver.cpp, line 773]
Event: 2.024 Thread 0x000001e0cb06b800 Exception <a 'java/lang/NoSuchMethodError'{0x0000000088e77fa8}: 'java.lang.Object java.lang.invoke.DirectMethodHandle$Holder.invokeStatic(java.lang.Object, java.lang.Object, java.lang.Object, java.lang.Object, int)'> (0x0000000088e77fa8) thrown at [./src/hotspot/share/interpreter/linkResolver.cpp, line 773]
Event: 2.078 Thread 0x000001e0cb06b800 Exception <a 'sun/nio/fs/WindowsException'{0x0000000088db8230}> (0x0000000088db8230) thrown at [./src/hotspot/share/prims/jni.cpp, line 615]
Event: 2.078 Thread 0x000001e0cb06b800 Exception <a 'sun/nio/fs/WindowsException'{0x0000000088db8aa8}> (0x0000000088db8aa8) thrown at [./src/hotspot/share/prims/jni.cpp, line 615]
Event: 2.079 Thread 0x000001e0cb06b800 Exception <a 'sun/nio/fs/WindowsException'{0x0000000088db9330}> (0x0000000088db9330) thrown at [./src/hotspot/share/prims/jni.cpp, line 615]
Event: 2.079 Thread 0x000001e0cb06b800 Exception <a 'sun/nio/fs/WindowsException'{0x0000000088db9d28}> (0x0000000088db9d28) thrown at [./src/hotspot/share/prims/jni.cpp, line 615]
Event: 2.079 Thread 0x000001e0cb06b800 Exception <a 'sun/nio/fs/WindowsException'{0x0000000088dba630}> (0x0000000088dba630) thrown at [./src/hotspot/share/prims/jni.cpp, line 615]
Event: 2.079 Thread 0x000001e0cb06b800 Exception <a 'sun/nio/fs/WindowsException'{0x0000000088dbaf68}> (0x0000000088dbaf68) thrown at [./src/hotspot/share/prims/jni.cpp, line 615]
Event: 2.081 Thread 0x000001e0cb06b800 Exception <a 'java/lang/NoSuchMethodError'{0x0000000088dc1778}: 'void java.lang.invoke.DirectMethodHandle$Holder.invokeStatic(java.lang.Object, java.lang.Object, java.lang.Object, java.lang.Object)'> (0x0000000088dc1778) thrown at [./src/hotspot/share/interpreter/linkResolver.cpp, line 773]
Event: 2.179 Thread 0x000001e0cb06b800 Exception <a 'java/lang/NoSuchMethodError'{0x00000000889a17b8}: 'void java.lang.invoke.DirectMethodHandle$Holder.invokeStaticInit(java.lang.Object, java.lang.Object)'> (0x00000000889a17b8) thrown at [./src/hotspot/share/interpreter/linkResolver.cpp, line 773]
Event: 2.322 Thread 0x000001e0cb06b800 Exception <a 'java/lang/NoSuchMethodError'{0x00000000885c0a20}: 'void java.lang.invoke.DirectMethodHandle$Holder.invokeVirtual(java.lang.Object, java.lang.Object)'> (0x00000000885c0a20) thrown at [./src/hotspot/share/interpreter/linkResolver.cpp, line 773]
Event: 2.338 Thread 0x000001e0cb06b800 Exception <a 'java/lang/NoSuchMethodError'{0x0000000088432760}: 'int java.lang.invoke.DirectMethodHandle$Holder.invokeVirtual(java.lang.Object, java.lang.Object)'> (0x0000000088432760) thrown at [./src/hotspot/share/interpreter/linkResolver.cpp, line 773]
Event: 3.289 Thread 0x000001e0cb06b800 Exception <a 'java/lang/NoSuchMethodError'{0x0000000089153228}: 'java.lang.Object java.lang.invoke.DirectMethodHandle$Holder.invokeVirtual(java.lang.Object, java.lang.Object, java.lang.Object)'> (0x0000000089153228) thrown at [./src/hotspot/share/interpreter/linkResolver.cpp, line 773]
Event: 4.114 Thread 0x000001e0cb06b800 Exception <a 'java/lang/NoSuchMethodError'{0x00000000878bbf38}: 'java.lang.Object java.lang.invoke.Invokers$Holder.linkToTargetMethod(java.lang.Object, int, java.lang.Object)'> (0x00000000878bbf38) thrown at [./src/hotspot/share/interpreter/linkResolver.cpp, line 773]
Event: 4.317 Thread 0x000001e0cb06b800 Exception <a 'java/lang/NoSuchMethodError'{0x0000000087408b90}: 'java.lang.Object java.lang.invoke.DirectMethodHandle$Holder.invokeStatic(java.lang.Object, java.lang.Object, java.lang.Object, int)'> (0x0000000087408b90) thrown at [./src/hotspot/share/interpreter/linkResolver.cpp, line 773]
Event: 4.317 Thread 0x000001e0cb06b800 Exception <a 'java/lang/NoSuchMethodError'{0x000000008740c800}: 'java.lang.Object java.lang.invoke.DirectMethodHandle$Holder.invokeSpecial(java.lang.Object, java.lang.Object, java.lang.Object, java.lang.Object, int)'> (0x000000008740c800) thrown at [./src/hotspot/share/interpreter/linkResolver.cpp, line 773]
Event: 4.317 Thread 0x000001e0cb06b800 Exception <a 'java/lang/NoSuchMethodError'{0x000000008740fb10}: 'java.lang.Object java.lang.invoke.Invokers$Holder.linkToTargetMethod(java.lang.Object, java.lang.Object, int, java.lang.Object)'> (0x000000008740fb10) thrown at [./src/hotspot/share/interpreter/linkResolver.cpp, line 773]

Events (20 events):
Event: 4.731 loading class org/jetbrains/kotlin/load/java/structure/impl/classFiles/BinaryClassSignatureParser$JavaSignatureVariance
Event: 4.731 loading class org/jetbrains/kotlin/load/java/structure/impl/classFiles/BinaryClassSignatureParser$JavaSignatureVariance done
Event: 4.732 loading class org/jetbrains/kotlin/load/java/structure/impl/classFiles/PlainJavaWildcardType
Event: 4.732 loading class org/jetbrains/kotlin/load/java/structure/impl/classFiles/PlainJavaWildcardType done
Event: 4.732 loading class org/jetbrains/kotlin/load/java/structure/JavaWildcardType
Event: 4.732 loading class org/jetbrains/kotlin/load/java/structure/JavaWildcardType done
Event: 4.735 loading class gnu/trove/THashMap$KeyView
Event: 4.735 loading class gnu/trove/THashMap$KeyView done
Event: 4.736 loading class gnu/trove/THashMap$MapBackedView
Event: 4.736 loading class gnu/trove/THashMap$MapBackedView done
Event: 4.756 loading class javaslang/control/Option$None
Event: 4.756 loading class javaslang/control/Option$None done
Event: 4.760 Executing VM operation: G1CollectForAllocation
Event: 4.768 Executing VM operation: G1CollectForAllocation done
Event: 4.779 loading class org/jetbrains/kotlin/utils/SmartList$SingletonIterator
Event: 4.779 loading class org/jetbrains/kotlin/utils/SmartList$SingletonIterator done
Event: 4.780 loading class org/jetbrains/kotlin/utils/SmartList$SingletonIteratorBase
Event: 4.780 loading class org/jetbrains/kotlin/utils/SmartList$SingletonIteratorBase done
Event: 4.784 loading class org/jetbrains/kotlin/load/java/structure/impl/classFiles/BinaryJavaClass$WhenMappings
Event: 4.784 loading class org/jetbrains/kotlin/load/java/structure/impl/classFiles/BinaryJavaClass$WhenMappings done


Dynamic libraries:
0x00007ff71be80000 - 0x00007ff71be8a000 	C:\Program Files\Android\Android Studio\jre\bin\java.exe
0x00007ff9ac970000 - 0x00007ff9acb65000 	C:\WINDOWS\SYSTEM32\ntdll.dll
0x00007ff9aaf50000 - 0x00007ff9ab00e000 	C:\WINDOWS\System32\KERNEL32.DLL
0x00007ff9aa280000 - 0x00007ff9aa548000 	C:\WINDOWS\System32\KERNELBASE.dll
0x00007ff9aa700000 - 0x00007ff9aa800000 	C:\WINDOWS\System32\ucrtbase.dll
0x00007ff979860000 - 0x00007ff979879000 	C:\Program Files\Android\Android Studio\jre\bin\jli.dll
0x00007ff97fc90000 - 0x00007ff97fca7000 	C:\Program Files\Android\Android Studio\jre\bin\VCRUNTIME140.dll
0x00007ff9aab60000 - 0x00007ff9aad00000 	C:\WINDOWS\System32\USER32.dll
0x00007ff9aa110000 - 0x00007ff9aa132000 	C:\WINDOWS\System32\win32u.dll
0x00007ff9ab170000 - 0x00007ff9ab19b000 	C:\WINDOWS\System32\GDI32.dll
0x00007ff99ab40000 - 0x00007ff99adda000 	C:\WINDOWS\WinSxS\amd64_microsoft.windows.common-controls_6595b64144ccf1df_6.0.19041.1110_none_60b5254171f9507e\COMCTL32.dll
0x00007ff9aa550000 - 0x00007ff9aa65b000 	C:\WINDOWS\System32\gdi32full.dll
0x00007ff9ab270000 - 0x00007ff9ab30e000 	C:\WINDOWS\System32\msvcrt.dll
0x00007ff9aa660000 - 0x00007ff9aa6fd000 	C:\WINDOWS\System32\msvcp_win.dll
0x00007ff9abe60000 - 0x00007ff9abe90000 	C:\WINDOWS\System32\IMM32.DLL
0x00007ff95ed60000 - 0x00007ff95edfd000 	C:\Program Files\Android\Android Studio\jre\bin\msvcp140.dll
0x00007ff9583c0000 - 0x00007ff958e95000 	C:\Program Files\Android\Android Studio\jre\bin\server\jvm.dll
0x00007ff9ab0c0000 - 0x00007ff9ab16e000 	C:\WINDOWS\System32\ADVAPI32.dll
0x00007ff9ac010000 - 0x00007ff9ac0ac000 	C:\WINDOWS\System32\sechost.dll
0x00007ff9aad00000 - 0x00007ff9aae25000 	C:\WINDOWS\System32\RPCRT4.dll
0x00007ff9ab680000 - 0x00007ff9ab688000 	C:\WINDOWS\System32\PSAPI.DLL
0x00007ff99a6e0000 - 0x00007ff99a6e9000 	C:\WINDOWS\SYSTEM32\WSOCK32.dll
0x00007ff9abe90000 - 0x00007ff9abefb000 	C:\WINDOWS\System32\WS2_32.dll
0x00007ff99b820000 - 0x00007ff99b847000 	C:\WINDOWS\SYSTEM32\WINMM.dll
0x00007ff9a51f0000 - 0x00007ff9a51fa000 	C:\WINDOWS\SYSTEM32\VERSION.dll
0x00007ff9a7f60000 - 0x00007ff9a7f72000 	C:\WINDOWS\SYSTEM32\kernel.appcore.dll
0x00007ff9a59c0000 - 0x00007ff9a59d1000 	C:\Program Files\Android\Android Studio\jre\bin\verify.dll
0x00007ff9a0d10000 - 0x00007ff9a0ef4000 	C:\WINDOWS\SYSTEM32\DBGHELP.DLL
0x00007ff9a0cb0000 - 0x00007ff9a0cdc000 	C:\WINDOWS\SYSTEM32\dbgcore.DLL
0x00007ff9aa1f0000 - 0x00007ff9aa272000 	C:\WINDOWS\System32\bcryptPrimitives.dll
0x00007ff9a37b0000 - 0x00007ff9a37d9000 	C:\Program Files\Android\Android Studio\jre\bin\java.dll
0x00007ff9a5bd0000 - 0x00007ff9a5bdb000 	C:\Program Files\Android\Android Studio\jre\bin\jimage.dll
0x00007ff99ef80000 - 0x00007ff99ef98000 	C:\Program Files\Android\Android Studio\jre\bin\zip.dll
0x00007ff9ab710000 - 0x00007ff9abe54000 	C:\WINDOWS\System32\SHELL32.dll
0x00007ff9a8160000 - 0x00007ff9a88f4000 	C:\WINDOWS\SYSTEM32\windows.storage.dll
0x00007ff9ab320000 - 0x00007ff9ab674000 	C:\WINDOWS\System32\combase.dll
0x00007ff9a9a10000 - 0x00007ff9a9a3c000 	C:\WINDOWS\SYSTEM32\Wldp.dll
0x00007ff9ab010000 - 0x00007ff9ab0bd000 	C:\WINDOWS\System32\SHCORE.dll
0x00007ff9abfb0000 - 0x00007ff9ac005000 	C:\WINDOWS\System32\shlwapi.dll
0x00007ff9a9fd0000 - 0x00007ff9a9fef000 	C:\WINDOWS\SYSTEM32\profapi.dll
0x00007ff99bc50000 - 0x00007ff99bc6a000 	C:\Program Files\Android\Android Studio\jre\bin\net.dll
0x00007ff9a3cd0000 - 0x00007ff9a3dd9000 	C:\WINDOWS\SYSTEM32\WINHTTP.dll
0x00007ff9a97f0000 - 0x00007ff9a985a000 	C:\WINDOWS\system32\mswsock.dll
0x00007ff992360000 - 0x00007ff992374000 	C:\Program Files\Android\Android Studio\jre\bin\nio.dll

dbghelp: loaded successfully - version: 4.0.5 - missing functions: none
symbol engine: initialized successfully - sym options: 0x614 - pdb path: .;C:\Program Files\Android\Android Studio\jre\bin;C:\WINDOWS\SYSTEM32;C:\WINDOWS\WinSxS\amd64_microsoft.windows.common-controls_6595b64144ccf1df_6.0.19041.1110_none_60b5254171f9507e;C:\Program Files\Android\Android Studio\jre\bin\server

VM Arguments:
java_command: org.jetbrains.kotlin.cli.jvm.K2JVMCompiler @D:\Kotlin\BT\Tuan2\week2exercise\app\build\20220318_10441885558115816660.compiler.options
java_class_path (initial): C:\Users\Thinh\.gradle\caches\modules-2\files-2.1\org.jetbrains.kotlin\kotlin-compiler-embeddable\1.6.10\88f2073f4020cdb83132cfe940ceb9a60aba54ea\kotlin-compiler-embeddable-1.6.10.jar;C:\Users\Thinh\.gradle\caches\modules-2\files-2.1\org.jetbrains.kotlin\kotlin-reflect\1.6.10\1cbe9c92c12a94eea200d23c2bbaedaf3daf5132\kotlin-reflect-1.6.10.jar;C:\Users\Thinh\.gradle\caches\modules-2\files-2.1\org.jetbrains.kotlin\kotlin-stdlib\1.6.10\b8af3fe6f1ca88526914929add63cf5e7c5049af\kotlin-stdlib-1.6.10.jar;C:\Users\Thinh\.gradle\caches\modules-2\files-2.1\org.jetbrains.kotlin\kotlin-script-runtime\1.6.10\d0a7ff2e2500ef497ed0214ae40ad3c8387a6164\kotlin-script-runtime-1.6.10.jar;C:\Users\Thinh\.gradle\caches\modules-2\files-2.1\org.jetbrains.kotlin\kotlin-daemon-embeddable\1.6.10\a56d79bcbea411fa6058e4ecffc2de73e742bd2a\kotlin-daemon-embeddable-1.6.10.jar;C:\Users\Thinh\.gradle\caches\modules-2\files-2.1\org.jetbrains.intellij.deps\trove4j\1.0.20181211\216c2e14b070f334479d800987affe4054cd563f\trove4j-1.0.20181211.jar;C:\Users\Thinh\.gradle\caches\modules-2\files-2.1\net.java.dev.jna\jna\5.6.0\330f2244e9030119ab3030fc3fededc86713d9cc\jna-5.6.0.jar;C:\Users\Thinh\.gradle\caches\modules-2\files-2.1\org.jetbrains\annotations\13.0\919f0dfe192fb4e063e7dacadee7f8bb9a2672a9\annotations-13.0.jar;C:\Users\Thinh\.gradle\caches\modules-2\files-2.1\org.jetbrains.kotlin\kotlin-stdlib-common\1.6.10\c118700e3a33c8a0d9adc920e9dec0831171925\kotlin-stdlib-common-1.6.10.jar
Launcher Type: SUN_STANDARD

[Global flags]
     intx CICompilerCount                          = 3                                         {product} {ergonomic}
     uint ConcGCThreads                            = 1                                         {product} {ergonomic}
     uint G1ConcRefinementThreads                  = 4                                         {product} {ergonomic}
   size_t G1HeapRegionSize                         = 1048576                                   {product} {ergonomic}
    uintx GCDrainStackTargetSize                   = 64                                        {product} {ergonomic}
   size_t InitialHeapSize                          = 134217728                                 {product} {ergonomic}
   size_t MarkStackSize                            = 4194304                                   {product} {ergonomic}
   size_t MaxHeapSize                              = 2118123520                                {product} {ergonomic}
   size_t MaxNewSize                               = 1270874112                                {product} {ergonomic}
   size_t MinHeapDeltaBytes                        = 1048576                                   {product} {ergonomic}
    uintx NonNMethodCodeHeapSize                   = 5830732                                {pd product} {ergonomic}
    uintx NonProfiledCodeHeapSize                  = 122913754                              {pd product} {ergonomic}
    uintx ProfiledCodeHeapSize                     = 122913754                              {pd product} {ergonomic}
    uintx ReservedCodeCacheSize                    = 251658240                              {pd product} {ergonomic}
     bool SegmentedCodeCache                       = true                                      {product} {ergonomic}
     bool UseCompressedClassPointers               = true                                 {lp64_product} {ergonomic}
     bool UseCompressedOops                        = true                                 {lp64_product} {ergonomic}
     bool UseG1GC                                  = true                                      {product} {ergonomic}
     bool UseLargePagesIndividualAllocation        = false                                  {pd product} {ergonomic}

Logging:
Log output configuration:
 #0: stdout all=warning uptime,level,tags
 #1: stderr all=off uptime,level,tags

Environment Variables:
JAVA_HOME=C:\Users\Thinh\Desktop\DoAn\jdk-17_windows-x64_bin\jdk-17
PATH=C:\Program Files\Common Files\Oracle\Java\javapath;D:\DATA\Program\WINDOWS.X64_193000_db_home\bin;C:\WINDOWS\system32;C:\WINDOWS;C:\WINDOWS\System32\Wbem;C:\WINDOWS\System32\WindowsPowerShell\v1.0\;C:\WINDOWS\System32\OpenSSH\;C:\Program Files\Git\cmd;C:\Program Files (x86)\NVIDIA Corporation\PhysX\Common;C:\Program Files\NVIDIA Corporation\NVIDIA NvDLISR;C:\Program Files\MySQL\MySQL Shell 8.0\bin\;D:\DATA\Program\WINDOWS.X64_193000_db_home\bin;C:\WINDOWS\system32;C:\WINDOWS;C:\WINDOWS\System32\Wbem;C:\WINDOWS\System32\WindowsPowerShell\v1.0\;C:\WINDOWS\System32\OpenSSH\;C:\Users\Thinh\AppData\Local\Programs\Python\Python39\Scripts\;C:\Users\Thinh\AppData\Local\Programs\Python\Python39\;C:\Users\Thinh\AppData\Local\Microsoft\WindowsApps;C:\Python37\Scripts;C:\Program Files\Multipass\bin;C:\modeltech64_2020.4\win64;C:\Users\Thinh\Desktop\DoAn\jdk-17_windows-x64_bin\jdk-17\bin;C:\Users\Thinh\Desktop\DoAn\apache-maven-3.8.3-bin\apache-maven-3.8.3\bin;C:\Users\Thinh\AppData\Local\Programs\Microsoft VS Code\bin;C:\Program Files\heroku\bin
USERNAME=Thinh
OS=Windows_NT
PROCESSOR_IDENTIFIER=Intel64 Family 6 Model 158 Stepping 9, GenuineIntel



---------------  S Y S T E M  ---------------

OS: Windows 10 , 64 bit Build 19041 (10.0.19041.1566)
OS uptime: 5 days 13:45 hours
Hyper-V role detected

CPU:total 4 (initial active 4) (4 cores per cpu, 1 threads per core) family 6 model 158 stepping 9 microcode 0xb4, cmov, cx8, fxsr, mmx, sse, sse2, sse3, ssse3, sse4.1, sse4.2, popcnt, avx, avx2, aes, clmul, erms, 3dnowpref, lzcnt, tsc, tscinvbit, bmi1, bmi2, adx, fma

Memory: 4k page, system-wide physical 8075M (450M free)
TotalPageFile size 16075M (AvailPageFile size 6M)
current process WorkingSet (physical memory assigned to process): 229M, peak: 229M
current process commit charge ("private bytes"): 338M, peak: 340M

vm_info: OpenJDK 64-Bit Server VM (11.0.11+9-b60-7590822) for windows-amd64 JRE (11.0.11+9-b60-7590822), built on Jul 29 2021 21:43:44 by "builder" with MS VC++ 14.0 (VS2015)

END.
